[device] torch.mps_available=True torch.cuda_available=False sb3_device=mps
Evaluating model: runs/20260220_172442/ppo_greennet.zip
[model] path=/Users/oltazagraxha/Desktop/GreenNet/runs/20260220_172442/ppo_greennet.zip size_bytes=223726 size_mb=0.213 mtime_utc=2026-02-20T17:30:51.863334+00:00
[env_config] Loaded from runs/20260220_172442/env_config.json (keys=['base_capacity', 'base_latency_ms', 'blocked_action_penalty', 'calm_toggle_multiplier_off', 'debug_logs', 'decision_interval_steps', 'demand_max', 'demand_min', 'demand_norm_scale', 'directed', 'disable_off_actions', 'drop_penalty_lambda', 'edge_prob', 'enable_forecasting', 'energy_weight', 'flows_per_step', 'forecast_alpha', 'forecast_horizon_steps', 'global_toggle_cooldown_steps', 'initial_off_edges', 'initial_off_seed', 'max_emergency_on_toggles_per_episode', 'max_off_toggles_per_episode', 'max_steps', 'max_total_toggles_per_episode', 'max_util_off_allow_threshold', 'node_count', 'noop_bonus', 'normalize_drop', 'off_calm_steps_required', 'off_start_guard_decision_steps', 'off_toggle_penalty_scale', 'qos_guard_margin', 'qos_guard_margin_off', 'qos_guard_margin_on', 'qos_guard_penalty_scale', 'qos_min_volume', 'qos_target_norm_drop', 'qos_toggle_discount_on', 'qos_violation_penalty_scale', 'revert_penalty_scale', 'saturation_util_threshold', 'toggle_apply_penalty', 'toggle_attempt_penalty', 'toggle_cooldown_steps', 'toggle_off_penalty_scale', 'toggle_on_penalty_scale', 'toggle_penalty', 'top_k_edge_utils', 'topology_randomize', 'topology_seed', 'topology_seeds', 'traffic_avg_bursts_per_step', 'traffic_duration_range', 'traffic_elephant_size_range', 'traffic_hotspots', 'traffic_mice_size_range', 'traffic_model', 'traffic_p_elephant', 'traffic_scenario', 'traffic_scenario_duration', 'traffic_scenario_frequency', 'traffic_scenario_intensity', 'traffic_scenario_version', 'traffic_seed', 'traffic_spike_duration_range', 'traffic_spike_multiplier_range', 'traffic_spike_prob', 'util_block_threshold', 'util_unblock_threshold'])
[eval] using env_config keys: ['base_capacity', 'base_latency_ms', 'blocked_action_penalty', 'calm_toggle_multiplier_off', 'debug_logs', 'decision_interval_steps', 'demand_max', 'demand_min', 'demand_norm_scale', 'directed', 'disable_off_actions', 'drop_penalty_lambda', 'edge_prob', 'enable_forecasting', 'energy_weight', 'flows_per_step', 'forecast_alpha', 'forecast_horizon_steps', 'global_toggle_cooldown_steps', 'initial_off_edges', 'initial_off_seed', 'max_emergency_on_toggles_per_episode', 'max_off_toggles_per_episode', 'max_steps', 'max_total_toggles_per_episode', 'max_util_off_allow_threshold', 'node_count', 'noop_bonus', 'normalize_drop', 'off_calm_steps_required', 'off_start_guard_decision_steps', 'off_toggle_penalty_scale', 'qos_guard_margin', 'qos_guard_margin_off', 'qos_guard_margin_on', 'qos_guard_penalty_scale', 'qos_min_volume', 'qos_target_norm_drop', 'qos_toggle_discount_on', 'qos_violation_penalty_scale', 'revert_penalty_scale', 'saturation_util_threshold', 'toggle_apply_penalty', 'toggle_attempt_penalty', 'toggle_cooldown_steps', 'toggle_off_penalty_scale', 'toggle_on_penalty_scale', 'toggle_penalty', 'top_k_edge_utils', 'topology_randomize', 'topology_seed', 'topology_seeds', 'traffic_avg_bursts_per_step', 'traffic_duration_range', 'traffic_elephant_size_range', 'traffic_hotspots', 'traffic_mice_size_range', 'traffic_model', 'traffic_p_elephant', 'traffic_scenario', 'traffic_scenario_duration', 'traffic_scenario_frequency', 'traffic_scenario_intensity', 'traffic_scenario_version', 'traffic_seed', 'traffic_spike_duration_range', 'traffic_spike_multiplier_range', 'traffic_spike_prob', 'util_block_threshold', 'util_unblock_threshold']
EVAL MODE: disable_off_actions=False initial_off_edges=4 max_total_toggles=4 traffic_scenario=burst toggle_on_penalty_scale=0.300000 toggle_off_penalty_scale=0.200000 energy_weight=2400.000000 eval_max_on_edges=15
SUMMARY TOLERANCES (CUSTOM): reward>=-0.500 dropped<=+1.000 |energy|<=0.020000
EVAL TRACK: CUSTOM (initial_off_edges=4, max_total_toggles=4)
[eval] loaded train_config keys: ['env', 'eval_seed', 'ppo', 'seed', 'topology_seed', 'total_timesteps', 'traffic_seed', 'train_seed']
[device] loaded MaskablePPO on: mps:0
[mask reasons ep1 step=10] {'interval': 0, 'sim_none_or_no_edges': 0, 'invalid_index': 0, 'missing_edge': 0, 'bridge': 0, 'global_cd': 0, 'off_disabled': 0, 'off_start_guard': 0, 'off_cap': 0, 'off_all_on_calm': 0, 'off_calm_streak': 14, 'demand_gate': 0, 'qos_guard': 0, 'off_stress_gate': 0, 'util_gate': 0, 'edge_cooldown': 0, 'total_cap': 0, 'on_disabled_by_interval': 0, 'on_disabled_by_missing_edge': 0, 'on_disabled_by_invalid_index': 0, 'on_disabled_by_edge_cooldown': 0, 'on_disabled_by_global_cd': 0, 'on_disabled_by_qos_gate': 0, 'on_disabled_by_sim_none_or_no_edges': 0}
[mask reasons ep1 step=20] {'interval': 0, 'sim_none_or_no_edges': 0, 'invalid_index': 0, 'missing_edge': 0, 'bridge': 0, 'global_cd': 0, 'off_disabled': 0, 'off_start_guard': 0, 'off_cap': 0, 'off_all_on_calm': 0, 'off_calm_streak': 15, 'demand_gate': 0, 'qos_guard': 0, 'off_stress_gate': 0, 'util_gate': 0, 'edge_cooldown': 0, 'total_cap': 0, 'on_disabled_by_interval': 0, 'on_disabled_by_missing_edge': 0, 'on_disabled_by_invalid_index': 0, 'on_disabled_by_edge_cooldown': 0, 'on_disabled_by_global_cd': 0, 'on_disabled_by_qos_gate': 0, 'on_disabled_by_sim_none_or_no_edges': 0}
[mask reasons ep1 step=30] {'interval': 0, 'sim_none_or_no_edges': 0, 'invalid_index': 0, 'missing_edge': 0, 'bridge': 0, 'global_cd': 0, 'off_disabled': 0, 'off_start_guard': 0, 'off_cap': 0, 'off_all_on_calm': 0, 'off_calm_streak': 15, 'demand_gate': 0, 'qos_guard': 0, 'off_stress_gate': 0, 'util_gate': 0, 'edge_cooldown': 0, 'total_cap': 0, 'on_disabled_by_interval': 0, 'on_disabled_by_missing_edge': 0, 'on_disabled_by_invalid_index': 0, 'on_disabled_by_edge_cooldown': 0, 'on_disabled_by_global_cd': 0, 'on_disabled_by_qos_gate': 0, 'on_disabled_by_sim_none_or_no_edges': 0}
[mask reasons ep1 step=40] {'interval': 0, 'sim_none_or_no_edges': 0, 'invalid_index': 0, 'missing_edge': 0, 'bridge': 0, 'global_cd': 0, 'off_disabled': 0, 'off_start_guard': 0, 'off_cap': 0, 'off_all_on_calm': 0, 'off_calm_streak': 15, 'demand_gate': 0, 'qos_guard': 0, 'off_stress_gate': 0, 'util_gate': 0, 'edge_cooldown': 0, 'total_cap': 0, 'on_disabled_by_interval': 0, 'on_disabled_by_missing_edge': 0, 'on_disabled_by_invalid_index': 0, 'on_disabled_by_edge_cooldown': 0, 'on_disabled_by_global_cd': 0, 'on_disabled_by_qos_gate': 0, 'on_disabled_by_sim_none_or_no_edges': 0}
[mask reasons ep1 step=50] {'interval': 0, 'sim_none_or_no_edges': 0, 'invalid_index': 0, 'missing_edge': 0, 'bridge': 0, 'global_cd': 0, 'off_disabled': 0, 'off_start_guard': 0, 'off_cap': 0, 'off_all_on_calm': 0, 'off_calm_streak': 15, 'demand_gate': 0, 'qos_guard': 0, 'off_stress_gate': 0, 'util_gate': 0, 'edge_cooldown': 0, 'total_cap': 0, 'on_disabled_by_interval': 0, 'on_disabled_by_missing_edge': 0, 'on_disabled_by_invalid_index': 0, 'on_disabled_by_edge_cooldown': 0, 'on_disabled_by_global_cd': 0, 'on_disabled_by_qos_gate': 0, 'on_disabled_by_sim_none_or_no_edges': 0}

=== Evaluation: trained (det, 1 episodes) ===
traffic cfg:    model=stochastic seed=10042 avg_bursts=4.0 p_elephant=0.08 scenario=burst disable_off_actions=False initial_off_edges=4
edge universe   size_mean=18.00 initial_off_requested_mean=4.00 initial_off_applied_mean=4.00
episode_reward: mean=-6013.164 std=0.000
energy_kwh:     mean=1.677278 std=0.000000
dropped:        mean=3623.740 std=0.000
delivered:      mean=36608.260 std=0.000
norm_drop:      mean=0.09007 std=0.00000
reward_energy:  mean=-4025.467 std=0.000
reward_drop:    mean=-995.283 std=0.000
reward_qos:     mean=-992.110 std=0.000
reward_toggle:  mean=-0.304 std=0.000
reward_other:   mean=0.000 std=0.000
reward parts    total=-6013.164 energy=-4025.467 drop=-995.283 qos=-992.110 toggle=-0.304 other=0.000 | per_step total=-6.013164 energy=-4.025467 drop=-0.995283 qos=-0.992110 toggle=-0.000304 other=0.000000
reward_toggle_on:  mean=-0.300 std=0.000
reward_toggle_off: mean=0.000 std=0.000
reward_toggle_harm: mean=0.000 std=0.000
delta_dropped_after_toggle mean=0.0000
delta_qos_after_toggle mean=0.000000
pending_toggle_harm mean=0.000
toggle_harm_max_dd mean=0.000000
toggle_harm_max_dq mean=0.000000
qos_violation:  mean=0.6600 std=0.0000
qos debug       qos_viol_steps_mean=660.00 qos_allow_on_steps_mean=659.00 norm_drop_step_mean=0.039811 qos_sum_mean=-992.110 qos_penalty_per_viol_step_mean=-1.503197
cd mask debug   dbg_cd_block_mask_val_last_mean=-999.00 dbg_cd_block_mask_samples_mean=0.00 cd_block_mask_mismatch_count_mean=0.00
toggles applied mean=1.00 reverted mean=0.00
toggles total   mean=1.00 std=0.00 rate=0.0010
toggles dir     toggled_on mean=1.00 toggled_off mean=0.00
off budget      used mean=0.00 blocked mean=0.00
total budget    used mean=1.00 blocked mean=0.00
on-edge budget  max_on_edges=15 blocked_on_actions_mean=99.00
toggle gates   attempted=1.00 (0.0010/step) allowed=1.00 (0.0010/step) blocked_budget=0.00 (0.0000/step) blocked_util=0.00 (0.0000/step) blocked_cd=0.00 (0.0000/step) blocked_off_stress=0.00 (0.0000/step) emergency_on_applied=0.00 max_util_mean=0.6595 applied=1.00 (0.0010/step)
gate counters  edge_cd=0.00 global_cd=0.00 budget=0.00 util=0.00 off_stress=0.00 qos_off=0.00 qos_on=0.00
mask stats      valid/step mean=1.30 decision_steps mean=100.00 valid@decision mean=4.01 mask_calls_mean=1000.00
mask split      toggles/step=0.30 on/step=0.30 off/step=0.00 noop/step=1.00
mask split@dec  toggles=3.01 on=3.01 off=0.00 noop=1.00
valid_on_actions@decision mean=3.01
on blockers    top=[('on_disabled_by_interval', 0), ('on_disabled_by_missing_edge', 0), ('on_disabled_by_invalid_index', 0), ('on_disabled_by_edge_cooldown', 0), ('on_disabled_by_global_cd', 0)]
on blockers    top_ex_missing=[('on_disabled_by_interval', 0), ('on_disabled_by_invalid_index', 0), ('on_disabled_by_edge_cooldown', 0), ('on_disabled_by_global_cd', 0), ('on_disabled_by_qos_gate', 0)]
on availability early20 mean=3.05 frac_decision_with_any_on=1.000 noop_chosen@decision=0.990
edge state      on_edges_mean=14.99 off_edges_mean=3.01 toggle_budget_remaining_mean=3.01
off saturation  off_edges_first20_dec_mean=3.00 off_edges_all_dec_mean=3.00 decision_step_off_zero_mean=-1.00
demand stats:   mean_demand_per_step=40.284
[mask reasons ep1 step=10] {'interval': 0, 'sim_none_or_no_edges': 0, 'invalid_index': 0, 'missing_edge': 0, 'bridge': 0, 'global_cd': 0, 'off_disabled': 0, 'off_start_guard': 0, 'off_cap': 0, 'off_all_on_calm': 0, 'off_calm_streak': 14, 'demand_gate': 0, 'qos_guard': 0, 'off_stress_gate': 0, 'util_gate': 0, 'edge_cooldown': 0, 'total_cap': 0, 'on_disabled_by_interval': 0, 'on_disabled_by_missing_edge': 0, 'on_disabled_by_invalid_index': 0, 'on_disabled_by_edge_cooldown': 0, 'on_disabled_by_global_cd': 0, 'on_disabled_by_qos_gate': 0, 'on_disabled_by_sim_none_or_no_edges': 0}
[mask reasons ep1 step=20] {'interval': 0, 'sim_none_or_no_edges': 0, 'invalid_index': 0, 'missing_edge': 0, 'bridge': 0, 'global_cd': 0, 'off_disabled': 0, 'off_start_guard': 0, 'off_cap': 0, 'off_all_on_calm': 0, 'off_calm_streak': 15, 'demand_gate': 0, 'qos_guard': 0, 'off_stress_gate': 0, 'util_gate': 0, 'edge_cooldown': 0, 'total_cap': 0, 'on_disabled_by_interval': 0, 'on_disabled_by_missing_edge': 0, 'on_disabled_by_invalid_index': 0, 'on_disabled_by_edge_cooldown': 0, 'on_disabled_by_global_cd': 0, 'on_disabled_by_qos_gate': 0, 'on_disabled_by_sim_none_or_no_edges': 0}
[mask reasons ep1 step=30] {'interval': 0, 'sim_none_or_no_edges': 0, 'invalid_index': 0, 'missing_edge': 0, 'bridge': 0, 'global_cd': 0, 'off_disabled': 0, 'off_start_guard': 0, 'off_cap': 0, 'off_all_on_calm': 0, 'off_calm_streak': 15, 'demand_gate': 0, 'qos_guard': 0, 'off_stress_gate': 0, 'util_gate': 0, 'edge_cooldown': 0, 'total_cap': 0, 'on_disabled_by_interval': 0, 'on_disabled_by_missing_edge': 0, 'on_disabled_by_invalid_index': 0, 'on_disabled_by_edge_cooldown': 0, 'on_disabled_by_global_cd': 0, 'on_disabled_by_qos_gate': 0, 'on_disabled_by_sim_none_or_no_edges': 0}
[mask reasons ep1 step=40] {'interval': 0, 'sim_none_or_no_edges': 0, 'invalid_index': 0, 'missing_edge': 0, 'bridge': 0, 'global_cd': 0, 'off_disabled': 0, 'off_start_guard': 0, 'off_cap': 0, 'off_all_on_calm': 0, 'off_calm_streak': 15, 'demand_gate': 0, 'qos_guard': 0, 'off_stress_gate': 0, 'util_gate': 0, 'edge_cooldown': 0, 'total_cap': 0, 'on_disabled_by_interval': 0, 'on_disabled_by_missing_edge': 0, 'on_disabled_by_invalid_index': 0, 'on_disabled_by_edge_cooldown': 0, 'on_disabled_by_global_cd': 0, 'on_disabled_by_qos_gate': 0, 'on_disabled_by_sim_none_or_no_edges': 0}
[mask reasons ep1 step=50] {'interval': 0, 'sim_none_or_no_edges': 0, 'invalid_index': 0, 'missing_edge': 0, 'bridge': 0, 'global_cd': 0, 'off_disabled': 0, 'off_start_guard': 0, 'off_cap': 0, 'off_all_on_calm': 0, 'off_calm_streak': 15, 'demand_gate': 0, 'qos_guard': 0, 'off_stress_gate': 0, 'util_gate': 0, 'edge_cooldown': 0, 'total_cap': 0, 'on_disabled_by_interval': 0, 'on_disabled_by_missing_edge': 0, 'on_disabled_by_invalid_index': 0, 'on_disabled_by_edge_cooldown': 0, 'on_disabled_by_global_cd': 0, 'on_disabled_by_qos_gate': 0, 'on_disabled_by_sim_none_or_no_edges': 0}

=== Evaluation: trained (stoch, 1 episodes) ===
traffic cfg:    model=stochastic seed=10042 avg_bursts=4.0 p_elephant=0.08 scenario=burst disable_off_actions=False initial_off_edges=4
edge universe   size_mean=18.00 initial_off_requested_mean=4.00 initial_off_applied_mean=4.00
episode_reward: mean=-5818.367 std=0.000
energy_kwh:     mean=1.677278 std=0.000000
dropped:        mean=3441.065 std=0.000
delivered:      mean=36820.935 std=0.000
norm_drop:      mean=0.08547 std=0.00000
reward_energy:  mean=-4025.467 std=0.000
reward_drop:    mean=-962.199 std=0.000
reward_qos:     mean=-830.396 std=0.000
reward_toggle:  mean=-0.304 std=0.000
reward_other:   mean=0.000 std=0.000
reward parts    total=-5818.367 energy=-4025.467 drop=-962.199 qos=-830.396 toggle=-0.304 other=0.000 | per_step total=-5.818367 energy=-4.025467 drop=-0.962199 qos=-0.830396 toggle=-0.000304 other=0.000000
reward_toggle_on:  mean=-0.300 std=0.000
reward_toggle_off: mean=0.000 std=0.000
reward_toggle_harm: mean=0.000 std=0.000
delta_dropped_after_toggle mean=0.0000
delta_qos_after_toggle mean=0.000000
pending_toggle_harm mean=0.000
toggle_harm_max_dd mean=0.000000
toggle_harm_max_dq mean=0.000000
qos_violation:  mean=0.6600 std=0.0000
qos debug       qos_viol_steps_mean=660.00 qos_allow_on_steps_mean=659.00 norm_drop_step_mean=0.038488 qos_sum_mean=-830.396 qos_penalty_per_viol_step_mean=-1.258176
cd mask debug   dbg_cd_block_mask_val_last_mean=-999.00 dbg_cd_block_mask_samples_mean=0.00 cd_block_mask_mismatch_count_mean=0.00
toggles applied mean=1.00 reverted mean=0.00
toggles total   mean=1.00 std=0.00 rate=0.0010
toggles dir     toggled_on mean=1.00 toggled_off mean=0.00
off budget      used mean=0.00 blocked mean=0.00
total budget    used mean=1.00 blocked mean=0.00
on-edge budget  max_on_edges=15 blocked_on_actions_mean=80.00
toggle gates   attempted=1.00 (0.0010/step) allowed=1.00 (0.0010/step) blocked_budget=0.00 (0.0000/step) blocked_util=0.00 (0.0000/step) blocked_cd=0.00 (0.0000/step) blocked_off_stress=0.00 (0.0000/step) emergency_on_applied=0.00 max_util_mean=0.6536 applied=1.00 (0.0010/step)
gate counters  edge_cd=0.00 global_cd=0.00 budget=0.00 util=0.00 off_stress=0.00 qos_off=0.00 qos_on=0.00
mask stats      valid/step mean=1.30 decision_steps mean=100.00 valid@decision mean=4.01 mask_calls_mean=1000.00
mask split      toggles/step=0.30 on/step=0.30 off/step=0.00 noop/step=1.00
mask split@dec  toggles=3.01 on=3.01 off=0.00 noop=1.00
valid_on_actions@decision mean=3.01
on blockers    top=[('on_disabled_by_interval', 0), ('on_disabled_by_missing_edge', 0), ('on_disabled_by_invalid_index', 0), ('on_disabled_by_edge_cooldown', 0), ('on_disabled_by_global_cd', 0)]
on blockers    top_ex_missing=[('on_disabled_by_interval', 0), ('on_disabled_by_invalid_index', 0), ('on_disabled_by_edge_cooldown', 0), ('on_disabled_by_global_cd', 0), ('on_disabled_by_qos_gate', 0)]
on availability early20 mean=3.05 frac_decision_with_any_on=1.000 noop_chosen@decision=0.990
edge state      on_edges_mean=14.99 off_edges_mean=3.01 toggle_budget_remaining_mean=3.01
off saturation  off_edges_first20_dec_mean=3.00 off_edges_all_dec_mean=3.00 decision_step_off_zero_mean=-1.00
demand stats:   mean_demand_per_step=40.284

=== Evaluation: random_masked (stoch, 1 episodes) ===
traffic cfg:    model=stochastic seed=10042 avg_bursts=4.0 p_elephant=0.08 scenario=burst disable_off_actions=False initial_off_edges=4
edge universe   size_mean=18.00 initial_off_requested_mean=4.00 initial_off_applied_mean=4.00
episode_reward: mean=-6013.164 std=0.000
energy_kwh:     mean=1.677278 std=0.000000
dropped:        mean=3623.740 std=0.000
delivered:      mean=36608.260 std=0.000
norm_drop:      mean=0.09007 std=0.00000
reward_energy:  mean=-4025.467 std=0.000
reward_drop:    mean=-995.283 std=0.000
reward_qos:     mean=-992.110 std=0.000
reward_toggle:  mean=-0.304 std=0.000
reward_other:   mean=0.000 std=0.000
reward parts    total=-6013.164 energy=-4025.467 drop=-995.283 qos=-992.110 toggle=-0.304 other=0.000 | per_step total=-6.013164 energy=-4.025467 drop=-0.995283 qos=-0.992110 toggle=-0.000304 other=0.000000
reward_toggle_on:  mean=-0.300 std=0.000
reward_toggle_off: mean=0.000 std=0.000
reward_toggle_harm: mean=0.000 std=0.000
delta_dropped_after_toggle mean=0.0000
delta_qos_after_toggle mean=0.000000
pending_toggle_harm mean=0.000
toggle_harm_max_dd mean=0.000000
toggle_harm_max_dq mean=0.000000
qos_violation:  mean=0.6600 std=0.0000
qos debug       qos_viol_steps_mean=660.00 qos_allow_on_steps_mean=659.00 norm_drop_step_mean=0.039811 qos_sum_mean=-992.110 qos_penalty_per_viol_step_mean=-1.503197
cd mask debug   dbg_cd_block_mask_val_last_mean=-999.00 dbg_cd_block_mask_samples_mean=0.00 cd_block_mask_mismatch_count_mean=0.00
toggles applied mean=1.00 reverted mean=0.00
toggles total   mean=1.00 std=0.00 rate=0.0010
toggles dir     toggled_on mean=1.00 toggled_off mean=0.00
off budget      used mean=0.00 blocked mean=0.00
total budget    used mean=1.00 blocked mean=0.00
on-edge budget  max_on_edges=15 blocked_on_actions_mean=99.00
toggle gates   attempted=1.00 (0.0010/step) allowed=1.00 (0.0010/step) blocked_budget=0.00 (0.0000/step) blocked_util=0.00 (0.0000/step) blocked_cd=0.00 (0.0000/step) blocked_off_stress=0.00 (0.0000/step) emergency_on_applied=0.00 max_util_mean=0.6595 applied=1.00 (0.0010/step)
gate counters  edge_cd=0.00 global_cd=0.00 budget=0.00 util=0.00 off_stress=0.00 qos_off=0.00 qos_on=0.00
mask stats      valid/step mean=1.30 decision_steps mean=100.00 valid@decision mean=4.01 mask_calls_mean=1000.00
mask split      toggles/step=0.30 on/step=0.30 off/step=0.00 noop/step=1.00
mask split@dec  toggles=3.01 on=3.01 off=0.00 noop=1.00
valid_on_actions@decision mean=3.01
on blockers    top=[('on_disabled_by_interval', 0), ('on_disabled_by_missing_edge', 0), ('on_disabled_by_invalid_index', 0), ('on_disabled_by_edge_cooldown', 0), ('on_disabled_by_global_cd', 0)]
on blockers    top_ex_missing=[('on_disabled_by_interval', 0), ('on_disabled_by_invalid_index', 0), ('on_disabled_by_edge_cooldown', 0), ('on_disabled_by_global_cd', 0), ('on_disabled_by_qos_gate', 0)]
on availability early20 mean=3.05 frac_decision_with_any_on=1.000 noop_chosen@decision=0.990
edge state      on_edges_mean=14.99 off_edges_mean=3.01 toggle_budget_remaining_mean=3.01
off saturation  off_edges_first20_dec_mean=3.00 off_edges_all_dec_mean=3.00 decision_step_off_zero_mean=-1.00
demand stats:   mean_demand_per_step=40.284

=== Evaluation: always_noop (det, 1 episodes) ===
traffic cfg:    model=stochastic seed=10042 avg_bursts=4.0 p_elephant=0.08 scenario=burst disable_off_actions=False initial_off_edges=4
edge universe   size_mean=18.00 initial_off_requested_mean=4.00 initial_off_applied_mean=4.00
episode_reward: mean=-6087.020 std=0.000
energy_kwh:     mean=1.622222 std=0.000000
dropped:        mean=3773.317 std=0.000
delivered:      mean=36488.683 std=0.000
norm_drop:      mean=0.09372 std=0.00000
reward_energy:  mean=-3893.333 std=0.000
reward_drop:    mean=-1039.934 std=0.000
reward_qos:     mean=-1153.752 std=0.000
reward_toggle:  mean=0.000 std=0.000
reward_other:   mean=0.000 std=0.000
reward parts    total=-6087.020 energy=-3893.333 drop=-1039.934 qos=-1153.752 toggle=0.000 other=0.000 | per_step total=-6.087020 energy=-3.893333 drop=-1.039934 qos=-1.153752 toggle=0.000000 other=0.000000
reward_toggle_on:  mean=0.000 std=0.000
reward_toggle_off: mean=0.000 std=0.000
reward_toggle_harm: mean=0.000 std=0.000
delta_dropped_after_toggle mean=0.0000
delta_qos_after_toggle mean=0.000000
pending_toggle_harm mean=0.000
toggle_harm_max_dd mean=0.000000
toggle_harm_max_dq mean=0.000000
qos_violation:  mean=0.6800 std=0.0000
qos debug       qos_viol_steps_mean=680.00 qos_allow_on_steps_mean=679.00 norm_drop_step_mean=0.041597 qos_sum_mean=-1153.752 qos_penalty_per_viol_step_mean=-1.696695
cd mask debug   dbg_cd_block_mask_val_last_mean=-999.00 dbg_cd_block_mask_samples_mean=0.00 cd_block_mask_mismatch_count_mean=0.00
toggles applied mean=0.00 reverted mean=0.00
toggles total   mean=0.00 std=0.00 rate=0.0000
toggles dir     toggled_on mean=0.00 toggled_off mean=0.00
off budget      used mean=0.00 blocked mean=0.00
total budget    used mean=0.00 blocked mean=0.00
on-edge budget  max_on_edges=15 blocked_on_actions_mean=0.00
toggle gates   attempted=0.00 (0.0000/step) allowed=0.00 (0.0000/step) blocked_budget=0.00 (0.0000/step) blocked_util=0.00 (0.0000/step) blocked_cd=0.00 (0.0000/step) blocked_off_stress=0.00 (0.0000/step) emergency_on_applied=0.00 max_util_mean=0.6621 applied=0.00 (0.0000/step)
gate counters  edge_cd=0.00 global_cd=0.00 budget=0.00 util=0.00 off_stress=0.00 qos_off=0.00 qos_on=0.00
mask stats      valid/step mean=1.40 decision_steps mean=100.00 valid@decision mean=5.00 mask_calls_mean=1000.00
mask split      toggles/step=0.40 on/step=0.40 off/step=0.00 noop/step=1.00
mask split@dec  toggles=4.00 on=4.00 off=0.00 noop=1.00
valid_on_actions@decision mean=4.00
on blockers    top=[('on_disabled_by_interval', 0), ('on_disabled_by_missing_edge', 0), ('on_disabled_by_invalid_index', 0), ('on_disabled_by_edge_cooldown', 0), ('on_disabled_by_global_cd', 0)]
on blockers    top_ex_missing=[('on_disabled_by_interval', 0), ('on_disabled_by_invalid_index', 0), ('on_disabled_by_edge_cooldown', 0), ('on_disabled_by_global_cd', 0), ('on_disabled_by_qos_gate', 0)]
on availability early20 mean=4.00 frac_decision_with_any_on=1.000 noop_chosen@decision=1.000
edge state      on_edges_mean=14.00 off_edges_mean=4.00 toggle_budget_remaining_mean=4.00
off saturation  off_edges_first20_dec_mean=4.00 off_edges_all_dec_mean=4.00 decision_step_off_zero_mean=-1.00
demand stats:   mean_demand_per_step=40.284

[summary:CUSTOM] trained(det) vs noop: better=YES Δreward=+73.856 Δenergy=+0.055056 Δdropped=-149.577 (pass: offstart(dropped+energy))
[summary:CUSTOM] trained(stoch) vs noop: better=YES Δreward=+268.653 Δenergy=+0.055056 Δdropped=-332.252 (pass: offstart(dropped+energy))
[summary:CUSTOM] random_masked(stoch) vs noop: better=YES Δreward=+73.856 Δenergy=+0.055056 Δdropped=-149.577 (pass: offstart(dropped+energy))
