[device] torch.mps_available=True torch.cuda_available=False sb3_device=mps
Evaluating model: artifacts/locked/normal/20260220_111755_100k/model.zip
[model] path=/Users/enionismaili/Desktop/GreenNet/artifacts/locked/20260220_111755_100k/ppo_greennet.zip size_bytes=225626 size_mb=0.215 mtime_utc=2026-02-20T12:02:24.687934+00:00
[env_config] Loaded from artifacts/locked/normal/20260220_111755_100k/env_config.json (keys=['base_capacity', 'base_latency_ms', 'blocked_action_penalty', 'calm_toggle_multiplier_off', 'debug_logs', 'decision_interval_steps', 'demand_max', 'demand_min', 'demand_norm_scale', 'directed', 'disable_off_actions', 'drop_penalty_lambda', 'edge_prob', 'enable_forecasting', 'energy_weight', 'flows_per_step', 'forecast_alpha', 'forecast_horizon_steps', 'global_toggle_cooldown_steps', 'initial_off_edges', 'initial_off_seed', 'max_emergency_on_toggles_per_episode', 'max_off_toggles_per_episode', 'max_steps', 'max_total_toggles_per_episode', 'max_util_off_allow_threshold', 'node_count', 'noop_bonus', 'normalize_drop', 'off_calm_steps_required', 'off_start_guard_decision_steps', 'off_toggle_penalty_scale', 'qos_guard_margin', 'qos_guard_margin_off', 'qos_guard_margin_on', 'qos_guard_penalty_scale', 'qos_min_volume', 'qos_target_norm_drop', 'qos_toggle_discount_on', 'qos_violation_penalty_scale', 'revert_penalty_scale', 'saturation_util_threshold', 'toggle_apply_penalty', 'toggle_attempt_penalty', 'toggle_cooldown_steps', 'toggle_off_penalty_scale', 'toggle_on_penalty_scale', 'toggle_penalty', 'top_k_edge_utils', 'topology_randomize', 'topology_seed', 'topology_seeds', 'traffic_avg_bursts_per_step', 'traffic_duration_range', 'traffic_elephant_size_range', 'traffic_hotspots', 'traffic_mice_size_range', 'traffic_model', 'traffic_p_elephant', 'traffic_scenario', 'traffic_scenario_duration', 'traffic_scenario_frequency', 'traffic_scenario_intensity', 'traffic_scenario_version', 'traffic_seed', 'traffic_spike_duration_range', 'traffic_spike_multiplier_range', 'traffic_spike_prob', 'util_block_threshold', 'util_unblock_threshold'])
[eval] using env_config keys: ['base_capacity', 'base_latency_ms', 'blocked_action_penalty', 'calm_toggle_multiplier_off', 'debug_logs', 'decision_interval_steps', 'demand_max', 'demand_min', 'demand_norm_scale', 'directed', 'disable_off_actions', 'drop_penalty_lambda', 'edge_prob', 'enable_forecasting', 'energy_weight', 'flows_per_step', 'forecast_alpha', 'forecast_horizon_steps', 'global_toggle_cooldown_steps', 'initial_off_edges', 'initial_off_seed', 'max_emergency_on_toggles_per_episode', 'max_off_toggles_per_episode', 'max_steps', 'max_total_toggles_per_episode', 'max_util_off_allow_threshold', 'node_count', 'noop_bonus', 'normalize_drop', 'off_calm_steps_required', 'off_start_guard_decision_steps', 'off_toggle_penalty_scale', 'qos_guard_margin', 'qos_guard_margin_off', 'qos_guard_margin_on', 'qos_guard_penalty_scale', 'qos_min_volume', 'qos_target_norm_drop', 'qos_toggle_discount_on', 'qos_violation_penalty_scale', 'revert_penalty_scale', 'saturation_util_threshold', 'toggle_apply_penalty', 'toggle_attempt_penalty', 'toggle_cooldown_steps', 'toggle_off_penalty_scale', 'toggle_on_penalty_scale', 'toggle_penalty', 'top_k_edge_utils', 'topology_randomize', 'topology_seed', 'topology_seeds', 'traffic_avg_bursts_per_step', 'traffic_duration_range', 'traffic_elephant_size_range', 'traffic_hotspots', 'traffic_mice_size_range', 'traffic_model', 'traffic_p_elephant', 'traffic_scenario', 'traffic_scenario_duration', 'traffic_scenario_frequency', 'traffic_scenario_intensity', 'traffic_scenario_version', 'traffic_seed', 'traffic_spike_duration_range', 'traffic_spike_multiplier_range', 'traffic_spike_prob', 'util_block_threshold', 'util_unblock_threshold']
EVAL MODE: disable_off_actions=False initial_off_edges=4 max_total_toggles=4 traffic_scenario=hotspot toggle_on_penalty_scale=0.300000 toggle_off_penalty_scale=0.200000 energy_weight=240.000000 eval_max_on_edges=15
SUMMARY TOLERANCES (CUSTOM): reward>=-0.500 dropped<=+1.000 |energy|<=0.020000
EVAL TRACK: CUSTOM (initial_off_edges=4, max_total_toggles=4)
[eval] no train_config found; using defaults for PPO keys.
[device] loaded MaskablePPO on: mps:0
[mask reasons ep1 step=10] {'interval': 0, 'sim_none_or_no_edges': 0, 'invalid_index': 0, 'missing_edge': 0, 'bridge': 0, 'global_cd': 0, 'off_disabled': 0, 'off_start_guard': 0, 'off_cap': 0, 'off_all_on_calm': 0, 'off_calm_streak': 14, 'demand_gate': 0, 'qos_guard': 0, 'off_stress_gate': 0, 'util_gate': 0, 'edge_cooldown': 0, 'total_cap': 0, 'on_disabled_by_interval': 0, 'on_disabled_by_missing_edge': 0, 'on_disabled_by_invalid_index': 0, 'on_disabled_by_edge_cooldown': 0, 'on_disabled_by_global_cd': 0, 'on_disabled_by_qos_gate': 0, 'on_disabled_by_sim_none_or_no_edges': 0}
[mask reasons ep1 step=20] {'interval': 0, 'sim_none_or_no_edges': 0, 'invalid_index': 0, 'missing_edge': 0, 'bridge': 0, 'global_cd': 0, 'off_disabled': 0, 'off_start_guard': 0, 'off_cap': 0, 'off_all_on_calm': 0, 'off_calm_streak': 15, 'demand_gate': 0, 'qos_guard': 0, 'off_stress_gate': 0, 'util_gate': 0, 'edge_cooldown': 0, 'total_cap': 0, 'on_disabled_by_interval': 0, 'on_disabled_by_missing_edge': 0, 'on_disabled_by_invalid_index': 0, 'on_disabled_by_edge_cooldown': 0, 'on_disabled_by_global_cd': 0, 'on_disabled_by_qos_gate': 0, 'on_disabled_by_sim_none_or_no_edges': 0}
[mask reasons ep1 step=30] {'interval': 0, 'sim_none_or_no_edges': 0, 'invalid_index': 0, 'missing_edge': 0, 'bridge': 0, 'global_cd': 0, 'off_disabled': 0, 'off_start_guard': 0, 'off_cap': 0, 'off_all_on_calm': 0, 'off_calm_streak': 15, 'demand_gate': 0, 'qos_guard': 0, 'off_stress_gate': 0, 'util_gate': 0, 'edge_cooldown': 0, 'total_cap': 0, 'on_disabled_by_interval': 0, 'on_disabled_by_missing_edge': 0, 'on_disabled_by_invalid_index': 0, 'on_disabled_by_edge_cooldown': 0, 'on_disabled_by_global_cd': 0, 'on_disabled_by_qos_gate': 0, 'on_disabled_by_sim_none_or_no_edges': 0}
[mask reasons ep1 step=40] {'interval': 0, 'sim_none_or_no_edges': 0, 'invalid_index': 0, 'missing_edge': 0, 'bridge': 0, 'global_cd': 0, 'off_disabled': 0, 'off_start_guard': 0, 'off_cap': 0, 'off_all_on_calm': 0, 'off_calm_streak': 15, 'demand_gate': 0, 'qos_guard': 0, 'off_stress_gate': 0, 'util_gate': 0, 'edge_cooldown': 0, 'total_cap': 0, 'on_disabled_by_interval': 0, 'on_disabled_by_missing_edge': 0, 'on_disabled_by_invalid_index': 0, 'on_disabled_by_edge_cooldown': 0, 'on_disabled_by_global_cd': 0, 'on_disabled_by_qos_gate': 0, 'on_disabled_by_sim_none_or_no_edges': 0}
[mask reasons ep1 step=50] {'interval': 0, 'sim_none_or_no_edges': 0, 'invalid_index': 0, 'missing_edge': 0, 'bridge': 0, 'global_cd': 0, 'off_disabled': 0, 'off_start_guard': 0, 'off_cap': 0, 'off_all_on_calm': 0, 'off_calm_streak': 15, 'demand_gate': 0, 'qos_guard': 0, 'off_stress_gate': 0, 'util_gate': 0, 'edge_cooldown': 0, 'total_cap': 0, 'on_disabled_by_interval': 0, 'on_disabled_by_missing_edge': 0, 'on_disabled_by_invalid_index': 0, 'on_disabled_by_edge_cooldown': 0, 'on_disabled_by_global_cd': 0, 'on_disabled_by_qos_gate': 0, 'on_disabled_by_sim_none_or_no_edges': 0}

=== Evaluation: trained (det, 10 episodes) ===
traffic cfg:    model=stochastic seed=None avg_bursts=2.0 p_elephant=0.05 scenario=hotspot disable_off_actions=False initial_off_edges=4
edge universe   size_mean=18.00 initial_off_requested_mean=4.00 initial_off_applied_mean=4.00
episode_reward: mean=-1391.072 std=301.884
energy_kwh:     mean=1.577767 std=0.100150
dropped:        mean=999.269 std=93.884
delivered:      mean=13455.331 std=354.001
norm_drop:      mean=0.06907 std=0.00543
reward_energy:  mean=-378.664 std=24.036
reward_drop:    mean=-754.209 std=60.039
reward_qos:     mean=-256.814 std=246.806
reward_toggle:  mean=-1.385 std=0.188
reward_other:   mean=0.000 std=0.000
reward parts    total=-1391.072 energy=-378.664 drop=-754.209 qos=-256.814 toggle=-1.385 other=0.000 | per_step total=-1.391072 energy=-0.378664 drop=-0.754209 qos=-0.256814 toggle=-0.001385 other=0.000000
reward_toggle_on:  mean=-0.645 std=0.037
reward_toggle_off: mean=-0.720 std=0.160
reward_toggle_harm: mean=0.000 std=0.000
delta_dropped_after_toggle mean=0.0000
delta_qos_after_toggle mean=0.000000
pending_toggle_harm mean=0.000
toggle_harm_max_dd mean=0.000000
toggle_harm_max_dq mean=0.000000
qos_violation:  mean=0.3462 std=0.2122
qos debug       qos_viol_steps_mean=346.20 qos_allow_on_steps_mean=345.80 norm_drop_step_mean=0.030168 qos_sum_mean=-256.814 qos_penalty_per_viol_step_mean=-0.554061
cd mask debug   dbg_cd_block_mask_val_last_mean=-999.00 dbg_cd_block_mask_samples_mean=0.00 cd_block_mask_mismatch_count_mean=0.00
toggles applied mean=4.40 reverted mean=0.00
toggles total   mean=4.40 std=0.80 rate=0.0044
toggles dir     toggled_on mean=2.60 toggled_off mean=1.80
off budget      used mean=1.80 blocked mean=0.00
total budget    used mean=3.80 blocked mean=0.60
on-edge budget  max_on_edges=15 blocked_on_actions_mean=60.70
toggle gates   attempted=4.40 (0.0044/step) allowed=3.80 (0.0038/step) blocked_budget=0.60 (0.0006/step) blocked_util=0.00 (0.0000/step) blocked_cd=0.00 (0.0000/step) blocked_off_stress=0.00 (0.0000/step) emergency_on_applied=0.60 max_util_mean=0.5395 applied=4.40 (0.0044/step)
gate counters  edge_cd=0.00 global_cd=0.00 budget=0.00 util=0.00 off_stress=0.00 qos_off=0.00 qos_on=0.00
mask stats      valid/step mean=1.23 decision_steps mean=100.00 valid@decision mean=3.32 mask_calls_mean=1000.00
mask split      toggles/step=0.23 on/step=0.20 off/step=0.03 noop/step=1.00
mask split@dec  toggles=2.32 on=1.98 off=0.34 noop=1.00
valid_on_actions@decision mean=1.98
on blockers    top=[('on_disabled_by_global_cd', 1322), ('on_disabled_by_interval', 0), ('on_disabled_by_missing_edge', 0), ('on_disabled_by_invalid_index', 0), ('on_disabled_by_edge_cooldown', 0)]
on blockers    top_ex_missing=[('on_disabled_by_global_cd', 1322), ('on_disabled_by_interval', 0), ('on_disabled_by_invalid_index', 0), ('on_disabled_by_edge_cooldown', 0), ('on_disabled_by_qos_gate', 0)]
on availability early20 mean=2.09 frac_decision_with_any_on=0.651 noop_chosen@decision=0.956
edge state      on_edges_mean=14.70 off_edges_mean=3.30 toggle_budget_remaining_mean=0.56
off saturation  off_edges_first20_dec_mean=3.42 off_edges_all_dec_mean=3.29 decision_step_off_zero_mean=-1.00
demand stats:   mean_demand_per_step=14.477
[mask reasons ep1 step=10] {'interval': 0, 'sim_none_or_no_edges': 0, 'invalid_index': 0, 'missing_edge': 0, 'bridge': 0, 'global_cd': 0, 'off_disabled': 0, 'off_start_guard': 0, 'off_cap': 0, 'off_all_on_calm': 0, 'off_calm_streak': 14, 'demand_gate': 0, 'qos_guard': 0, 'off_stress_gate': 0, 'util_gate': 0, 'edge_cooldown': 0, 'total_cap': 0, 'on_disabled_by_interval': 0, 'on_disabled_by_missing_edge': 0, 'on_disabled_by_invalid_index': 0, 'on_disabled_by_edge_cooldown': 0, 'on_disabled_by_global_cd': 0, 'on_disabled_by_qos_gate': 0, 'on_disabled_by_sim_none_or_no_edges': 0}
[mask reasons ep1 step=20] {'interval': 0, 'sim_none_or_no_edges': 0, 'invalid_index': 0, 'missing_edge': 0, 'bridge': 0, 'global_cd': 0, 'off_disabled': 0, 'off_start_guard': 0, 'off_cap': 0, 'off_all_on_calm': 0, 'off_calm_streak': 15, 'demand_gate': 0, 'qos_guard': 0, 'off_stress_gate': 0, 'util_gate': 0, 'edge_cooldown': 0, 'total_cap': 0, 'on_disabled_by_interval': 0, 'on_disabled_by_missing_edge': 0, 'on_disabled_by_invalid_index': 0, 'on_disabled_by_edge_cooldown': 0, 'on_disabled_by_global_cd': 0, 'on_disabled_by_qos_gate': 0, 'on_disabled_by_sim_none_or_no_edges': 0}
[mask reasons ep1 step=30] {'interval': 0, 'sim_none_or_no_edges': 0, 'invalid_index': 0, 'missing_edge': 0, 'bridge': 0, 'global_cd': 0, 'off_disabled': 0, 'off_start_guard': 0, 'off_cap': 0, 'off_all_on_calm': 0, 'off_calm_streak': 15, 'demand_gate': 0, 'qos_guard': 0, 'off_stress_gate': 0, 'util_gate': 0, 'edge_cooldown': 0, 'total_cap': 0, 'on_disabled_by_interval': 0, 'on_disabled_by_missing_edge': 0, 'on_disabled_by_invalid_index': 0, 'on_disabled_by_edge_cooldown': 0, 'on_disabled_by_global_cd': 0, 'on_disabled_by_qos_gate': 0, 'on_disabled_by_sim_none_or_no_edges': 0}
[mask reasons ep1 step=40] {'interval': 0, 'sim_none_or_no_edges': 0, 'invalid_index': 0, 'missing_edge': 0, 'bridge': 0, 'global_cd': 0, 'off_disabled': 0, 'off_start_guard': 0, 'off_cap': 0, 'off_all_on_calm': 0, 'off_calm_streak': 15, 'demand_gate': 0, 'qos_guard': 0, 'off_stress_gate': 0, 'util_gate': 0, 'edge_cooldown': 0, 'total_cap': 0, 'on_disabled_by_interval': 0, 'on_disabled_by_missing_edge': 0, 'on_disabled_by_invalid_index': 0, 'on_disabled_by_edge_cooldown': 0, 'on_disabled_by_global_cd': 0, 'on_disabled_by_qos_gate': 0, 'on_disabled_by_sim_none_or_no_edges': 0}
[mask reasons ep1 step=50] {'interval': 0, 'sim_none_or_no_edges': 0, 'invalid_index': 0, 'missing_edge': 0, 'bridge': 0, 'global_cd': 0, 'off_disabled': 0, 'off_start_guard': 0, 'off_cap': 0, 'off_all_on_calm': 0, 'off_calm_streak': 15, 'demand_gate': 0, 'qos_guard': 0, 'off_stress_gate': 0, 'util_gate': 0, 'edge_cooldown': 0, 'total_cap': 0, 'on_disabled_by_interval': 0, 'on_disabled_by_missing_edge': 0, 'on_disabled_by_invalid_index': 0, 'on_disabled_by_edge_cooldown': 0, 'on_disabled_by_global_cd': 0, 'on_disabled_by_qos_gate': 0, 'on_disabled_by_sim_none_or_no_edges': 0}

=== Evaluation: trained (stoch, 10 episodes) ===
traffic cfg:    model=stochastic seed=None avg_bursts=2.0 p_elephant=0.05 scenario=hotspot disable_off_actions=False initial_off_edges=4
edge universe   size_mean=18.00 initial_off_requested_mean=4.00 initial_off_applied_mean=4.00
episode_reward: mean=-1406.748 std=301.987
energy_kwh:     mean=1.578100 std=0.098867
dropped:        mean=1005.775 std=89.425
delivered:      mean=13451.425 std=354.450
norm_drop:      mean=0.06950 std=0.00501
reward_energy:  mean=-378.744 std=23.728
reward_drop:    mean=-757.934 std=58.255
reward_qos:     mean=-268.686 std=251.438
reward_toggle:  mean=-1.385 std=0.188
reward_other:   mean=0.000 std=0.000
reward parts    total=-1406.748 energy=-378.744 drop=-757.934 qos=-268.686 toggle=-1.385 other=0.000 | per_step total=-1.406748 energy=-0.378744 drop=-0.757934 qos=-0.268686 toggle=-0.001385 other=0.000000
reward_toggle_on:  mean=-0.645 std=0.037
reward_toggle_off: mean=-0.720 std=0.160
reward_toggle_harm: mean=0.000 std=0.000
delta_dropped_after_toggle mean=0.0000
delta_qos_after_toggle mean=0.000000
pending_toggle_harm mean=0.000
toggle_harm_max_dd mean=0.000000
toggle_harm_max_dq mean=0.000000
qos_violation:  mean=0.3652 std=0.1982
qos debug       qos_viol_steps_mean=365.20 qos_allow_on_steps_mean=364.70 norm_drop_step_mean=0.030317 qos_sum_mean=-268.686 qos_penalty_per_viol_step_mean=-0.574848
cd mask debug   dbg_cd_block_mask_val_last_mean=-999.00 dbg_cd_block_mask_samples_mean=0.00 cd_block_mask_mismatch_count_mean=0.00
toggles applied mean=4.40 reverted mean=0.00
toggles total   mean=4.40 std=0.80 rate=0.0044
toggles dir     toggled_on mean=2.60 toggled_off mean=1.80
off budget      used mean=1.80 blocked mean=0.00
total budget    used mean=3.80 blocked mean=0.60
on-edge budget  max_on_edges=15 blocked_on_actions_mean=55.50
toggle gates   attempted=4.40 (0.0044/step) allowed=3.80 (0.0038/step) blocked_budget=0.60 (0.0006/step) blocked_util=0.00 (0.0000/step) blocked_cd=0.00 (0.0000/step) blocked_off_stress=0.00 (0.0000/step) emergency_on_applied=0.60 max_util_mean=0.5394 applied=4.40 (0.0044/step)
gate counters  edge_cd=0.00 global_cd=0.00 budget=0.00 util=0.00 off_stress=0.00 qos_off=0.00 qos_on=0.00
mask stats      valid/step mean=1.24 decision_steps mean=100.00 valid@decision mean=3.35 mask_calls_mean=1000.00
mask split      toggles/step=0.24 on/step=0.20 off/step=0.03 noop/step=1.00
mask split@dec  toggles=2.35 on=2.03 off=0.32 noop=1.00
valid_on_actions@decision mean=2.03
on blockers    top=[('on_disabled_by_global_cd', 1268), ('on_disabled_by_interval', 0), ('on_disabled_by_missing_edge', 0), ('on_disabled_by_invalid_index', 0), ('on_disabled_by_edge_cooldown', 0)]
on blockers    top_ex_missing=[('on_disabled_by_global_cd', 1268), ('on_disabled_by_interval', 0), ('on_disabled_by_invalid_index', 0), ('on_disabled_by_edge_cooldown', 0), ('on_disabled_by_qos_gate', 0)]
on availability early20 mean=2.08 frac_decision_with_any_on=0.665 noop_chosen@decision=0.956
edge state      on_edges_mean=14.71 off_edges_mean=3.29 toggle_budget_remaining_mean=0.57
off saturation  off_edges_first20_dec_mean=3.46 off_edges_all_dec_mean=3.29 decision_step_off_zero_mean=-1.00
demand stats:   mean_demand_per_step=14.477

=== Evaluation: random_masked (stoch, 10 episodes) ===
traffic cfg:    model=stochastic seed=None avg_bursts=2.0 p_elephant=0.05 scenario=hotspot disable_off_actions=False initial_off_edges=4
edge universe   size_mean=18.00 initial_off_requested_mean=4.00 initial_off_applied_mean=4.00
episode_reward: mean=-1350.332 std=230.910
energy_kwh:     mean=1.573600 std=0.095171
dropped:        mean=996.814 std=83.751
delivered:      mean=13458.686 std=348.811
norm_drop:      mean=0.06889 std=0.00444
reward_energy:  mean=-377.664 std=22.841
reward_drop:    mean=-751.763 std=52.919
reward_qos:     mean=-219.401 std=189.250
reward_toggle:  mean=-1.504 std=0.079
reward_other:   mean=0.000 std=0.000
reward parts    total=-1350.332 energy=-377.664 drop=-751.763 qos=-219.401 toggle=-1.504 other=0.000 | per_step total=-1.350332 energy=-0.377664 drop=-0.751763 qos=-0.219401 toggle=-0.001504 other=0.000000
reward_toggle_on:  mean=-0.682 std=0.078
reward_toggle_off: mean=-0.800 std=0.000
reward_toggle_harm: mean=0.000 std=0.000
delta_dropped_after_toggle mean=0.0000
delta_qos_after_toggle mean=0.000000
pending_toggle_harm mean=0.000
toggle_harm_max_dd mean=0.000000
toggle_harm_max_dq mean=0.000000
qos_violation:  mean=0.3439 std=0.1774
qos debug       qos_viol_steps_mean=343.90 qos_allow_on_steps_mean=343.50 norm_drop_step_mean=0.030071 qos_sum_mean=-219.401 qos_penalty_per_viol_step_mean=-0.517942
cd mask debug   dbg_cd_block_mask_val_last_mean=-999.00 dbg_cd_block_mask_samples_mean=0.00 cd_block_mask_mismatch_count_mean=0.00
toggles applied mean=4.80 reverted mean=0.00
toggles total   mean=4.80 std=0.40 rate=0.0048
toggles dir     toggled_on mean=2.80 toggled_off mean=2.00
off budget      used mean=2.00 blocked mean=0.00
total budget    used mean=4.00 blocked mean=0.80
on-edge budget  max_on_edges=15 blocked_on_actions_mean=51.80
toggle gates   attempted=4.80 (0.0048/step) allowed=4.00 (0.0040/step) blocked_budget=0.80 (0.0008/step) blocked_util=0.00 (0.0000/step) blocked_cd=0.00 (0.0000/step) blocked_off_stress=0.00 (0.0000/step) emergency_on_applied=0.80 max_util_mean=0.5389 applied=4.80 (0.0048/step)
gate counters  edge_cd=0.00 global_cd=0.00 budget=0.00 util=0.00 off_stress=0.00 qos_off=0.00 qos_on=0.00
mask stats      valid/step mean=1.21 decision_steps mean=100.00 valid@decision mean=3.09 mask_calls_mean=1000.00
mask split      toggles/step=0.21 on/step=0.17 off/step=0.04 noop/step=1.00
mask split@dec  toggles=2.09 on=1.73 off=0.36 noop=1.00
valid_on_actions@decision mean=1.73
on blockers    top=[('on_disabled_by_global_cd', 1644), ('on_disabled_by_interval', 0), ('on_disabled_by_missing_edge', 0), ('on_disabled_by_invalid_index', 0), ('on_disabled_by_edge_cooldown', 0)]
on blockers    top_ex_missing=[('on_disabled_by_global_cd', 1644), ('on_disabled_by_interval', 0), ('on_disabled_by_invalid_index', 0), ('on_disabled_by_edge_cooldown', 0), ('on_disabled_by_qos_gate', 0)]
on availability early20 mean=1.99 frac_decision_with_any_on=0.566 noop_chosen@decision=0.952
edge state      on_edges_mean=14.62 off_edges_mean=3.38 toggle_budget_remaining_mean=0.39
off saturation  off_edges_first20_dec_mean=3.50 off_edges_all_dec_mean=3.37 decision_step_off_zero_mean=-1.00
demand stats:   mean_demand_per_step=14.477

=== Evaluation: always_noop (det, 10 episodes) ===
traffic cfg:    model=stochastic seed=None avg_bursts=2.0 p_elephant=0.05 scenario=hotspot disable_off_actions=False initial_off_edges=4
edge universe   size_mean=18.00 initial_off_requested_mean=4.00 initial_off_applied_mean=4.00
episode_reward: mean=-1471.401 std=357.195
energy_kwh:     mean=1.538889 std=0.093789
dropped:        mean=1020.081 std=99.332
delivered:      mean=13437.119 std=348.846
norm_drop:      mean=0.07048 std=0.00565
reward_energy:  mean=-369.333 std=22.509
reward_drop:    mean=-770.992 std=62.296
reward_qos:     mean=-331.076 std=306.504
reward_toggle:  mean=0.000 std=0.000
reward_other:   mean=0.000 std=0.000
reward parts    total=-1471.401 energy=-369.333 drop=-770.992 qos=-331.076 toggle=0.000 other=0.000 | per_step total=-1.471401 energy=-0.369333 drop=-0.770992 qos=-0.331076 toggle=0.000000 other=0.000000
reward_toggle_on:  mean=0.000 std=0.000
reward_toggle_off: mean=0.000 std=0.000
reward_toggle_harm: mean=0.000 std=0.000
delta_dropped_after_toggle mean=0.0000
delta_qos_after_toggle mean=0.000000
pending_toggle_harm mean=0.000
toggle_harm_max_dd mean=0.000000
toggle_harm_max_dq mean=0.000000
qos_violation:  mean=0.3811 std=0.2070
qos debug       qos_viol_steps_mean=381.10 qos_allow_on_steps_mean=380.60 norm_drop_step_mean=0.030840 qos_sum_mean=-331.076 qos_penalty_per_viol_step_mean=-0.666636
cd mask debug   dbg_cd_block_mask_val_last_mean=-999.00 dbg_cd_block_mask_samples_mean=0.00 cd_block_mask_mismatch_count_mean=0.00
toggles applied mean=0.00 reverted mean=0.00
toggles total   mean=0.00 std=0.00 rate=0.0000
toggles dir     toggled_on mean=0.00 toggled_off mean=0.00
off budget      used mean=0.00 blocked mean=0.00
total budget    used mean=0.00 blocked mean=0.00
on-edge budget  max_on_edges=15 blocked_on_actions_mean=0.00
toggle gates   attempted=0.00 (0.0000/step) allowed=0.00 (0.0000/step) blocked_budget=0.00 (0.0000/step) blocked_util=0.00 (0.0000/step) blocked_cd=0.00 (0.0000/step) blocked_off_stress=0.00 (0.0000/step) emergency_on_applied=0.00 max_util_mean=0.5414 applied=0.00 (0.0000/step)
gate counters  edge_cd=0.00 global_cd=0.00 budget=0.00 util=0.00 off_stress=0.00 qos_off=0.00 qos_on=0.00
mask stats      valid/step mean=1.47 decision_steps mean=100.00 valid@decision mean=5.74 mask_calls_mean=1000.00
mask split      toggles/step=0.47 on/step=0.40 off/step=0.07 noop/step=1.00
mask split@dec  toggles=4.74 on=4.00 off=0.74 noop=1.00
valid_on_actions@decision mean=4.00
on blockers    top=[('on_disabled_by_interval', 0), ('on_disabled_by_missing_edge', 0), ('on_disabled_by_invalid_index', 0), ('on_disabled_by_edge_cooldown', 0), ('on_disabled_by_global_cd', 0)]
on blockers    top_ex_missing=[('on_disabled_by_interval', 0), ('on_disabled_by_invalid_index', 0), ('on_disabled_by_edge_cooldown', 0), ('on_disabled_by_global_cd', 0), ('on_disabled_by_qos_gate', 0)]
on availability early20 mean=4.00 frac_decision_with_any_on=1.000 noop_chosen@decision=1.000
edge state      on_edges_mean=14.00 off_edges_mean=4.00 toggle_budget_remaining_mean=4.00
off saturation  off_edges_first20_dec_mean=4.00 off_edges_all_dec_mean=4.00 decision_step_off_zero_mean=-1.00
demand stats:   mean_demand_per_step=14.477

[summary:CUSTOM] trained(det) vs noop: better=YES Δreward=+80.329 Δenergy=+0.038878 Δdropped=-20.812 (pass: offstart(dropped+energy))
[summary:CUSTOM] trained(stoch) vs noop: better=YES Δreward=+64.652 Δenergy=+0.039211 Δdropped=-14.306 (pass: offstart(dropped+energy))
[summary:CUSTOM] random_masked(stoch) vs noop: better=YES Δreward=+121.069 Δenergy=+0.034711 Δdropped=-23.267 (pass: offstart(dropped+energy))
