[device] torch.mps_available=True torch.cuda_available=False sb3_device=mps
Evaluating model: artifacts/locked/normal/20260220_111755_100k/model.zip
[model] path=/Users/enionismaili/Desktop/GreenNet/artifacts/locked/20260220_111755_100k/ppo_greennet.zip size_bytes=225626 size_mb=0.215 mtime_utc=2026-02-20T12:02:24.687934+00:00
[env_config] Loaded from artifacts/locked/normal/20260220_111755_100k/env_config.json (keys=['base_capacity', 'base_latency_ms', 'blocked_action_penalty', 'calm_toggle_multiplier_off', 'debug_logs', 'decision_interval_steps', 'demand_max', 'demand_min', 'demand_norm_scale', 'directed', 'disable_off_actions', 'drop_penalty_lambda', 'edge_prob', 'enable_forecasting', 'energy_weight', 'flows_per_step', 'forecast_alpha', 'forecast_horizon_steps', 'global_toggle_cooldown_steps', 'initial_off_edges', 'initial_off_seed', 'max_emergency_on_toggles_per_episode', 'max_off_toggles_per_episode', 'max_steps', 'max_total_toggles_per_episode', 'max_util_off_allow_threshold', 'node_count', 'noop_bonus', 'normalize_drop', 'off_calm_steps_required', 'off_start_guard_decision_steps', 'off_toggle_penalty_scale', 'qos_guard_margin', 'qos_guard_margin_off', 'qos_guard_margin_on', 'qos_guard_penalty_scale', 'qos_min_volume', 'qos_target_norm_drop', 'qos_toggle_discount_on', 'qos_violation_penalty_scale', 'revert_penalty_scale', 'saturation_util_threshold', 'toggle_apply_penalty', 'toggle_attempt_penalty', 'toggle_cooldown_steps', 'toggle_off_penalty_scale', 'toggle_on_penalty_scale', 'toggle_penalty', 'top_k_edge_utils', 'topology_randomize', 'topology_seed', 'topology_seeds', 'traffic_avg_bursts_per_step', 'traffic_duration_range', 'traffic_elephant_size_range', 'traffic_hotspots', 'traffic_mice_size_range', 'traffic_model', 'traffic_p_elephant', 'traffic_scenario', 'traffic_scenario_duration', 'traffic_scenario_frequency', 'traffic_scenario_intensity', 'traffic_scenario_version', 'traffic_seed', 'traffic_spike_duration_range', 'traffic_spike_multiplier_range', 'traffic_spike_prob', 'util_block_threshold', 'util_unblock_threshold'])
[eval] using env_config keys: ['base_capacity', 'base_latency_ms', 'blocked_action_penalty', 'calm_toggle_multiplier_off', 'debug_logs', 'decision_interval_steps', 'demand_max', 'demand_min', 'demand_norm_scale', 'directed', 'disable_off_actions', 'drop_penalty_lambda', 'edge_prob', 'enable_forecasting', 'energy_weight', 'flows_per_step', 'forecast_alpha', 'forecast_horizon_steps', 'global_toggle_cooldown_steps', 'initial_off_edges', 'initial_off_seed', 'max_emergency_on_toggles_per_episode', 'max_off_toggles_per_episode', 'max_steps', 'max_total_toggles_per_episode', 'max_util_off_allow_threshold', 'node_count', 'noop_bonus', 'normalize_drop', 'off_calm_steps_required', 'off_start_guard_decision_steps', 'off_toggle_penalty_scale', 'qos_guard_margin', 'qos_guard_margin_off', 'qos_guard_margin_on', 'qos_guard_penalty_scale', 'qos_min_volume', 'qos_target_norm_drop', 'qos_toggle_discount_on', 'qos_violation_penalty_scale', 'revert_penalty_scale', 'saturation_util_threshold', 'toggle_apply_penalty', 'toggle_attempt_penalty', 'toggle_cooldown_steps', 'toggle_off_penalty_scale', 'toggle_on_penalty_scale', 'toggle_penalty', 'top_k_edge_utils', 'topology_randomize', 'topology_seed', 'topology_seeds', 'traffic_avg_bursts_per_step', 'traffic_duration_range', 'traffic_elephant_size_range', 'traffic_hotspots', 'traffic_mice_size_range', 'traffic_model', 'traffic_p_elephant', 'traffic_scenario', 'traffic_scenario_duration', 'traffic_scenario_frequency', 'traffic_scenario_intensity', 'traffic_scenario_version', 'traffic_seed', 'traffic_spike_duration_range', 'traffic_spike_multiplier_range', 'traffic_spike_prob', 'util_block_threshold', 'util_unblock_threshold']
EVAL MODE: disable_off_actions=False initial_off_edges=2 max_total_toggles=4 traffic_scenario=hotspot toggle_on_penalty_scale=0.300000 toggle_off_penalty_scale=0.200000 energy_weight=240.000000 eval_max_on_edges=16
SUMMARY TOLERANCES (CUSTOM): reward>=-0.500 dropped<=+1.000 |energy|<=0.020000
EVAL TRACK: CUSTOM (initial_off_edges=2, max_total_toggles=4)
[eval] no train_config found; using defaults for PPO keys.
[device] loaded MaskablePPO on: mps:0
[mask reasons ep1 step=10] {'interval': 0, 'sim_none_or_no_edges': 0, 'invalid_index': 0, 'missing_edge': 0, 'bridge': 0, 'global_cd': 0, 'off_disabled': 0, 'off_start_guard': 0, 'off_cap': 0, 'off_all_on_calm': 0, 'off_calm_streak': 16, 'demand_gate': 0, 'qos_guard': 0, 'off_stress_gate': 0, 'util_gate': 0, 'edge_cooldown': 0, 'total_cap': 0, 'on_disabled_by_interval': 0, 'on_disabled_by_missing_edge': 0, 'on_disabled_by_invalid_index': 0, 'on_disabled_by_edge_cooldown': 0, 'on_disabled_by_global_cd': 0, 'on_disabled_by_qos_gate': 0, 'on_disabled_by_sim_none_or_no_edges': 0}
[mask reasons ep1 step=20] {'interval': 0, 'sim_none_or_no_edges': 0, 'invalid_index': 0, 'missing_edge': 0, 'bridge': 0, 'global_cd': 0, 'off_disabled': 0, 'off_start_guard': 0, 'off_cap': 0, 'off_all_on_calm': 0, 'off_calm_streak': 16, 'demand_gate': 0, 'qos_guard': 0, 'off_stress_gate': 0, 'util_gate': 0, 'edge_cooldown': 0, 'total_cap': 0, 'on_disabled_by_interval': 0, 'on_disabled_by_missing_edge': 0, 'on_disabled_by_invalid_index': 0, 'on_disabled_by_edge_cooldown': 0, 'on_disabled_by_global_cd': 0, 'on_disabled_by_qos_gate': 0, 'on_disabled_by_sim_none_or_no_edges': 0}
[mask reasons ep1 step=30] {'interval': 0, 'sim_none_or_no_edges': 0, 'invalid_index': 0, 'missing_edge': 0, 'bridge': 0, 'global_cd': 0, 'off_disabled': 0, 'off_start_guard': 0, 'off_cap': 0, 'off_all_on_calm': 0, 'off_calm_streak': 16, 'demand_gate': 0, 'qos_guard': 0, 'off_stress_gate': 0, 'util_gate': 0, 'edge_cooldown': 0, 'total_cap': 0, 'on_disabled_by_interval': 0, 'on_disabled_by_missing_edge': 0, 'on_disabled_by_invalid_index': 0, 'on_disabled_by_edge_cooldown': 0, 'on_disabled_by_global_cd': 0, 'on_disabled_by_qos_gate': 0, 'on_disabled_by_sim_none_or_no_edges': 0}
[mask reasons ep1 step=40] {'interval': 0, 'sim_none_or_no_edges': 0, 'invalid_index': 0, 'missing_edge': 0, 'bridge': 0, 'global_cd': 0, 'off_disabled': 0, 'off_start_guard': 0, 'off_cap': 0, 'off_all_on_calm': 0, 'off_calm_streak': 16, 'demand_gate': 0, 'qos_guard': 0, 'off_stress_gate': 0, 'util_gate': 0, 'edge_cooldown': 0, 'total_cap': 0, 'on_disabled_by_interval': 0, 'on_disabled_by_missing_edge': 0, 'on_disabled_by_invalid_index': 0, 'on_disabled_by_edge_cooldown': 0, 'on_disabled_by_global_cd': 0, 'on_disabled_by_qos_gate': 0, 'on_disabled_by_sim_none_or_no_edges': 0}
[mask reasons ep1 step=50] {'interval': 0, 'sim_none_or_no_edges': 0, 'invalid_index': 0, 'missing_edge': 0, 'bridge': 0, 'global_cd': 0, 'off_disabled': 0, 'off_start_guard': 0, 'off_cap': 0, 'off_all_on_calm': 0, 'off_calm_streak': 16, 'demand_gate': 0, 'qos_guard': 0, 'off_stress_gate': 0, 'util_gate': 0, 'edge_cooldown': 0, 'total_cap': 0, 'on_disabled_by_interval': 0, 'on_disabled_by_missing_edge': 0, 'on_disabled_by_invalid_index': 0, 'on_disabled_by_edge_cooldown': 0, 'on_disabled_by_global_cd': 0, 'on_disabled_by_qos_gate': 0, 'on_disabled_by_sim_none_or_no_edges': 0}

=== Evaluation: trained (det, 10 episodes) ===
traffic cfg:    model=stochastic seed=None avg_bursts=2.0 p_elephant=0.05 scenario=hotspot disable_off_actions=False initial_off_edges=2
edge universe   size_mean=18.00 initial_off_requested_mean=2.00 initial_off_applied_mean=2.00
episode_reward: mean=-1397.008 std=283.413
energy_kwh:     mean=1.649000 std=0.093888
dropped:        mean=995.981 std=91.620
delivered:      mean=13461.219 std=357.753
norm_drop:      mean=0.06883 std=0.00529
reward_energy:  mean=-395.760 std=22.533
reward_drop:    mean=-752.205 std=58.818
reward_qos:     mean=-247.765 std=233.867
reward_toggle:  mean=-1.279 std=0.284
reward_other:   mean=0.000 std=0.000
reward parts    total=-1397.008 energy=-395.760 drop=-752.205 qos=-247.765 toggle=-1.279 other=0.000 | per_step total=-1.397008 energy=-0.395760 drop=-0.752205 qos=-0.247765 toggle=-0.001279 other=0.000000
reward_toggle_on:  mean=-0.540 std=0.120
reward_toggle_off: mean=-0.720 std=0.160
reward_toggle_harm: mean=0.000 std=0.000
delta_dropped_after_toggle mean=0.0000
delta_qos_after_toggle mean=0.000000
pending_toggle_harm mean=0.000
toggle_harm_max_dd mean=0.000000
toggle_harm_max_dq mean=0.000000
qos_violation:  mean=0.3328 std=0.2075
qos debug       qos_viol_steps_mean=332.80 qos_allow_on_steps_mean=332.40 norm_drop_step_mean=0.030088 qos_sum_mean=-247.765 qos_penalty_per_viol_step_mean=-0.550864
cd mask debug   dbg_cd_block_mask_val_last_mean=-999.00 dbg_cd_block_mask_samples_mean=0.00 cd_block_mask_mismatch_count_mean=0.00
toggles applied mean=3.60 reverted mean=0.00
toggles total   mean=3.60 std=0.80 rate=0.0036
toggles dir     toggled_on mean=1.80 toggled_off mean=1.80
off budget      used mean=1.80 blocked mean=0.00
total budget    used mean=3.60 blocked mean=0.00
on-edge budget  max_on_edges=16 blocked_on_actions_mean=61.10
toggle gates   attempted=3.60 (0.0036/step) allowed=3.60 (0.0036/step) blocked_budget=0.00 (0.0000/step) blocked_util=0.00 (0.0000/step) blocked_cd=0.00 (0.0000/step) blocked_off_stress=0.00 (0.0000/step) emergency_on_applied=0.00 max_util_mean=0.5389 applied=3.60 (0.0036/step)
gate counters  edge_cd=0.00 global_cd=0.00 budget=0.00 util=0.00 off_stress=0.00 qos_off=0.00 qos_on=0.00
mask stats      valid/step mean=1.17 decision_steps mean=100.00 valid@decision mean=2.67 mask_calls_mean=1000.00
mask split      toggles/step=0.17 on/step=0.13 off/step=0.04 noop/step=1.00
mask split@dec  toggles=1.68 on=1.31 off=0.36 noop=1.00
valid_on_actions@decision mean=1.31
on blockers    top=[('on_disabled_by_global_cd', 706), ('on_disabled_by_interval', 0), ('on_disabled_by_missing_edge', 0), ('on_disabled_by_invalid_index', 0), ('on_disabled_by_edge_cooldown', 0)]
on blockers    top_ex_missing=[('on_disabled_by_global_cd', 706), ('on_disabled_by_interval', 0), ('on_disabled_by_invalid_index', 0), ('on_disabled_by_edge_cooldown', 0), ('on_disabled_by_qos_gate', 0)]
on availability early20 mean=1.47 frac_decision_with_any_on=0.647 noop_chosen@decision=0.964
edge state      on_edges_mean=15.98 off_edges_mean=2.02 toggle_budget_remaining_mean=0.96
off saturation  off_edges_first20_dec_mean=2.08 off_edges_all_dec_mean=2.02 decision_step_off_zero_mean=-1.00
demand stats:   mean_demand_per_step=14.477
[mask reasons ep1 step=10] {'interval': 0, 'sim_none_or_no_edges': 0, 'invalid_index': 0, 'missing_edge': 0, 'bridge': 0, 'global_cd': 0, 'off_disabled': 0, 'off_start_guard': 0, 'off_cap': 0, 'off_all_on_calm': 0, 'off_calm_streak': 16, 'demand_gate': 0, 'qos_guard': 0, 'off_stress_gate': 0, 'util_gate': 0, 'edge_cooldown': 0, 'total_cap': 0, 'on_disabled_by_interval': 0, 'on_disabled_by_missing_edge': 0, 'on_disabled_by_invalid_index': 0, 'on_disabled_by_edge_cooldown': 0, 'on_disabled_by_global_cd': 0, 'on_disabled_by_qos_gate': 0, 'on_disabled_by_sim_none_or_no_edges': 0}
[mask reasons ep1 step=20] {'interval': 0, 'sim_none_or_no_edges': 0, 'invalid_index': 0, 'missing_edge': 0, 'bridge': 0, 'global_cd': 0, 'off_disabled': 0, 'off_start_guard': 0, 'off_cap': 0, 'off_all_on_calm': 0, 'off_calm_streak': 16, 'demand_gate': 0, 'qos_guard': 0, 'off_stress_gate': 0, 'util_gate': 0, 'edge_cooldown': 0, 'total_cap': 0, 'on_disabled_by_interval': 0, 'on_disabled_by_missing_edge': 0, 'on_disabled_by_invalid_index': 0, 'on_disabled_by_edge_cooldown': 0, 'on_disabled_by_global_cd': 0, 'on_disabled_by_qos_gate': 0, 'on_disabled_by_sim_none_or_no_edges': 0}
[mask reasons ep1 step=30] {'interval': 0, 'sim_none_or_no_edges': 0, 'invalid_index': 0, 'missing_edge': 0, 'bridge': 0, 'global_cd': 0, 'off_disabled': 0, 'off_start_guard': 0, 'off_cap': 0, 'off_all_on_calm': 0, 'off_calm_streak': 16, 'demand_gate': 0, 'qos_guard': 0, 'off_stress_gate': 0, 'util_gate': 0, 'edge_cooldown': 0, 'total_cap': 0, 'on_disabled_by_interval': 0, 'on_disabled_by_missing_edge': 0, 'on_disabled_by_invalid_index': 0, 'on_disabled_by_edge_cooldown': 0, 'on_disabled_by_global_cd': 0, 'on_disabled_by_qos_gate': 0, 'on_disabled_by_sim_none_or_no_edges': 0}
[mask reasons ep1 step=40] {'interval': 0, 'sim_none_or_no_edges': 0, 'invalid_index': 0, 'missing_edge': 0, 'bridge': 0, 'global_cd': 0, 'off_disabled': 0, 'off_start_guard': 0, 'off_cap': 0, 'off_all_on_calm': 0, 'off_calm_streak': 16, 'demand_gate': 0, 'qos_guard': 0, 'off_stress_gate': 0, 'util_gate': 0, 'edge_cooldown': 0, 'total_cap': 0, 'on_disabled_by_interval': 0, 'on_disabled_by_missing_edge': 0, 'on_disabled_by_invalid_index': 0, 'on_disabled_by_edge_cooldown': 0, 'on_disabled_by_global_cd': 0, 'on_disabled_by_qos_gate': 0, 'on_disabled_by_sim_none_or_no_edges': 0}
[mask reasons ep1 step=50] {'interval': 0, 'sim_none_or_no_edges': 0, 'invalid_index': 0, 'missing_edge': 0, 'bridge': 0, 'global_cd': 0, 'off_disabled': 0, 'off_start_guard': 0, 'off_cap': 0, 'off_all_on_calm': 0, 'off_calm_streak': 16, 'demand_gate': 0, 'qos_guard': 0, 'off_stress_gate': 0, 'util_gate': 0, 'edge_cooldown': 0, 'total_cap': 0, 'on_disabled_by_interval': 0, 'on_disabled_by_missing_edge': 0, 'on_disabled_by_invalid_index': 0, 'on_disabled_by_edge_cooldown': 0, 'on_disabled_by_global_cd': 0, 'on_disabled_by_qos_gate': 0, 'on_disabled_by_sim_none_or_no_edges': 0}

=== Evaluation: trained (stoch, 10 episodes) ===
traffic cfg:    model=stochastic seed=None avg_bursts=2.0 p_elephant=0.05 scenario=hotspot disable_off_actions=False initial_off_edges=2
edge universe   size_mean=18.00 initial_off_requested_mean=2.00 initial_off_applied_mean=2.00
episode_reward: mean=-1376.380 std=288.609
energy_kwh:     mean=1.648556 std=0.093757
dropped:        mean=989.647 std=92.008
delivered:      mean=13467.553 std=358.675
norm_drop:      mean=0.06839 std=0.00534
reward_energy:  mean=-395.653 std=22.502
reward_drop:    mean=-746.821 std=60.207
reward_qos:     mean=-232.556 std=237.786
reward_toggle:  mean=-1.350 std=0.213
reward_other:   mean=0.000 std=0.000
reward parts    total=-1376.380 energy=-395.653 drop=-746.821 qos=-232.556 toggle=-1.350 other=0.000 | per_step total=-1.376380 energy=-0.395653 drop=-0.746821 qos=-0.232556 toggle=-0.001350 other=0.000000
reward_toggle_on:  mean=-0.570 std=0.090
reward_toggle_off: mean=-0.760 std=0.120
reward_toggle_harm: mean=0.000 std=0.000
delta_dropped_after_toggle mean=0.0000
delta_qos_after_toggle mean=0.000000
pending_toggle_harm mean=0.000
toggle_harm_max_dd mean=0.000000
toggle_harm_max_dq mean=0.000000
qos_violation:  mean=0.3187 std=0.2097
qos debug       qos_viol_steps_mean=318.70 qos_allow_on_steps_mean=318.30 norm_drop_step_mean=0.029873 qos_sum_mean=-232.556 qos_penalty_per_viol_step_mean=-0.512646
cd mask debug   dbg_cd_block_mask_val_last_mean=-999.00 dbg_cd_block_mask_samples_mean=0.00 cd_block_mask_mismatch_count_mean=0.00
toggles applied mean=3.80 reverted mean=0.00
toggles total   mean=3.80 std=0.60 rate=0.0038
toggles dir     toggled_on mean=1.90 toggled_off mean=1.90
off budget      used mean=1.90 blocked mean=0.00
total budget    used mean=3.80 blocked mean=0.00
on-edge budget  max_on_edges=16 blocked_on_actions_mean=48.00
toggle gates   attempted=3.80 (0.0038/step) allowed=3.80 (0.0038/step) blocked_budget=0.00 (0.0000/step) blocked_util=0.00 (0.0000/step) blocked_cd=0.00 (0.0000/step) blocked_off_stress=0.00 (0.0000/step) emergency_on_applied=0.00 max_util_mean=0.5380 applied=3.80 (0.0038/step)
gate counters  edge_cd=0.00 global_cd=0.00 budget=0.00 util=0.00 off_stress=0.00 qos_off=0.00 qos_on=0.00
mask stats      valid/step mean=1.16 decision_steps mean=100.00 valid@decision mean=2.60 mask_calls_mean=1000.00
mask split      toggles/step=0.16 on/step=0.12 off/step=0.04 noop/step=1.00
mask split@dec  toggles=1.60 on=1.19 off=0.41 noop=1.00
valid_on_actions@decision mean=1.19
on blockers    top=[('on_disabled_by_global_cd', 838), ('on_disabled_by_interval', 0), ('on_disabled_by_missing_edge', 0), ('on_disabled_by_invalid_index', 0), ('on_disabled_by_edge_cooldown', 0)]
on blockers    top_ex_missing=[('on_disabled_by_global_cd', 838), ('on_disabled_by_interval', 0), ('on_disabled_by_invalid_index', 0), ('on_disabled_by_edge_cooldown', 0), ('on_disabled_by_qos_gate', 0)]
on availability early20 mean=1.44 frac_decision_with_any_on=0.581 noop_chosen@decision=0.962
edge state      on_edges_mean=15.97 off_edges_mean=2.03 toggle_budget_remaining_mean=0.81
off saturation  off_edges_first20_dec_mean=2.12 off_edges_all_dec_mean=2.03 decision_step_off_zero_mean=-1.00
demand stats:   mean_demand_per_step=14.477

=== Evaluation: random_masked (stoch, 10 episodes) ===
traffic cfg:    model=stochastic seed=None avg_bursts=2.0 p_elephant=0.05 scenario=hotspot disable_off_actions=False initial_off_edges=2
edge universe   size_mean=18.00 initial_off_requested_mean=2.00 initial_off_applied_mean=2.00
episode_reward: mean=-1353.425 std=263.175
energy_kwh:     mean=1.648611 std=0.093609
dropped:        mean=988.696 std=84.975
delivered:      mean=13465.904 std=353.611
norm_drop:      mean=0.06834 std=0.00470
reward_energy:  mean=-395.667 std=22.466
reward_drop:    mean=-743.484 std=60.662
reward_qos:     mean=-212.924 std=209.210
reward_toggle:  mean=-1.350 std=0.213
reward_other:   mean=0.000 std=0.000
reward parts    total=-1353.425 energy=-395.667 drop=-743.484 qos=-212.924 toggle=-1.350 other=0.000 | per_step total=-1.353425 energy=-0.395667 drop=-0.743484 qos=-0.212924 toggle=-0.001350 other=0.000000
reward_toggle_on:  mean=-0.570 std=0.090
reward_toggle_off: mean=-0.760 std=0.120
reward_toggle_harm: mean=0.000 std=0.000
delta_dropped_after_toggle mean=0.0000
delta_qos_after_toggle mean=0.000000
pending_toggle_harm mean=0.000
toggle_harm_max_dd mean=0.000000
toggle_harm_max_dq mean=0.000000
qos_violation:  mean=0.3262 std=0.1919
qos debug       qos_viol_steps_mean=326.20 qos_allow_on_steps_mean=326.00 norm_drop_step_mean=0.029739 qos_sum_mean=-212.924 qos_penalty_per_viol_step_mean=-0.483454
cd mask debug   dbg_cd_block_mask_val_last_mean=-999.00 dbg_cd_block_mask_samples_mean=0.00 cd_block_mask_mismatch_count_mean=0.00
toggles applied mean=3.80 reverted mean=0.00
toggles total   mean=3.80 std=0.60 rate=0.0038
toggles dir     toggled_on mean=1.90 toggled_off mean=1.90
off budget      used mean=1.90 blocked mean=0.00
total budget    used mean=3.80 blocked mean=0.00
on-edge budget  max_on_edges=16 blocked_on_actions_mean=56.90
toggle gates   attempted=3.80 (0.0038/step) allowed=3.80 (0.0038/step) blocked_budget=0.00 (0.0000/step) blocked_util=0.00 (0.0000/step) blocked_cd=0.00 (0.0000/step) blocked_off_stress=0.00 (0.0000/step) emergency_on_applied=0.00 max_util_mean=0.5376 applied=3.80 (0.0038/step)
gate counters  edge_cd=0.00 global_cd=0.00 budget=0.00 util=0.00 off_stress=0.00 qos_off=0.00 qos_on=0.00
mask stats      valid/step mean=1.16 decision_steps mean=100.00 valid@decision mean=2.59 mask_calls_mean=1000.00
mask split      toggles/step=0.16 on/step=0.12 off/step=0.03 noop/step=1.00
mask split@dec  toggles=1.59 on=1.24 off=0.35 noop=1.00
valid_on_actions@decision mean=1.24
on blockers    top=[('on_disabled_by_global_cd', 786), ('on_disabled_by_interval', 0), ('on_disabled_by_missing_edge', 0), ('on_disabled_by_invalid_index', 0), ('on_disabled_by_edge_cooldown', 0)]
on blockers    top_ex_missing=[('on_disabled_by_global_cd', 786), ('on_disabled_by_interval', 0), ('on_disabled_by_invalid_index', 0), ('on_disabled_by_edge_cooldown', 0), ('on_disabled_by_qos_gate', 0)]
on availability early20 mean=1.48 frac_decision_with_any_on=0.607 noop_chosen@decision=0.962
edge state      on_edges_mean=15.97 off_edges_mean=2.02 toggle_budget_remaining_mean=0.80
off saturation  off_edges_first20_dec_mean=2.12 off_edges_all_dec_mean=2.02 decision_step_off_zero_mean=-1.00
demand stats:   mean_demand_per_step=14.477

=== Evaluation: always_noop (det, 10 episodes) ===
traffic cfg:    model=stochastic seed=None avg_bursts=2.0 p_elephant=0.05 scenario=hotspot disable_off_actions=False initial_off_edges=2
edge universe   size_mean=18.00 initial_off_requested_mean=2.00 initial_off_applied_mean=2.00
episode_reward: mean=-1395.970 std=283.476
energy_kwh:     mean=1.650000 std=0.093789
dropped:        mean=995.981 std=91.620
delivered:      mean=13461.219 std=357.753
norm_drop:      mean=0.06883 std=0.00529
reward_energy:  mean=-396.000 std=22.509
reward_drop:    mean=-752.205 std=58.818
reward_qos:     mean=-247.765 std=233.867
reward_toggle:  mean=0.000 std=0.000
reward_other:   mean=0.000 std=0.000
reward parts    total=-1395.970 energy=-396.000 drop=-752.205 qos=-247.765 toggle=0.000 other=0.000 | per_step total=-1.395970 energy=-0.396000 drop=-0.752205 qos=-0.247765 toggle=0.000000 other=0.000000
reward_toggle_on:  mean=0.000 std=0.000
reward_toggle_off: mean=0.000 std=0.000
reward_toggle_harm: mean=0.000 std=0.000
delta_dropped_after_toggle mean=0.0000
delta_qos_after_toggle mean=0.000000
pending_toggle_harm mean=0.000
toggle_harm_max_dd mean=0.000000
toggle_harm_max_dq mean=0.000000
qos_violation:  mean=0.3328 std=0.2075
qos debug       qos_viol_steps_mean=332.80 qos_allow_on_steps_mean=332.40 norm_drop_step_mean=0.030088 qos_sum_mean=-247.765 qos_penalty_per_viol_step_mean=-0.550864
cd mask debug   dbg_cd_block_mask_val_last_mean=-999.00 dbg_cd_block_mask_samples_mean=0.00 cd_block_mask_mismatch_count_mean=0.00
toggles applied mean=0.00 reverted mean=0.00
toggles total   mean=0.00 std=0.00 rate=0.0000
toggles dir     toggled_on mean=0.00 toggled_off mean=0.00
off budget      used mean=0.00 blocked mean=0.00
total budget    used mean=0.00 blocked mean=0.00
on-edge budget  max_on_edges=16 blocked_on_actions_mean=0.00
toggle gates   attempted=0.00 (0.0000/step) allowed=0.00 (0.0000/step) blocked_budget=0.00 (0.0000/step) blocked_util=0.00 (0.0000/step) blocked_cd=0.00 (0.0000/step) blocked_off_stress=0.00 (0.0000/step) emergency_on_applied=0.00 max_util_mean=0.5389 applied=0.00 (0.0000/step)
gate counters  edge_cd=0.00 global_cd=0.00 budget=0.00 util=0.00 off_stress=0.00 qos_off=0.00 qos_on=0.00
mask stats      valid/step mean=1.29 decision_steps mean=100.00 valid@decision mean=3.90 mask_calls_mean=1000.00
mask split      toggles/step=0.29 on/step=0.20 off/step=0.09 noop/step=1.00
mask split@dec  toggles=2.90 on=2.00 off=0.90 noop=1.00
valid_on_actions@decision mean=2.00
on blockers    top=[('on_disabled_by_interval', 0), ('on_disabled_by_missing_edge', 0), ('on_disabled_by_invalid_index', 0), ('on_disabled_by_edge_cooldown', 0), ('on_disabled_by_global_cd', 0)]
on blockers    top_ex_missing=[('on_disabled_by_interval', 0), ('on_disabled_by_invalid_index', 0), ('on_disabled_by_edge_cooldown', 0), ('on_disabled_by_global_cd', 0), ('on_disabled_by_qos_gate', 0)]
on availability early20 mean=2.00 frac_decision_with_any_on=1.000 noop_chosen@decision=1.000
edge state      on_edges_mean=16.00 off_edges_mean=2.00 toggle_budget_remaining_mean=4.00
off saturation  off_edges_first20_dec_mean=2.00 off_edges_all_dec_mean=2.00 decision_step_off_zero_mean=-1.00
demand stats:   mean_demand_per_step=14.477

[summary:CUSTOM] trained(det) vs noop: better=YES Δreward=-1.039 Δenergy=-0.001000 Δdropped=+0.000 (pass: offstart(dropped+energy))
[summary:CUSTOM] trained(stoch) vs noop: better=YES Δreward=+19.590 Δenergy=-0.001444 Δdropped=-6.333 (pass: offstart(dropped+energy))
[summary:CUSTOM] random_masked(stoch) vs noop: better=YES Δreward=+42.545 Δenergy=-0.001389 Δdropped=-7.285 (pass: offstart(dropped+energy))
