[device] torch.mps_available=True torch.cuda_available=False sb3_device=mps
Evaluating model: runs/20260220_172442/ppo_greennet.zip
[model] path=/Users/oltazagraxha/Desktop/GreenNet/runs/20260220_172442/ppo_greennet.zip size_bytes=223726 size_mb=0.213 mtime_utc=2026-02-20T17:30:51.863334+00:00
[env_config] Loaded from runs/20260220_172442/env_config.json (keys=['base_capacity', 'base_latency_ms', 'blocked_action_penalty', 'calm_toggle_multiplier_off', 'debug_logs', 'decision_interval_steps', 'demand_max', 'demand_min', 'demand_norm_scale', 'directed', 'disable_off_actions', 'drop_penalty_lambda', 'edge_prob', 'enable_forecasting', 'energy_weight', 'flows_per_step', 'forecast_alpha', 'forecast_horizon_steps', 'global_toggle_cooldown_steps', 'initial_off_edges', 'initial_off_seed', 'max_emergency_on_toggles_per_episode', 'max_off_toggles_per_episode', 'max_steps', 'max_total_toggles_per_episode', 'max_util_off_allow_threshold', 'node_count', 'noop_bonus', 'normalize_drop', 'off_calm_steps_required', 'off_start_guard_decision_steps', 'off_toggle_penalty_scale', 'qos_guard_margin', 'qos_guard_margin_off', 'qos_guard_margin_on', 'qos_guard_penalty_scale', 'qos_min_volume', 'qos_target_norm_drop', 'qos_toggle_discount_on', 'qos_violation_penalty_scale', 'revert_penalty_scale', 'saturation_util_threshold', 'toggle_apply_penalty', 'toggle_attempt_penalty', 'toggle_cooldown_steps', 'toggle_off_penalty_scale', 'toggle_on_penalty_scale', 'toggle_penalty', 'top_k_edge_utils', 'topology_randomize', 'topology_seed', 'topology_seeds', 'traffic_avg_bursts_per_step', 'traffic_duration_range', 'traffic_elephant_size_range', 'traffic_hotspots', 'traffic_mice_size_range', 'traffic_model', 'traffic_p_elephant', 'traffic_scenario', 'traffic_scenario_duration', 'traffic_scenario_frequency', 'traffic_scenario_intensity', 'traffic_scenario_version', 'traffic_seed', 'traffic_spike_duration_range', 'traffic_spike_multiplier_range', 'traffic_spike_prob', 'util_block_threshold', 'util_unblock_threshold'])
[eval] using env_config keys: ['base_capacity', 'base_latency_ms', 'blocked_action_penalty', 'calm_toggle_multiplier_off', 'debug_logs', 'decision_interval_steps', 'demand_max', 'demand_min', 'demand_norm_scale', 'directed', 'disable_off_actions', 'drop_penalty_lambda', 'edge_prob', 'enable_forecasting', 'energy_weight', 'flows_per_step', 'forecast_alpha', 'forecast_horizon_steps', 'global_toggle_cooldown_steps', 'initial_off_edges', 'initial_off_seed', 'max_emergency_on_toggles_per_episode', 'max_off_toggles_per_episode', 'max_steps', 'max_total_toggles_per_episode', 'max_util_off_allow_threshold', 'node_count', 'noop_bonus', 'normalize_drop', 'off_calm_steps_required', 'off_start_guard_decision_steps', 'off_toggle_penalty_scale', 'qos_guard_margin', 'qos_guard_margin_off', 'qos_guard_margin_on', 'qos_guard_penalty_scale', 'qos_min_volume', 'qos_target_norm_drop', 'qos_toggle_discount_on', 'qos_violation_penalty_scale', 'revert_penalty_scale', 'saturation_util_threshold', 'toggle_apply_penalty', 'toggle_attempt_penalty', 'toggle_cooldown_steps', 'toggle_off_penalty_scale', 'toggle_on_penalty_scale', 'toggle_penalty', 'top_k_edge_utils', 'topology_randomize', 'topology_seed', 'topology_seeds', 'traffic_avg_bursts_per_step', 'traffic_duration_range', 'traffic_elephant_size_range', 'traffic_hotspots', 'traffic_mice_size_range', 'traffic_model', 'traffic_p_elephant', 'traffic_scenario', 'traffic_scenario_duration', 'traffic_scenario_frequency', 'traffic_scenario_intensity', 'traffic_scenario_version', 'traffic_seed', 'traffic_spike_duration_range', 'traffic_spike_multiplier_range', 'traffic_spike_prob', 'util_block_threshold', 'util_unblock_threshold']
EVAL MODE: disable_off_actions=False initial_off_edges=4 max_total_toggles=2 traffic_scenario=burst toggle_on_penalty_scale=0.300000 toggle_off_penalty_scale=0.200000 energy_weight=2400.000000
SUMMARY TOLERANCES (CUSTOM): reward>=-0.500 dropped<=+1.000 |energy|<=0.020000
EVAL TRACK: CUSTOM (initial_off_edges=4, max_total_toggles=2)
[eval] loaded train_config keys: ['env', 'eval_seed', 'ppo', 'seed', 'topology_seed', 'total_timesteps', 'traffic_seed', 'train_seed']
[device] loaded MaskablePPO on: mps:0
[mask reasons ep1 step=10] {'interval': 0, 'sim_none_or_no_edges': 0, 'invalid_index': 0, 'missing_edge': 0, 'bridge': 0, 'global_cd': 0, 'off_disabled': 0, 'off_start_guard': 0, 'off_cap': 0, 'off_all_on_calm': 0, 'off_calm_streak': 14, 'demand_gate': 0, 'qos_guard': 0, 'off_stress_gate': 0, 'util_gate': 0, 'edge_cooldown': 0, 'total_cap': 0, 'on_disabled_by_interval': 0, 'on_disabled_by_missing_edge': 0, 'on_disabled_by_invalid_index': 0, 'on_disabled_by_edge_cooldown': 0, 'on_disabled_by_global_cd': 0, 'on_disabled_by_qos_gate': 0, 'on_disabled_by_sim_none_or_no_edges': 0}
[mask reasons ep1 step=20] {'interval': 0, 'sim_none_or_no_edges': 0, 'invalid_index': 0, 'missing_edge': 0, 'bridge': 0, 'global_cd': 0, 'off_disabled': 0, 'off_start_guard': 0, 'off_cap': 0, 'off_all_on_calm': 0, 'off_calm_streak': 15, 'demand_gate': 0, 'qos_guard': 0, 'off_stress_gate': 0, 'util_gate': 0, 'edge_cooldown': 0, 'total_cap': 0, 'on_disabled_by_interval': 0, 'on_disabled_by_missing_edge': 0, 'on_disabled_by_invalid_index': 0, 'on_disabled_by_edge_cooldown': 0, 'on_disabled_by_global_cd': 0, 'on_disabled_by_qos_gate': 0, 'on_disabled_by_sim_none_or_no_edges': 0}
[mask reasons ep1 step=30] {'interval': 0, 'sim_none_or_no_edges': 0, 'invalid_index': 0, 'missing_edge': 0, 'bridge': 0, 'global_cd': 0, 'off_disabled': 0, 'off_start_guard': 0, 'off_cap': 0, 'off_all_on_calm': 0, 'off_calm_streak': 0, 'demand_gate': 0, 'qos_guard': 0, 'off_stress_gate': 0, 'util_gate': 0, 'edge_cooldown': 0, 'total_cap': 18, 'on_disabled_by_interval': 0, 'on_disabled_by_missing_edge': 0, 'on_disabled_by_invalid_index': 0, 'on_disabled_by_edge_cooldown': 0, 'on_disabled_by_global_cd': 2, 'on_disabled_by_qos_gate': 0, 'on_disabled_by_sim_none_or_no_edges': 0}
[mask reasons ep1 step=40] {'interval': 0, 'sim_none_or_no_edges': 0, 'invalid_index': 0, 'missing_edge': 0, 'bridge': 0, 'global_cd': 0, 'off_disabled': 0, 'off_start_guard': 0, 'off_cap': 0, 'off_all_on_calm': 0, 'off_calm_streak': 0, 'demand_gate': 0, 'qos_guard': 0, 'off_stress_gate': 0, 'util_gate': 0, 'edge_cooldown': 0, 'total_cap': 18, 'on_disabled_by_interval': 0, 'on_disabled_by_missing_edge': 0, 'on_disabled_by_invalid_index': 0, 'on_disabled_by_edge_cooldown': 0, 'on_disabled_by_global_cd': 2, 'on_disabled_by_qos_gate': 0, 'on_disabled_by_sim_none_or_no_edges': 0}
[mask reasons ep1 step=50] {'interval': 0, 'sim_none_or_no_edges': 0, 'invalid_index': 0, 'missing_edge': 0, 'bridge': 0, 'global_cd': 0, 'off_disabled': 0, 'off_start_guard': 0, 'off_cap': 0, 'off_all_on_calm': 0, 'off_calm_streak': 0, 'demand_gate': 0, 'qos_guard': 0, 'off_stress_gate': 0, 'util_gate': 0, 'edge_cooldown': 0, 'total_cap': 18, 'on_disabled_by_interval': 0, 'on_disabled_by_missing_edge': 0, 'on_disabled_by_invalid_index': 0, 'on_disabled_by_edge_cooldown': 0, 'on_disabled_by_global_cd': 2, 'on_disabled_by_qos_gate': 0, 'on_disabled_by_sim_none_or_no_edges': 0}

=== Evaluation: trained (det, 10 episodes) ===
traffic cfg:    model=stochastic seed=10042 avg_bursts=4.0 p_elephant=0.08 scenario=burst disable_off_actions=False initial_off_edges=4
edge universe   size_mean=18.00 initial_off_requested_mean=4.00 initial_off_applied_mean=4.00
episode_reward: mean=-5668.206 std=91.938
energy_kwh:     mean=1.714889 std=0.095857
dropped:        mean=3280.104 std=246.296
delivered:      mean=36965.996 std=239.807
norm_drop:      mean=0.08150 std=0.00611
reward_energy:  mean=-4115.733 std=230.057
reward_drop:    mean=-924.355 std=59.298
reward_qos:     mean=-627.356 std=218.661
reward_toggle:  mean=-0.761 std=0.000
reward_other:   mean=0.000 std=0.000
reward parts    total=-5668.206 energy=-4115.733 drop=-924.355 qos=-627.356 toggle=-0.761 other=0.000 | per_step total=-5.668206 energy=-4.115733 drop=-0.924355 qos=-0.627356 toggle=-0.000761 other=0.000000
reward_toggle_on:  mean=-0.750 std=0.000
reward_toggle_off: mean=0.000 std=0.000
reward_toggle_harm: mean=0.000 std=0.000
delta_dropped_after_toggle mean=0.0000
delta_qos_after_toggle mean=0.000000
pending_toggle_harm mean=0.000
toggle_harm_max_dd mean=0.000000
toggle_harm_max_dq mean=0.000000
qos_violation:  mean=0.6108 std=0.0408
qos debug       qos_viol_steps_mean=610.80 qos_allow_on_steps_mean=609.80 norm_drop_step_mean=0.036974 qos_sum_mean=-627.356 qos_penalty_per_viol_step_mean=-1.033603
cd mask debug   dbg_cd_block_mask_val_last_mean=-999.00 dbg_cd_block_mask_samples_mean=0.00 cd_block_mask_mismatch_count_mean=0.00
toggles applied mean=4.00 reverted mean=0.00
toggles total   mean=4.00 std=0.00 rate=0.0040
toggles dir     toggled_on mean=4.00 toggled_off mean=0.00
off budget      used mean=0.00 blocked mean=0.00
total budget    used mean=2.00 blocked mean=2.00
toggle gates   attempted=4.00 (0.0040/step) allowed=2.00 (0.0020/step) blocked_budget=2.00 (0.0020/step) blocked_util=0.00 (0.0000/step) blocked_cd=0.00 (0.0000/step) blocked_off_stress=0.00 (0.0000/step) emergency_on_applied=2.00 max_util_mean=0.6524 applied=4.00 (0.0040/step)
gate counters  edge_cd=0.00 global_cd=0.00 budget=0.00 util=0.00 off_stress=0.00 qos_off=0.00 qos_on=0.00
mask stats      valid/step mean=1.01 decision_steps mean=100.00 valid@decision mean=1.10 mask_calls_mean=1000.00
mask split      toggles/step=0.01 on/step=0.01 off/step=0.00 noop/step=1.00
mask split@dec  toggles=0.10 on=0.10 off=0.00 noop=1.00
valid_on_actions@decision mean=0.10
on blockers    top=[('on_disabled_by_global_cd', 736), ('on_disabled_by_interval', 0), ('on_disabled_by_missing_edge', 0), ('on_disabled_by_invalid_index', 0), ('on_disabled_by_edge_cooldown', 0)]
on blockers    top_ex_missing=[('on_disabled_by_global_cd', 736), ('on_disabled_by_interval', 0), ('on_disabled_by_invalid_index', 0), ('on_disabled_by_edge_cooldown', 0), ('on_disabled_by_qos_gate', 0)]
on availability early20 mean=0.35 frac_decision_with_any_on=0.040 noop_chosen@decision=0.960
edge state      on_edges_mean=17.17 off_edges_mean=0.83 toggle_budget_remaining_mean=0.03
off saturation  off_edges_first20_dec_mean=2.05 off_edges_all_dec_mean=0.80 decision_step_off_zero_mean=40.80
demand stats:   mean_demand_per_step=40.284
[mask reasons ep1 step=10] {'interval': 0, 'sim_none_or_no_edges': 0, 'invalid_index': 0, 'missing_edge': 0, 'bridge': 0, 'global_cd': 0, 'off_disabled': 0, 'off_start_guard': 0, 'off_cap': 0, 'off_all_on_calm': 0, 'off_calm_streak': 14, 'demand_gate': 0, 'qos_guard': 0, 'off_stress_gate': 0, 'util_gate': 0, 'edge_cooldown': 0, 'total_cap': 0, 'on_disabled_by_interval': 0, 'on_disabled_by_missing_edge': 0, 'on_disabled_by_invalid_index': 0, 'on_disabled_by_edge_cooldown': 0, 'on_disabled_by_global_cd': 0, 'on_disabled_by_qos_gate': 0, 'on_disabled_by_sim_none_or_no_edges': 0}
[mask reasons ep1 step=20] {'interval': 0, 'sim_none_or_no_edges': 0, 'invalid_index': 0, 'missing_edge': 0, 'bridge': 0, 'global_cd': 0, 'off_disabled': 0, 'off_start_guard': 0, 'off_cap': 0, 'off_all_on_calm': 0, 'off_calm_streak': 15, 'demand_gate': 0, 'qos_guard': 0, 'off_stress_gate': 0, 'util_gate': 0, 'edge_cooldown': 0, 'total_cap': 0, 'on_disabled_by_interval': 0, 'on_disabled_by_missing_edge': 0, 'on_disabled_by_invalid_index': 0, 'on_disabled_by_edge_cooldown': 0, 'on_disabled_by_global_cd': 0, 'on_disabled_by_qos_gate': 0, 'on_disabled_by_sim_none_or_no_edges': 0}
[mask reasons ep1 step=30] {'interval': 0, 'sim_none_or_no_edges': 0, 'invalid_index': 0, 'missing_edge': 0, 'bridge': 0, 'global_cd': 0, 'off_disabled': 0, 'off_start_guard': 0, 'off_cap': 0, 'off_all_on_calm': 0, 'off_calm_streak': 0, 'demand_gate': 0, 'qos_guard': 0, 'off_stress_gate': 0, 'util_gate': 0, 'edge_cooldown': 0, 'total_cap': 18, 'on_disabled_by_interval': 0, 'on_disabled_by_missing_edge': 0, 'on_disabled_by_invalid_index': 0, 'on_disabled_by_edge_cooldown': 0, 'on_disabled_by_global_cd': 2, 'on_disabled_by_qos_gate': 0, 'on_disabled_by_sim_none_or_no_edges': 0}
[mask reasons ep1 step=40] {'interval': 0, 'sim_none_or_no_edges': 0, 'invalid_index': 0, 'missing_edge': 0, 'bridge': 0, 'global_cd': 0, 'off_disabled': 0, 'off_start_guard': 0, 'off_cap': 0, 'off_all_on_calm': 0, 'off_calm_streak': 0, 'demand_gate': 0, 'qos_guard': 0, 'off_stress_gate': 0, 'util_gate': 0, 'edge_cooldown': 0, 'total_cap': 18, 'on_disabled_by_interval': 0, 'on_disabled_by_missing_edge': 0, 'on_disabled_by_invalid_index': 0, 'on_disabled_by_edge_cooldown': 0, 'on_disabled_by_global_cd': 2, 'on_disabled_by_qos_gate': 0, 'on_disabled_by_sim_none_or_no_edges': 0}
[mask reasons ep1 step=50] {'interval': 0, 'sim_none_or_no_edges': 0, 'invalid_index': 0, 'missing_edge': 0, 'bridge': 0, 'global_cd': 0, 'off_disabled': 0, 'off_start_guard': 0, 'off_cap': 0, 'off_all_on_calm': 0, 'off_calm_streak': 0, 'demand_gate': 0, 'qos_guard': 0, 'off_stress_gate': 0, 'util_gate': 0, 'edge_cooldown': 0, 'total_cap': 18, 'on_disabled_by_interval': 0, 'on_disabled_by_missing_edge': 0, 'on_disabled_by_invalid_index': 0, 'on_disabled_by_edge_cooldown': 0, 'on_disabled_by_global_cd': 2, 'on_disabled_by_qos_gate': 0, 'on_disabled_by_sim_none_or_no_edges': 0}

=== Evaluation: trained (stoch, 10 episodes) ===
traffic cfg:    model=stochastic seed=10042 avg_bursts=4.0 p_elephant=0.08 scenario=burst disable_off_actions=False initial_off_edges=4
edge universe   size_mean=18.00 initial_off_requested_mean=4.00 initial_off_applied_mean=4.00
episode_reward: mean=-5703.169 std=118.557
energy_kwh:     mean=1.714222 std=0.095684
dropped:        mean=3305.601 std=263.657
delivered:      mean=36949.199 std=262.570
norm_drop:      mean=0.08212 std=0.00655
reward_energy:  mean=-4114.133 std=229.641
reward_drop:    mean=-930.286 std=62.440
reward_qos:     mean=-657.989 std=238.143
reward_toggle:  mean=-0.761 std=0.000
reward_other:   mean=0.000 std=0.000
reward parts    total=-5703.169 energy=-4114.133 drop=-930.286 qos=-657.989 toggle=-0.761 other=0.000 | per_step total=-5.703169 energy=-4.114133 drop=-0.930286 qos=-0.657989 toggle=-0.000761 other=0.000000
reward_toggle_on:  mean=-0.750 std=0.000
reward_toggle_off: mean=0.000 std=0.000
reward_toggle_harm: mean=0.000 std=0.000
delta_dropped_after_toggle mean=0.0000
delta_qos_after_toggle mean=0.000000
pending_toggle_harm mean=0.000
toggle_harm_max_dd mean=0.000000
toggle_harm_max_dq mean=0.000000
qos_violation:  mean=0.6106 std=0.0436
qos debug       qos_viol_steps_mean=610.60 qos_allow_on_steps_mean=609.60 norm_drop_step_mean=0.037211 qos_sum_mean=-657.989 qos_penalty_per_viol_step_mean=-1.083674
cd mask debug   dbg_cd_block_mask_val_last_mean=-999.00 dbg_cd_block_mask_samples_mean=0.00 cd_block_mask_mismatch_count_mean=0.00
toggles applied mean=4.00 reverted mean=0.00
toggles total   mean=4.00 std=0.00 rate=0.0040
toggles dir     toggled_on mean=4.00 toggled_off mean=0.00
off budget      used mean=0.00 blocked mean=0.00
total budget    used mean=2.00 blocked mean=2.00
toggle gates   attempted=4.00 (0.0040/step) allowed=2.00 (0.0020/step) blocked_budget=2.00 (0.0020/step) blocked_util=0.00 (0.0000/step) blocked_cd=0.00 (0.0000/step) blocked_off_stress=0.00 (0.0000/step) emergency_on_applied=2.00 max_util_mean=0.6520 applied=4.00 (0.0040/step)
gate counters  edge_cd=0.00 global_cd=0.00 budget=0.00 util=0.00 off_stress=0.00 qos_off=0.00 qos_on=0.00
mask stats      valid/step mean=1.01 decision_steps mean=100.00 valid@decision mean=1.13 mask_calls_mean=1000.00
mask split      toggles/step=0.01 on/step=0.01 off/step=0.00 noop/step=1.00
mask split@dec  toggles=0.13 on=0.13 off=0.00 noop=1.00
valid_on_actions@decision mean=0.13
on blockers    top=[('on_disabled_by_global_cd', 722), ('on_disabled_by_interval', 0), ('on_disabled_by_missing_edge', 0), ('on_disabled_by_invalid_index', 0), ('on_disabled_by_edge_cooldown', 0)]
on blockers    top_ex_missing=[('on_disabled_by_global_cd', 722), ('on_disabled_by_interval', 0), ('on_disabled_by_invalid_index', 0), ('on_disabled_by_edge_cooldown', 0), ('on_disabled_by_qos_gate', 0)]
on availability early20 mean=0.41 frac_decision_with_any_on=0.057 noop_chosen@decision=0.960
edge state      on_edges_mean=17.16 off_edges_mean=0.84 toggle_budget_remaining_mean=0.03
off saturation  off_edges_first20_dec_mean=2.07 off_edges_all_dec_mean=0.81 decision_step_off_zero_mean=41.90
demand stats:   mean_demand_per_step=40.284

=== Evaluation: random_masked (stoch, 10 episodes) ===
traffic cfg:    model=stochastic seed=10042 avg_bursts=4.0 p_elephant=0.08 scenario=burst disable_off_actions=False initial_off_edges=4
edge universe   size_mean=18.00 initial_off_requested_mean=4.00 initial_off_applied_mean=4.00
episode_reward: mean=-5716.116 std=105.675
energy_kwh:     mean=1.718278 std=0.091196
dropped:        mean=3304.093 std=232.518
delivered:      mean=36950.207 std=232.053
norm_drop:      mean=0.08208 std=0.00577
reward_energy:  mean=-4123.867 std=218.869
reward_drop:    mean=-930.724 std=56.068
reward_qos:     mean=-660.764 std=201.801
reward_toggle:  mean=-0.761 std=0.000
reward_other:   mean=0.000 std=0.000
reward parts    total=-5716.116 energy=-4123.867 drop=-930.724 qos=-660.764 toggle=-0.761 other=0.000 | per_step total=-5.716116 energy=-4.123867 drop=-0.930724 qos=-0.660764 toggle=-0.000761 other=0.000000
reward_toggle_on:  mean=-0.750 std=0.000
reward_toggle_off: mean=0.000 std=0.000
reward_toggle_harm: mean=0.000 std=0.000
delta_dropped_after_toggle mean=0.0000
delta_qos_after_toggle mean=0.000000
pending_toggle_harm mean=0.000
toggle_harm_max_dd mean=0.000000
toggle_harm_max_dq mean=0.000000
qos_violation:  mean=0.6145 std=0.0407
qos debug       qos_viol_steps_mean=614.50 qos_allow_on_steps_mean=613.50 norm_drop_step_mean=0.037229 qos_sum_mean=-660.764 qos_penalty_per_viol_step_mean=-1.078613
cd mask debug   dbg_cd_block_mask_val_last_mean=-999.00 dbg_cd_block_mask_samples_mean=0.00 cd_block_mask_mismatch_count_mean=0.00
toggles applied mean=4.00 reverted mean=0.00
toggles total   mean=4.00 std=0.00 rate=0.0040
toggles dir     toggled_on mean=4.00 toggled_off mean=0.00
off budget      used mean=0.00 blocked mean=0.00
total budget    used mean=2.00 blocked mean=2.00
toggle gates   attempted=4.00 (0.0040/step) allowed=2.00 (0.0020/step) blocked_budget=2.00 (0.0020/step) blocked_util=0.00 (0.0000/step) blocked_cd=0.00 (0.0000/step) blocked_off_stress=0.00 (0.0000/step) emergency_on_applied=2.00 max_util_mean=0.6517 applied=4.00 (0.0040/step)
gate counters  edge_cd=0.00 global_cd=0.00 budget=0.00 util=0.00 off_stress=0.00 qos_off=0.00 qos_on=0.00
mask stats      valid/step mean=1.01 decision_steps mean=100.00 valid@decision mean=1.10 mask_calls_mean=1000.00
mask split      toggles/step=0.01 on/step=0.01 off/step=0.00 noop/step=1.00
mask split@dec  toggles=0.10 on=0.10 off=0.00 noop=1.00
valid_on_actions@decision mean=0.10
on blockers    top=[('on_disabled_by_global_cd', 675), ('on_disabled_by_interval', 0), ('on_disabled_by_missing_edge', 0), ('on_disabled_by_invalid_index', 0), ('on_disabled_by_edge_cooldown', 0)]
on blockers    top_ex_missing=[('on_disabled_by_global_cd', 675), ('on_disabled_by_interval', 0), ('on_disabled_by_invalid_index', 0), ('on_disabled_by_edge_cooldown', 0), ('on_disabled_by_qos_gate', 0)]
on availability early20 mean=0.37 frac_decision_with_any_on=0.040 noop_chosen@decision=0.960
edge state      on_edges_mean=17.23 off_edges_mean=0.77 toggle_budget_remaining_mean=0.03
off saturation  off_edges_first20_dec_mean=1.97 off_edges_all_dec_mean=0.74 decision_step_off_zero_mean=40.40
demand stats:   mean_demand_per_step=40.284

=== Evaluation: always_noop (det, 10 episodes) ===
traffic cfg:    model=stochastic seed=10042 avg_bursts=4.0 p_elephant=0.08 scenario=burst disable_off_actions=False initial_off_edges=4
edge universe   size_mean=18.00 initial_off_requested_mean=4.00 initial_off_applied_mean=4.00
episode_reward: mean=-6090.491 std=205.999
energy_kwh:     mean=1.538889 std=0.093789
dropped:        mean=4023.944 std=398.006
delivered:      mean=36235.656 std=401.671
norm_drop:      mean=0.09995 std=0.00990
reward_energy:  mean=-3693.333 std=225.093
reward_drop:    mean=-1115.686 std=99.140
reward_qos:     mean=-1281.472 std=301.996
reward_toggle:  mean=0.000 std=0.000
reward_other:   mean=0.000 std=0.000
reward parts    total=-6090.491 energy=-3693.333 drop=-1115.686 qos=-1281.472 toggle=0.000 other=0.000 | per_step total=-6.090491 energy=-3.693333 drop=-1.115686 qos=-1.281472 toggle=0.000000 other=0.000000
reward_toggle_on:  mean=0.000 std=0.000
reward_toggle_off: mean=0.000 std=0.000
reward_toggle_harm: mean=0.000 std=0.000
delta_dropped_after_toggle mean=0.0000
delta_qos_after_toggle mean=0.000000
pending_toggle_harm mean=0.000
toggle_harm_max_dd mean=0.000000
toggle_harm_max_dq mean=0.000000
qos_violation:  mean=0.6614 std=0.0394
qos debug       qos_viol_steps_mean=661.40 qos_allow_on_steps_mean=660.40 norm_drop_step_mean=0.044627 qos_sum_mean=-1281.472 qos_penalty_per_viol_step_mean=-1.924150
cd mask debug   dbg_cd_block_mask_val_last_mean=-999.00 dbg_cd_block_mask_samples_mean=0.00 cd_block_mask_mismatch_count_mean=0.00
toggles applied mean=0.00 reverted mean=0.00
toggles total   mean=0.00 std=0.00 rate=0.0000
toggles dir     toggled_on mean=0.00 toggled_off mean=0.00
off budget      used mean=0.00 blocked mean=0.00
total budget    used mean=0.00 blocked mean=0.00
toggle gates   attempted=0.00 (0.0000/step) allowed=0.00 (0.0000/step) blocked_budget=0.00 (0.0000/step) blocked_util=0.00 (0.0000/step) blocked_cd=0.00 (0.0000/step) blocked_off_stress=0.00 (0.0000/step) emergency_on_applied=0.00 max_util_mean=0.6663 applied=0.00 (0.0000/step)
gate counters  edge_cd=0.00 global_cd=0.00 budget=0.00 util=0.00 off_stress=0.00 qos_off=0.00 qos_on=0.00
mask stats      valid/step mean=1.40 decision_steps mean=100.00 valid@decision mean=5.00 mask_calls_mean=1000.00
mask split      toggles/step=0.40 on/step=0.40 off/step=0.00 noop/step=1.00
mask split@dec  toggles=4.00 on=4.00 off=0.00 noop=1.00
valid_on_actions@decision mean=4.00
on blockers    top=[('on_disabled_by_interval', 0), ('on_disabled_by_missing_edge', 0), ('on_disabled_by_invalid_index', 0), ('on_disabled_by_edge_cooldown', 0), ('on_disabled_by_global_cd', 0)]
on blockers    top_ex_missing=[('on_disabled_by_interval', 0), ('on_disabled_by_invalid_index', 0), ('on_disabled_by_edge_cooldown', 0), ('on_disabled_by_global_cd', 0), ('on_disabled_by_qos_gate', 0)]
on availability early20 mean=4.00 frac_decision_with_any_on=1.000 noop_chosen@decision=1.000
edge state      on_edges_mean=14.00 off_edges_mean=4.00 toggle_budget_remaining_mean=2.00
off saturation  off_edges_first20_dec_mean=4.00 off_edges_all_dec_mean=4.00 decision_step_off_zero_mean=-1.00
demand stats:   mean_demand_per_step=40.284

[summary:CUSTOM] trained(det) vs noop: better=NO Δreward=+422.285 Δenergy=+0.176000 Δdropped=-743.839 (fail: energy(+0.176000>+0.150000))
[summary:CUSTOM] trained(stoch) vs noop: better=NO Δreward=+387.322 Δenergy=+0.175333 Δdropped=-718.343 (fail: energy(+0.175333>+0.150000))
[summary:CUSTOM] random_masked(stoch) vs noop: better=NO Δreward=+374.375 Δenergy=+0.179389 Δdropped=-719.851 (fail: energy(+0.179389>+0.150000))
