[device] torch.mps_available=True torch.cuda_available=False sb3_device=mps
Evaluating model: artifacts/locked/normal/20260220_111755_100k/model.zip
[model] path=/Users/oltazagraxha/Desktop/GreenNet/artifacts/locked/20260220_111755_100k/ppo_greennet.zip size_bytes=225626 size_mb=0.215 mtime_utc=2026-02-20T12:02:24.687934+00:00
[env_config] Loaded from artifacts/locked/normal/20260220_111755_100k/env_config.json (keys=['base_capacity', 'base_latency_ms', 'blocked_action_penalty', 'calm_toggle_multiplier_off', 'debug_logs', 'decision_interval_steps', 'demand_max', 'demand_min', 'demand_norm_scale', 'directed', 'disable_off_actions', 'drop_penalty_lambda', 'edge_prob', 'enable_forecasting', 'energy_weight', 'flows_per_step', 'forecast_alpha', 'forecast_horizon_steps', 'global_toggle_cooldown_steps', 'initial_off_edges', 'initial_off_seed', 'max_emergency_on_toggles_per_episode', 'max_off_toggles_per_episode', 'max_steps', 'max_total_toggles_per_episode', 'max_util_off_allow_threshold', 'node_count', 'noop_bonus', 'normalize_drop', 'off_calm_steps_required', 'off_start_guard_decision_steps', 'off_toggle_penalty_scale', 'qos_guard_margin', 'qos_guard_margin_off', 'qos_guard_margin_on', 'qos_guard_penalty_scale', 'qos_min_volume', 'qos_target_norm_drop', 'qos_toggle_discount_on', 'qos_violation_penalty_scale', 'revert_penalty_scale', 'saturation_util_threshold', 'toggle_apply_penalty', 'toggle_attempt_penalty', 'toggle_cooldown_steps', 'toggle_off_penalty_scale', 'toggle_on_penalty_scale', 'toggle_penalty', 'top_k_edge_utils', 'topology_randomize', 'topology_seed', 'topology_seeds', 'traffic_avg_bursts_per_step', 'traffic_duration_range', 'traffic_elephant_size_range', 'traffic_hotspots', 'traffic_mice_size_range', 'traffic_model', 'traffic_p_elephant', 'traffic_scenario', 'traffic_scenario_duration', 'traffic_scenario_frequency', 'traffic_scenario_intensity', 'traffic_scenario_version', 'traffic_seed', 'traffic_spike_duration_range', 'traffic_spike_multiplier_range', 'traffic_spike_prob', 'util_block_threshold', 'util_unblock_threshold'])
[eval] using env_config keys: ['base_capacity', 'base_latency_ms', 'blocked_action_penalty', 'calm_toggle_multiplier_off', 'debug_logs', 'decision_interval_steps', 'demand_max', 'demand_min', 'demand_norm_scale', 'directed', 'disable_off_actions', 'drop_penalty_lambda', 'edge_prob', 'enable_forecasting', 'energy_weight', 'flows_per_step', 'forecast_alpha', 'forecast_horizon_steps', 'global_toggle_cooldown_steps', 'initial_off_edges', 'initial_off_seed', 'max_emergency_on_toggles_per_episode', 'max_off_toggles_per_episode', 'max_steps', 'max_total_toggles_per_episode', 'max_util_off_allow_threshold', 'node_count', 'noop_bonus', 'normalize_drop', 'off_calm_steps_required', 'off_start_guard_decision_steps', 'off_toggle_penalty_scale', 'qos_guard_margin', 'qos_guard_margin_off', 'qos_guard_margin_on', 'qos_guard_penalty_scale', 'qos_min_volume', 'qos_target_norm_drop', 'qos_toggle_discount_on', 'qos_violation_penalty_scale', 'revert_penalty_scale', 'saturation_util_threshold', 'toggle_apply_penalty', 'toggle_attempt_penalty', 'toggle_cooldown_steps', 'toggle_off_penalty_scale', 'toggle_on_penalty_scale', 'toggle_penalty', 'top_k_edge_utils', 'topology_randomize', 'topology_seed', 'topology_seeds', 'traffic_avg_bursts_per_step', 'traffic_duration_range', 'traffic_elephant_size_range', 'traffic_hotspots', 'traffic_mice_size_range', 'traffic_model', 'traffic_p_elephant', 'traffic_scenario', 'traffic_scenario_duration', 'traffic_scenario_frequency', 'traffic_scenario_intensity', 'traffic_scenario_version', 'traffic_seed', 'traffic_spike_duration_range', 'traffic_spike_multiplier_range', 'traffic_spike_prob', 'util_block_threshold', 'util_unblock_threshold']
EVAL MODE: disable_off_actions=False initial_off_edges=4 max_total_toggles=4 traffic_scenario=hotspot toggle_on_penalty_scale=0.300000 toggle_off_penalty_scale=0.200000 energy_weight=240.000000 eval_max_on_edges=16
SUMMARY TOLERANCES (CUSTOM): reward>=-0.500 dropped<=+1.000 |energy|<=0.020000
EVAL TRACK: CUSTOM (initial_off_edges=4, max_total_toggles=4)
[eval] no train_config found; using defaults for PPO keys.
[device] loaded MaskablePPO on: mps:0
[mask reasons ep1 step=10] {'interval': 0, 'sim_none_or_no_edges': 0, 'invalid_index': 0, 'missing_edge': 0, 'bridge': 0, 'global_cd': 0, 'off_disabled': 0, 'off_start_guard': 0, 'off_cap': 0, 'off_all_on_calm': 0, 'off_calm_streak': 14, 'demand_gate': 0, 'qos_guard': 0, 'off_stress_gate': 0, 'util_gate': 0, 'edge_cooldown': 0, 'total_cap': 0, 'on_disabled_by_interval': 0, 'on_disabled_by_missing_edge': 0, 'on_disabled_by_invalid_index': 0, 'on_disabled_by_edge_cooldown': 0, 'on_disabled_by_global_cd': 0, 'on_disabled_by_qos_gate': 0, 'on_disabled_by_sim_none_or_no_edges': 0}
[mask reasons ep1 step=20] {'interval': 0, 'sim_none_or_no_edges': 0, 'invalid_index': 0, 'missing_edge': 0, 'bridge': 0, 'global_cd': 0, 'off_disabled': 0, 'off_start_guard': 0, 'off_cap': 0, 'off_all_on_calm': 0, 'off_calm_streak': 15, 'demand_gate': 0, 'qos_guard': 0, 'off_stress_gate': 0, 'util_gate': 0, 'edge_cooldown': 0, 'total_cap': 0, 'on_disabled_by_interval': 0, 'on_disabled_by_missing_edge': 0, 'on_disabled_by_invalid_index': 0, 'on_disabled_by_edge_cooldown': 0, 'on_disabled_by_global_cd': 0, 'on_disabled_by_qos_gate': 0, 'on_disabled_by_sim_none_or_no_edges': 0}
[mask reasons ep1 step=30] {'interval': 0, 'sim_none_or_no_edges': 0, 'invalid_index': 0, 'missing_edge': 0, 'bridge': 0, 'global_cd': 0, 'off_disabled': 0, 'off_start_guard': 0, 'off_cap': 0, 'off_all_on_calm': 0, 'off_calm_streak': 16, 'demand_gate': 0, 'qos_guard': 0, 'off_stress_gate': 0, 'util_gate': 0, 'edge_cooldown': 0, 'total_cap': 0, 'on_disabled_by_interval': 0, 'on_disabled_by_missing_edge': 0, 'on_disabled_by_invalid_index': 0, 'on_disabled_by_edge_cooldown': 0, 'on_disabled_by_global_cd': 0, 'on_disabled_by_qos_gate': 0, 'on_disabled_by_sim_none_or_no_edges': 0}
[mask reasons ep1 step=40] {'interval': 0, 'sim_none_or_no_edges': 0, 'invalid_index': 0, 'missing_edge': 0, 'bridge': 0, 'global_cd': 0, 'off_disabled': 0, 'off_start_guard': 0, 'off_cap': 0, 'off_all_on_calm': 0, 'off_calm_streak': 16, 'demand_gate': 0, 'qos_guard': 0, 'off_stress_gate': 0, 'util_gate': 0, 'edge_cooldown': 0, 'total_cap': 0, 'on_disabled_by_interval': 0, 'on_disabled_by_missing_edge': 0, 'on_disabled_by_invalid_index': 0, 'on_disabled_by_edge_cooldown': 0, 'on_disabled_by_global_cd': 0, 'on_disabled_by_qos_gate': 0, 'on_disabled_by_sim_none_or_no_edges': 0}
[mask reasons ep1 step=50] {'interval': 0, 'sim_none_or_no_edges': 0, 'invalid_index': 0, 'missing_edge': 0, 'bridge': 0, 'global_cd': 0, 'off_disabled': 0, 'off_start_guard': 0, 'off_cap': 0, 'off_all_on_calm': 0, 'off_calm_streak': 16, 'demand_gate': 0, 'qos_guard': 0, 'off_stress_gate': 0, 'util_gate': 0, 'edge_cooldown': 0, 'total_cap': 0, 'on_disabled_by_interval': 0, 'on_disabled_by_missing_edge': 0, 'on_disabled_by_invalid_index': 0, 'on_disabled_by_edge_cooldown': 0, 'on_disabled_by_global_cd': 0, 'on_disabled_by_qos_gate': 0, 'on_disabled_by_sim_none_or_no_edges': 0}

=== Evaluation: trained (det, 10 episodes) ===
traffic cfg:    model=stochastic seed=None avg_bursts=2.0 p_elephant=0.05 scenario=hotspot disable_off_actions=False initial_off_edges=4
edge universe   size_mean=18.00 initial_off_requested_mean=4.00 initial_off_applied_mean=4.00
episode_reward: mean=-1355.917 std=234.583
energy_kwh:     mean=1.647889 std=0.093789
dropped:        mean=991.502 std=83.389
delivered:      mean=13463.098 std=355.548
norm_drop:      mean=0.06854 std=0.00463
reward_energy:  mean=-395.493 std=22.509
reward_drop:    mean=-748.271 std=51.932
reward_qos:     mean=-210.834 std=189.295
reward_toggle:  mean=-1.318 std=0.000
reward_other:   mean=0.000 std=0.000
reward parts    total=-1355.917 energy=-395.493 drop=-748.271 qos=-210.834 toggle=-1.318 other=0.000 | per_step total=-1.355917 energy=-0.395493 drop=-0.748271 qos=-0.210834 toggle=-0.001318 other=0.000000
reward_toggle_on:  mean=-0.900 std=0.000
reward_toggle_off: mean=-0.400 std=0.000
reward_toggle_harm: mean=0.000 std=0.000
delta_dropped_after_toggle mean=0.0000
delta_qos_after_toggle mean=0.000000
pending_toggle_harm mean=0.000
toggle_harm_max_dd mean=0.000000
toggle_harm_max_dq mean=0.000000
qos_violation:  mean=0.3320 std=0.1975
qos debug       qos_viol_steps_mean=332.00 qos_allow_on_steps_mean=331.70 norm_drop_step_mean=0.029931 qos_sum_mean=-210.834 qos_penalty_per_viol_step_mean=-0.489117
cd mask debug   dbg_cd_block_mask_val_last_mean=-999.00 dbg_cd_block_mask_samples_mean=0.00 cd_block_mask_mismatch_count_mean=0.00
toggles applied mean=4.00 reverted mean=0.00
toggles total   mean=4.00 std=0.00 rate=0.0040
toggles dir     toggled_on mean=3.00 toggled_off mean=1.00
off budget      used mean=1.00 blocked mean=0.00
total budget    used mean=4.00 blocked mean=0.00
on-edge budget  max_on_edges=16 blocked_on_actions_mean=37.00
toggle gates   attempted=4.00 (0.0040/step) allowed=4.00 (0.0040/step) blocked_budget=0.00 (0.0000/step) blocked_util=0.00 (0.0000/step) blocked_cd=0.00 (0.0000/step) blocked_off_stress=0.00 (0.0000/step) emergency_on_applied=0.00 max_util_mean=0.5378 applied=4.00 (0.0040/step)
gate counters  edge_cd=0.00 global_cd=0.00 budget=0.00 util=0.00 off_stress=0.00 qos_off=0.00 qos_on=0.00
mask stats      valid/step mean=1.11 decision_steps mean=100.00 valid@decision mean=2.09 mask_calls_mean=1000.00
mask split      toggles/step=0.11 on/step=0.09 off/step=0.02 noop/step=1.00
mask split@dec  toggles=1.09 on=0.86 off=0.24 noop=1.00
valid_on_actions@decision mean=0.86
on blockers    top=[('on_disabled_by_global_cd', 1180), ('on_disabled_by_interval', 0), ('on_disabled_by_missing_edge', 0), ('on_disabled_by_invalid_index', 0), ('on_disabled_by_edge_cooldown', 0)]
on blockers    top_ex_missing=[('on_disabled_by_global_cd', 1180), ('on_disabled_by_interval', 0), ('on_disabled_by_invalid_index', 0), ('on_disabled_by_edge_cooldown', 0), ('on_disabled_by_qos_gate', 0)]
on availability early20 mean=0.98 frac_decision_with_any_on=0.410 noop_chosen@decision=0.960
edge state      on_edges_mean=15.96 off_edges_mean=2.04 toggle_budget_remaining_mean=0.17
off saturation  off_edges_first20_dec_mean=2.10 off_edges_all_dec_mean=2.02 decision_step_off_zero_mean=-1.00
demand stats:   mean_demand_per_step=14.477
[mask reasons ep1 step=10] {'interval': 0, 'sim_none_or_no_edges': 0, 'invalid_index': 0, 'missing_edge': 0, 'bridge': 0, 'global_cd': 0, 'off_disabled': 0, 'off_start_guard': 0, 'off_cap': 0, 'off_all_on_calm': 0, 'off_calm_streak': 14, 'demand_gate': 0, 'qos_guard': 0, 'off_stress_gate': 0, 'util_gate': 0, 'edge_cooldown': 0, 'total_cap': 0, 'on_disabled_by_interval': 0, 'on_disabled_by_missing_edge': 0, 'on_disabled_by_invalid_index': 0, 'on_disabled_by_edge_cooldown': 0, 'on_disabled_by_global_cd': 0, 'on_disabled_by_qos_gate': 0, 'on_disabled_by_sim_none_or_no_edges': 0}
[mask reasons ep1 step=20] {'interval': 0, 'sim_none_or_no_edges': 0, 'invalid_index': 0, 'missing_edge': 0, 'bridge': 0, 'global_cd': 0, 'off_disabled': 0, 'off_start_guard': 0, 'off_cap': 0, 'off_all_on_calm': 0, 'off_calm_streak': 15, 'demand_gate': 0, 'qos_guard': 0, 'off_stress_gate': 0, 'util_gate': 0, 'edge_cooldown': 0, 'total_cap': 0, 'on_disabled_by_interval': 0, 'on_disabled_by_missing_edge': 0, 'on_disabled_by_invalid_index': 0, 'on_disabled_by_edge_cooldown': 0, 'on_disabled_by_global_cd': 0, 'on_disabled_by_qos_gate': 0, 'on_disabled_by_sim_none_or_no_edges': 0}
[mask reasons ep1 step=30] {'interval': 0, 'sim_none_or_no_edges': 0, 'invalid_index': 0, 'missing_edge': 0, 'bridge': 0, 'global_cd': 0, 'off_disabled': 0, 'off_start_guard': 0, 'off_cap': 0, 'off_all_on_calm': 0, 'off_calm_streak': 16, 'demand_gate': 0, 'qos_guard': 0, 'off_stress_gate': 0, 'util_gate': 0, 'edge_cooldown': 0, 'total_cap': 0, 'on_disabled_by_interval': 0, 'on_disabled_by_missing_edge': 0, 'on_disabled_by_invalid_index': 0, 'on_disabled_by_edge_cooldown': 0, 'on_disabled_by_global_cd': 0, 'on_disabled_by_qos_gate': 0, 'on_disabled_by_sim_none_or_no_edges': 0}
[mask reasons ep1 step=40] {'interval': 0, 'sim_none_or_no_edges': 0, 'invalid_index': 0, 'missing_edge': 0, 'bridge': 0, 'global_cd': 0, 'off_disabled': 0, 'off_start_guard': 0, 'off_cap': 0, 'off_all_on_calm': 0, 'off_calm_streak': 16, 'demand_gate': 0, 'qos_guard': 0, 'off_stress_gate': 0, 'util_gate': 0, 'edge_cooldown': 0, 'total_cap': 0, 'on_disabled_by_interval': 0, 'on_disabled_by_missing_edge': 0, 'on_disabled_by_invalid_index': 0, 'on_disabled_by_edge_cooldown': 0, 'on_disabled_by_global_cd': 0, 'on_disabled_by_qos_gate': 0, 'on_disabled_by_sim_none_or_no_edges': 0}
[mask reasons ep1 step=50] {'interval': 0, 'sim_none_or_no_edges': 0, 'invalid_index': 0, 'missing_edge': 0, 'bridge': 0, 'global_cd': 0, 'off_disabled': 0, 'off_start_guard': 0, 'off_cap': 0, 'off_all_on_calm': 0, 'off_calm_streak': 16, 'demand_gate': 0, 'qos_guard': 0, 'off_stress_gate': 0, 'util_gate': 0, 'edge_cooldown': 0, 'total_cap': 0, 'on_disabled_by_interval': 0, 'on_disabled_by_missing_edge': 0, 'on_disabled_by_invalid_index': 0, 'on_disabled_by_edge_cooldown': 0, 'on_disabled_by_global_cd': 0, 'on_disabled_by_qos_gate': 0, 'on_disabled_by_sim_none_or_no_edges': 0}

=== Evaluation: trained (stoch, 10 episodes) ===
traffic cfg:    model=stochastic seed=None avg_bursts=2.0 p_elephant=0.05 scenario=hotspot disable_off_actions=False initial_off_edges=4
edge universe   size_mean=18.00 initial_off_requested_mean=4.00 initial_off_applied_mean=4.00
episode_reward: mean=-1364.650 std=255.049
energy_kwh:     mean=1.632500 std=0.099328
dropped:        mean=991.169 std=89.787
delivered:      mean=13466.031 std=357.188
norm_drop:      mean=0.06850 std=0.00513
reward_energy:  mean=-391.800 std=23.839
reward_drop:    mean=-746.839 std=55.900
reward_qos:     mean=-224.616 std=207.376
reward_toggle:  mean=-1.395 std=0.116
reward_other:   mean=0.000 std=0.000
reward parts    total=-1364.650 energy=-391.800 drop=-746.839 qos=-224.616 toggle=-1.395 other=0.000 | per_step total=-1.364650 energy=-0.391800 drop=-0.746839 qos=-0.224616 toggle=-0.001395 other=0.000000
reward_toggle_on:  mean=-0.855 std=0.069
reward_toggle_off: mean=-0.520 std=0.183
reward_toggle_harm: mean=0.000 std=0.000
delta_dropped_after_toggle mean=0.0000
delta_qos_after_toggle mean=0.000000
pending_toggle_harm mean=0.000
toggle_harm_max_dd mean=0.000000
toggle_harm_max_dq mean=0.000000
qos_violation:  mean=0.3198 std=0.2047
qos debug       qos_viol_steps_mean=319.80 qos_allow_on_steps_mean=319.40 norm_drop_step_mean=0.029874 qos_sum_mean=-224.616 qos_penalty_per_viol_step_mean=-0.512412
cd mask debug   dbg_cd_block_mask_val_last_mean=-999.00 dbg_cd_block_mask_samples_mean=0.00 cd_block_mask_mismatch_count_mean=0.00
toggles applied mean=4.60 reverted mean=0.00
toggles total   mean=4.60 std=0.92 rate=0.0046
toggles dir     toggled_on mean=3.30 toggled_off mean=1.30
off budget      used mean=1.30 blocked mean=0.00
total budget    used mean=4.00 blocked mean=0.60
on-edge budget  max_on_edges=16 blocked_on_actions_mean=28.50
toggle gates   attempted=4.60 (0.0046/step) allowed=4.00 (0.0040/step) blocked_budget=0.60 (0.0006/step) blocked_util=0.00 (0.0000/step) blocked_cd=0.00 (0.0000/step) blocked_off_stress=0.00 (0.0000/step) emergency_on_applied=0.60 max_util_mean=0.5378 applied=4.60 (0.0046/step)
gate counters  edge_cd=0.00 global_cd=0.00 budget=0.00 util=0.00 off_stress=0.00 qos_off=0.00 qos_on=0.00
mask stats      valid/step mean=1.11 decision_steps mean=100.00 valid@decision mean=2.12 mask_calls_mean=1000.00
mask split      toggles/step=0.11 on/step=0.09 off/step=0.03 noop/step=1.00
mask split@dec  toggles=1.12 on=0.86 off=0.27 noop=1.00
valid_on_actions@decision mean=0.86
on blockers    top=[('on_disabled_by_global_cd', 1460), ('on_disabled_by_interval', 0), ('on_disabled_by_missing_edge', 0), ('on_disabled_by_invalid_index', 0), ('on_disabled_by_edge_cooldown', 0)]
on blockers    top_ex_missing=[('on_disabled_by_global_cd', 1460), ('on_disabled_by_interval', 0), ('on_disabled_by_invalid_index', 0), ('on_disabled_by_edge_cooldown', 0), ('on_disabled_by_qos_gate', 0)]
on availability early20 mean=1.03 frac_decision_with_any_on=0.403 noop_chosen@decision=0.954
edge state      on_edges_mean=15.68 off_edges_mean=2.31 toggle_budget_remaining_mean=0.18
off saturation  off_edges_first20_dec_mean=2.49 off_edges_all_dec_mean=2.30 decision_step_off_zero_mean=-1.00
demand stats:   mean_demand_per_step=14.477

=== Evaluation: random_masked (stoch, 10 episodes) ===
traffic cfg:    model=stochastic seed=None avg_bursts=2.0 p_elephant=0.05 scenario=hotspot disable_off_actions=False initial_off_edges=4
edge universe   size_mean=18.00 initial_off_requested_mean=4.00 initial_off_applied_mean=4.00
episode_reward: mean=-1373.595 std=311.789
energy_kwh:     mean=1.635111 std=0.084640
dropped:        mean=990.085 std=88.666
delivered:      mean=13464.515 std=369.906
norm_drop:      mean=0.06846 std=0.00543
reward_energy:  mean=-392.427 std=20.314
reward_drop:    mean=-746.423 std=54.981
reward_qos:     mean=-233.351 std=267.153
reward_toggle:  mean=-1.395 std=0.116
reward_other:   mean=0.000 std=0.000
reward parts    total=-1373.595 energy=-392.427 drop=-746.423 qos=-233.351 toggle=-1.395 other=0.000 | per_step total=-1.373595 energy=-0.392427 drop=-0.746423 qos=-0.233351 toggle=-0.001395 other=0.000000
reward_toggle_on:  mean=-0.855 std=0.069
reward_toggle_off: mean=-0.520 std=0.183
reward_toggle_harm: mean=0.000 std=0.000
delta_dropped_after_toggle mean=0.0000
delta_qos_after_toggle mean=0.000000
pending_toggle_harm mean=0.000
toggle_harm_max_dd mean=0.000000
toggle_harm_max_dq mean=0.000000
qos_violation:  mean=0.3202 std=0.1977
qos debug       qos_viol_steps_mean=320.20 qos_allow_on_steps_mean=319.90 norm_drop_step_mean=0.029857 qos_sum_mean=-233.351 qos_penalty_per_viol_step_mean=-0.521604
cd mask debug   dbg_cd_block_mask_val_last_mean=-999.00 dbg_cd_block_mask_samples_mean=0.00 cd_block_mask_mismatch_count_mean=0.00
toggles applied mean=4.60 reverted mean=0.00
toggles total   mean=4.60 std=0.92 rate=0.0046
toggles dir     toggled_on mean=3.30 toggled_off mean=1.30
off budget      used mean=1.30 blocked mean=0.00
total budget    used mean=4.00 blocked mean=0.60
on-edge budget  max_on_edges=16 blocked_on_actions_mean=35.30
toggle gates   attempted=4.60 (0.0046/step) allowed=4.00 (0.0040/step) blocked_budget=0.60 (0.0006/step) blocked_util=0.00 (0.0000/step) blocked_cd=0.00 (0.0000/step) blocked_off_stress=0.00 (0.0000/step) emergency_on_applied=0.60 max_util_mean=0.5379 applied=4.60 (0.0046/step)
gate counters  edge_cd=0.00 global_cd=0.00 budget=0.00 util=0.00 off_stress=0.00 qos_off=0.00 qos_on=0.00
mask stats      valid/step mean=1.11 decision_steps mean=100.00 valid@decision mean=2.08 mask_calls_mean=1000.00
mask split      toggles/step=0.11 on/step=0.08 off/step=0.02 noop/step=1.00
mask split@dec  toggles=1.08 on=0.85 off=0.24 noop=1.00
valid_on_actions@decision mean=0.85
on blockers    top=[('on_disabled_by_global_cd', 1423), ('on_disabled_by_interval', 0), ('on_disabled_by_missing_edge', 0), ('on_disabled_by_invalid_index', 0), ('on_disabled_by_edge_cooldown', 0)]
on blockers    top_ex_missing=[('on_disabled_by_global_cd', 1423), ('on_disabled_by_interval', 0), ('on_disabled_by_invalid_index', 0), ('on_disabled_by_edge_cooldown', 0), ('on_disabled_by_qos_gate', 0)]
on availability early20 mean=0.99 frac_decision_with_any_on=0.399 noop_chosen@decision=0.954
edge state      on_edges_mean=15.73 off_edges_mean=2.27 toggle_budget_remaining_mean=0.17
off saturation  off_edges_first20_dec_mean=2.47 off_edges_all_dec_mean=2.25 decision_step_off_zero_mean=-1.00
demand stats:   mean_demand_per_step=14.477

=== Evaluation: always_noop (det, 10 episodes) ===
traffic cfg:    model=stochastic seed=None avg_bursts=2.0 p_elephant=0.05 scenario=hotspot disable_off_actions=False initial_off_edges=4
edge universe   size_mean=18.00 initial_off_requested_mean=4.00 initial_off_applied_mean=4.00
episode_reward: mean=-1471.401 std=357.195
energy_kwh:     mean=1.538889 std=0.093789
dropped:        mean=1020.081 std=99.332
delivered:      mean=13437.119 std=348.846
norm_drop:      mean=0.07048 std=0.00565
reward_energy:  mean=-369.333 std=22.509
reward_drop:    mean=-770.992 std=62.296
reward_qos:     mean=-331.076 std=306.504
reward_toggle:  mean=0.000 std=0.000
reward_other:   mean=0.000 std=0.000
reward parts    total=-1471.401 energy=-369.333 drop=-770.992 qos=-331.076 toggle=0.000 other=0.000 | per_step total=-1.471401 energy=-0.369333 drop=-0.770992 qos=-0.331076 toggle=0.000000 other=0.000000
reward_toggle_on:  mean=0.000 std=0.000
reward_toggle_off: mean=0.000 std=0.000
reward_toggle_harm: mean=0.000 std=0.000
delta_dropped_after_toggle mean=0.0000
delta_qos_after_toggle mean=0.000000
pending_toggle_harm mean=0.000
toggle_harm_max_dd mean=0.000000
toggle_harm_max_dq mean=0.000000
qos_violation:  mean=0.3811 std=0.2070
qos debug       qos_viol_steps_mean=381.10 qos_allow_on_steps_mean=380.60 norm_drop_step_mean=0.030840 qos_sum_mean=-331.076 qos_penalty_per_viol_step_mean=-0.666636
cd mask debug   dbg_cd_block_mask_val_last_mean=-999.00 dbg_cd_block_mask_samples_mean=0.00 cd_block_mask_mismatch_count_mean=0.00
toggles applied mean=0.00 reverted mean=0.00
toggles total   mean=0.00 std=0.00 rate=0.0000
toggles dir     toggled_on mean=0.00 toggled_off mean=0.00
off budget      used mean=0.00 blocked mean=0.00
total budget    used mean=0.00 blocked mean=0.00
on-edge budget  max_on_edges=16 blocked_on_actions_mean=0.00
toggle gates   attempted=0.00 (0.0000/step) allowed=0.00 (0.0000/step) blocked_budget=0.00 (0.0000/step) blocked_util=0.00 (0.0000/step) blocked_cd=0.00 (0.0000/step) blocked_off_stress=0.00 (0.0000/step) emergency_on_applied=0.00 max_util_mean=0.5414 applied=0.00 (0.0000/step)
gate counters  edge_cd=0.00 global_cd=0.00 budget=0.00 util=0.00 off_stress=0.00 qos_off=0.00 qos_on=0.00
mask stats      valid/step mean=1.47 decision_steps mean=100.00 valid@decision mean=5.74 mask_calls_mean=1000.00
mask split      toggles/step=0.47 on/step=0.40 off/step=0.07 noop/step=1.00
mask split@dec  toggles=4.74 on=4.00 off=0.74 noop=1.00
valid_on_actions@decision mean=4.00
on blockers    top=[('on_disabled_by_interval', 0), ('on_disabled_by_missing_edge', 0), ('on_disabled_by_invalid_index', 0), ('on_disabled_by_edge_cooldown', 0), ('on_disabled_by_global_cd', 0)]
on blockers    top_ex_missing=[('on_disabled_by_interval', 0), ('on_disabled_by_invalid_index', 0), ('on_disabled_by_edge_cooldown', 0), ('on_disabled_by_global_cd', 0), ('on_disabled_by_qos_gate', 0)]
on availability early20 mean=4.00 frac_decision_with_any_on=1.000 noop_chosen@decision=1.000
edge state      on_edges_mean=14.00 off_edges_mean=4.00 toggle_budget_remaining_mean=4.00
off saturation  off_edges_first20_dec_mean=4.00 off_edges_all_dec_mean=4.00 decision_step_off_zero_mean=-1.00
demand stats:   mean_demand_per_step=14.477

[summary:CUSTOM] trained(det) vs noop: better=YES Δreward=+115.484 Δenergy=+0.109000 Δdropped=-28.578 (pass: offstart(dropped+energy))
[summary:CUSTOM] trained(stoch) vs noop: better=YES Δreward=+106.751 Δenergy=+0.093611 Δdropped=-28.912 (pass: offstart(dropped+energy))
[summary:CUSTOM] random_masked(stoch) vs noop: better=YES Δreward=+97.806 Δenergy=+0.096222 Δdropped=-29.996 (pass: offstart(dropped+energy))
