[device] torch.mps_available=True torch.cuda_available=False sb3_device=mps
Evaluating model: artifacts/locked/normal/20260220_111755_100k/model.zip
[model] path=/Users/enionismaili/Desktop/GreenNet/artifacts/locked/20260220_111755_100k/ppo_greennet.zip size_bytes=225626 size_mb=0.215 mtime_utc=2026-02-20T12:02:24.687934+00:00
[env_config] Loaded from artifacts/locked/normal/20260220_111755_100k/env_config.json (keys=['base_capacity', 'base_latency_ms', 'blocked_action_penalty', 'calm_toggle_multiplier_off', 'debug_logs', 'decision_interval_steps', 'demand_max', 'demand_min', 'demand_norm_scale', 'directed', 'disable_off_actions', 'drop_penalty_lambda', 'edge_prob', 'enable_forecasting', 'energy_weight', 'flows_per_step', 'forecast_alpha', 'forecast_horizon_steps', 'global_toggle_cooldown_steps', 'initial_off_edges', 'initial_off_seed', 'max_emergency_on_toggles_per_episode', 'max_off_toggles_per_episode', 'max_steps', 'max_total_toggles_per_episode', 'max_util_off_allow_threshold', 'node_count', 'noop_bonus', 'normalize_drop', 'off_calm_steps_required', 'off_start_guard_decision_steps', 'off_toggle_penalty_scale', 'qos_guard_margin', 'qos_guard_margin_off', 'qos_guard_margin_on', 'qos_guard_penalty_scale', 'qos_min_volume', 'qos_target_norm_drop', 'qos_toggle_discount_on', 'qos_violation_penalty_scale', 'revert_penalty_scale', 'saturation_util_threshold', 'toggle_apply_penalty', 'toggle_attempt_penalty', 'toggle_cooldown_steps', 'toggle_off_penalty_scale', 'toggle_on_penalty_scale', 'toggle_penalty', 'top_k_edge_utils', 'topology_randomize', 'topology_seed', 'topology_seeds', 'traffic_avg_bursts_per_step', 'traffic_duration_range', 'traffic_elephant_size_range', 'traffic_hotspots', 'traffic_mice_size_range', 'traffic_model', 'traffic_p_elephant', 'traffic_scenario', 'traffic_scenario_duration', 'traffic_scenario_frequency', 'traffic_scenario_intensity', 'traffic_scenario_version', 'traffic_seed', 'traffic_spike_duration_range', 'traffic_spike_multiplier_range', 'traffic_spike_prob', 'util_block_threshold', 'util_unblock_threshold'])
[eval] using env_config keys: ['base_capacity', 'base_latency_ms', 'blocked_action_penalty', 'calm_toggle_multiplier_off', 'debug_logs', 'decision_interval_steps', 'demand_max', 'demand_min', 'demand_norm_scale', 'directed', 'disable_off_actions', 'drop_penalty_lambda', 'edge_prob', 'enable_forecasting', 'energy_weight', 'flows_per_step', 'forecast_alpha', 'forecast_horizon_steps', 'global_toggle_cooldown_steps', 'initial_off_edges', 'initial_off_seed', 'max_emergency_on_toggles_per_episode', 'max_off_toggles_per_episode', 'max_steps', 'max_total_toggles_per_episode', 'max_util_off_allow_threshold', 'node_count', 'noop_bonus', 'normalize_drop', 'off_calm_steps_required', 'off_start_guard_decision_steps', 'off_toggle_penalty_scale', 'qos_guard_margin', 'qos_guard_margin_off', 'qos_guard_margin_on', 'qos_guard_penalty_scale', 'qos_min_volume', 'qos_target_norm_drop', 'qos_toggle_discount_on', 'qos_violation_penalty_scale', 'revert_penalty_scale', 'saturation_util_threshold', 'toggle_apply_penalty', 'toggle_attempt_penalty', 'toggle_cooldown_steps', 'toggle_off_penalty_scale', 'toggle_on_penalty_scale', 'toggle_penalty', 'top_k_edge_utils', 'topology_randomize', 'topology_seed', 'topology_seeds', 'traffic_avg_bursts_per_step', 'traffic_duration_range', 'traffic_elephant_size_range', 'traffic_hotspots', 'traffic_mice_size_range', 'traffic_model', 'traffic_p_elephant', 'traffic_scenario', 'traffic_scenario_duration', 'traffic_scenario_frequency', 'traffic_scenario_intensity', 'traffic_scenario_version', 'traffic_seed', 'traffic_spike_duration_range', 'traffic_spike_multiplier_range', 'traffic_spike_prob', 'util_block_threshold', 'util_unblock_threshold']
EVAL MODE: disable_off_actions=False initial_off_edges=2 max_total_toggles=4 traffic_scenario=burst toggle_on_penalty_scale=0.300000 toggle_off_penalty_scale=0.200000 energy_weight=240.000000 eval_max_on_edges=15
SUMMARY TOLERANCES (CUSTOM): reward>=-0.500 dropped<=+1.000 |energy|<=0.020000
EVAL TRACK: CUSTOM (initial_off_edges=2, max_total_toggles=4)
[eval] no train_config found; using defaults for PPO keys.
[device] loaded MaskablePPO on: mps:0
[mask reasons ep1 step=10] {'interval': 0, 'sim_none_or_no_edges': 0, 'invalid_index': 0, 'missing_edge': 0, 'bridge': 0, 'global_cd': 0, 'off_disabled': 0, 'off_start_guard': 0, 'off_cap': 0, 'off_all_on_calm': 0, 'off_calm_streak': 16, 'demand_gate': 0, 'qos_guard': 0, 'off_stress_gate': 0, 'util_gate': 0, 'edge_cooldown': 0, 'total_cap': 0, 'on_disabled_by_interval': 0, 'on_disabled_by_missing_edge': 0, 'on_disabled_by_invalid_index': 0, 'on_disabled_by_edge_cooldown': 0, 'on_disabled_by_global_cd': 0, 'on_disabled_by_qos_gate': 0, 'on_disabled_by_sim_none_or_no_edges': 0}
[mask reasons ep1 step=20] {'interval': 0, 'sim_none_or_no_edges': 0, 'invalid_index': 0, 'missing_edge': 0, 'bridge': 0, 'global_cd': 0, 'off_disabled': 0, 'off_start_guard': 0, 'off_cap': 0, 'off_all_on_calm': 0, 'off_calm_streak': 16, 'demand_gate': 0, 'qos_guard': 0, 'off_stress_gate': 0, 'util_gate': 0, 'edge_cooldown': 0, 'total_cap': 0, 'on_disabled_by_interval': 0, 'on_disabled_by_missing_edge': 0, 'on_disabled_by_invalid_index': 0, 'on_disabled_by_edge_cooldown': 0, 'on_disabled_by_global_cd': 0, 'on_disabled_by_qos_gate': 0, 'on_disabled_by_sim_none_or_no_edges': 0}
[mask reasons ep1 step=30] {'interval': 0, 'sim_none_or_no_edges': 0, 'invalid_index': 0, 'missing_edge': 0, 'bridge': 0, 'global_cd': 0, 'off_disabled': 0, 'off_start_guard': 0, 'off_cap': 0, 'off_all_on_calm': 0, 'off_calm_streak': 16, 'demand_gate': 0, 'qos_guard': 0, 'off_stress_gate': 0, 'util_gate': 0, 'edge_cooldown': 0, 'total_cap': 0, 'on_disabled_by_interval': 0, 'on_disabled_by_missing_edge': 0, 'on_disabled_by_invalid_index': 0, 'on_disabled_by_edge_cooldown': 0, 'on_disabled_by_global_cd': 0, 'on_disabled_by_qos_gate': 0, 'on_disabled_by_sim_none_or_no_edges': 0}
[mask reasons ep1 step=40] {'interval': 0, 'sim_none_or_no_edges': 0, 'invalid_index': 0, 'missing_edge': 0, 'bridge': 0, 'global_cd': 0, 'off_disabled': 0, 'off_start_guard': 0, 'off_cap': 0, 'off_all_on_calm': 0, 'off_calm_streak': 16, 'demand_gate': 0, 'qos_guard': 0, 'off_stress_gate': 0, 'util_gate': 0, 'edge_cooldown': 0, 'total_cap': 0, 'on_disabled_by_interval': 0, 'on_disabled_by_missing_edge': 0, 'on_disabled_by_invalid_index': 0, 'on_disabled_by_edge_cooldown': 0, 'on_disabled_by_global_cd': 0, 'on_disabled_by_qos_gate': 0, 'on_disabled_by_sim_none_or_no_edges': 0}
[mask reasons ep1 step=50] {'interval': 0, 'sim_none_or_no_edges': 0, 'invalid_index': 0, 'missing_edge': 0, 'bridge': 0, 'global_cd': 0, 'off_disabled': 0, 'off_start_guard': 0, 'off_cap': 0, 'off_all_on_calm': 0, 'off_calm_streak': 16, 'demand_gate': 0, 'qos_guard': 0, 'off_stress_gate': 0, 'util_gate': 0, 'edge_cooldown': 0, 'total_cap': 0, 'on_disabled_by_interval': 0, 'on_disabled_by_missing_edge': 0, 'on_disabled_by_invalid_index': 0, 'on_disabled_by_edge_cooldown': 0, 'on_disabled_by_global_cd': 0, 'on_disabled_by_qos_gate': 0, 'on_disabled_by_sim_none_or_no_edges': 0}

=== Evaluation: trained (det, 100 episodes) ===
traffic cfg:    model=stochastic seed=None avg_bursts=2.0 p_elephant=0.05 scenario=burst disable_off_actions=False initial_off_edges=2
edge universe   size_mean=18.00 initial_off_requested_mean=2.00 initial_off_applied_mean=2.00
episode_reward: mean=-1379.147 std=518.140
energy_kwh:     mean=1.633172 std=0.126510
dropped:        mean=2410.359 std=516.076
delivered:      mean=33907.338 std=2081.533
norm_drop:      mean=0.06599 std=0.01094
reward_energy:  mean=-391.961 std=30.362
reward_drop:    mean=-735.198 std=117.481
reward_qos:     mean=-251.672 std=437.624
reward_toggle:  mean=-0.315 std=0.161
reward_other:   mean=0.000 std=0.000
reward parts    total=-1379.147 energy=-391.961 drop=-735.198 qos=-251.672 toggle=-0.315 other=0.000 | per_step total=-1.379147 energy=-0.391961 drop=-0.735198 qos=-0.251672 toggle=-0.000315 other=0.000000
reward_toggle_on:  mean=0.000 std=0.000
reward_toggle_off: mean=-0.310 std=0.158
reward_toggle_harm: mean=0.000 std=0.000
delta_dropped_after_toggle mean=0.0000
delta_qos_after_toggle mean=0.000000
pending_toggle_harm mean=0.000
toggle_harm_max_dd mean=0.000000
toggle_harm_max_dq mean=0.000000
qos_violation:  mean=0.2275 std=0.2574
qos debug       qos_viol_steps_mean=227.48 qos_allow_on_steps_mean=227.18 norm_drop_step_mean=0.029408 qos_sum_mean=-251.672 qos_penalty_per_viol_step_mean=-0.486558
cd mask debug   dbg_cd_block_mask_val_last_mean=-999.00 dbg_cd_block_mask_samples_mean=0.00 cd_block_mask_mismatch_count_mean=0.00
toggles applied mean=0.81 reverted mean=0.00
toggles total   mean=0.81 std=0.39 rate=0.0008
toggles dir     toggled_on mean=0.00 toggled_off mean=0.81
off budget      used mean=0.81 blocked mean=0.00
total budget    used mean=0.81 blocked mean=0.00
on-edge budget  max_on_edges=15 blocked_on_actions_mean=99.19
toggle gates   attempted=0.81 (0.0008/step) allowed=0.81 (0.0008/step) blocked_budget=0.00 (0.0000/step) blocked_util=0.00 (0.0000/step) blocked_cd=0.00 (0.0000/step) blocked_off_stress=0.00 (0.0000/step) emergency_on_applied=0.00 max_util_mean=0.6144 applied=0.81 (0.0008/step)
gate counters  edge_cd=0.00 global_cd=0.00 budget=0.00 util=0.00 off_stress=0.00 qos_off=0.00 qos_on=0.00
mask stats      valid/step mean=1.29 decision_steps mean=100.00 valid@decision mean=3.94 mask_calls_mean=1000.00
mask split      toggles/step=0.29 on/step=0.26 off/step=0.03 noop/step=1.00
mask split@dec  toggles=2.94 on=2.61 off=0.33 noop=1.00
valid_on_actions@decision mean=2.61
on blockers    top=[('on_disabled_by_interval', 0), ('on_disabled_by_missing_edge', 0), ('on_disabled_by_invalid_index', 0), ('on_disabled_by_edge_cooldown', 0), ('on_disabled_by_global_cd', 0)]
on blockers    top_ex_missing=[('on_disabled_by_interval', 0), ('on_disabled_by_invalid_index', 0), ('on_disabled_by_edge_cooldown', 0), ('on_disabled_by_global_cd', 0), ('on_disabled_by_qos_gate', 0)]
on availability early20 mean=2.33 frac_decision_with_any_on=1.000 noop_chosen@decision=0.992
edge state      on_edges_mean=15.39 off_edges_mean=2.61 toggle_budget_remaining_mean=3.39
off saturation  off_edges_first20_dec_mean=2.36 off_edges_all_dec_mean=2.62 decision_step_off_zero_mean=-1.00
demand stats:   mean_demand_per_step=36.369
[mask reasons ep1 step=10] {'interval': 0, 'sim_none_or_no_edges': 0, 'invalid_index': 0, 'missing_edge': 0, 'bridge': 0, 'global_cd': 0, 'off_disabled': 0, 'off_start_guard': 0, 'off_cap': 0, 'off_all_on_calm': 0, 'off_calm_streak': 16, 'demand_gate': 0, 'qos_guard': 0, 'off_stress_gate': 0, 'util_gate': 0, 'edge_cooldown': 0, 'total_cap': 0, 'on_disabled_by_interval': 0, 'on_disabled_by_missing_edge': 0, 'on_disabled_by_invalid_index': 0, 'on_disabled_by_edge_cooldown': 0, 'on_disabled_by_global_cd': 0, 'on_disabled_by_qos_gate': 0, 'on_disabled_by_sim_none_or_no_edges': 0}
[mask reasons ep1 step=20] {'interval': 0, 'sim_none_or_no_edges': 0, 'invalid_index': 0, 'missing_edge': 0, 'bridge': 0, 'global_cd': 0, 'off_disabled': 0, 'off_start_guard': 0, 'off_cap': 0, 'off_all_on_calm': 0, 'off_calm_streak': 16, 'demand_gate': 0, 'qos_guard': 0, 'off_stress_gate': 0, 'util_gate': 0, 'edge_cooldown': 0, 'total_cap': 0, 'on_disabled_by_interval': 0, 'on_disabled_by_missing_edge': 0, 'on_disabled_by_invalid_index': 0, 'on_disabled_by_edge_cooldown': 0, 'on_disabled_by_global_cd': 0, 'on_disabled_by_qos_gate': 0, 'on_disabled_by_sim_none_or_no_edges': 0}
[mask reasons ep1 step=30] {'interval': 0, 'sim_none_or_no_edges': 0, 'invalid_index': 0, 'missing_edge': 0, 'bridge': 0, 'global_cd': 0, 'off_disabled': 0, 'off_start_guard': 0, 'off_cap': 0, 'off_all_on_calm': 0, 'off_calm_streak': 16, 'demand_gate': 0, 'qos_guard': 0, 'off_stress_gate': 0, 'util_gate': 0, 'edge_cooldown': 0, 'total_cap': 0, 'on_disabled_by_interval': 0, 'on_disabled_by_missing_edge': 0, 'on_disabled_by_invalid_index': 0, 'on_disabled_by_edge_cooldown': 0, 'on_disabled_by_global_cd': 0, 'on_disabled_by_qos_gate': 0, 'on_disabled_by_sim_none_or_no_edges': 0}
[mask reasons ep1 step=40] {'interval': 0, 'sim_none_or_no_edges': 0, 'invalid_index': 0, 'missing_edge': 0, 'bridge': 0, 'global_cd': 0, 'off_disabled': 0, 'off_start_guard': 0, 'off_cap': 0, 'off_all_on_calm': 0, 'off_calm_streak': 16, 'demand_gate': 0, 'qos_guard': 0, 'off_stress_gate': 0, 'util_gate': 0, 'edge_cooldown': 0, 'total_cap': 0, 'on_disabled_by_interval': 0, 'on_disabled_by_missing_edge': 0, 'on_disabled_by_invalid_index': 0, 'on_disabled_by_edge_cooldown': 0, 'on_disabled_by_global_cd': 0, 'on_disabled_by_qos_gate': 0, 'on_disabled_by_sim_none_or_no_edges': 0}
[mask reasons ep1 step=50] {'interval': 0, 'sim_none_or_no_edges': 0, 'invalid_index': 0, 'missing_edge': 0, 'bridge': 0, 'global_cd': 0, 'off_disabled': 0, 'off_start_guard': 0, 'off_cap': 0, 'off_all_on_calm': 0, 'off_calm_streak': 16, 'demand_gate': 0, 'qos_guard': 0, 'off_stress_gate': 0, 'util_gate': 0, 'edge_cooldown': 0, 'total_cap': 0, 'on_disabled_by_interval': 0, 'on_disabled_by_missing_edge': 0, 'on_disabled_by_invalid_index': 0, 'on_disabled_by_edge_cooldown': 0, 'on_disabled_by_global_cd': 0, 'on_disabled_by_qos_gate': 0, 'on_disabled_by_sim_none_or_no_edges': 0}

=== Evaluation: trained (stoch, 100 episodes) ===
traffic cfg:    model=stochastic seed=None avg_bursts=2.0 p_elephant=0.05 scenario=burst disable_off_actions=False initial_off_edges=2
edge universe   size_mean=18.00 initial_off_requested_mean=2.00 initial_off_applied_mean=2.00
episode_reward: mean=-1360.473 std=497.464
energy_kwh:     mean=1.636551 std=0.126066
dropped:        mean=2396.088 std=509.285
delivered:      mean=33921.599 std=2080.842
norm_drop:      mean=0.06559 std=0.01075
reward_energy:  mean=-392.772 std=30.256
reward_drop:    mean=-731.917 std=115.914
reward_qos:     mean=-235.189 std=419.333
reward_toggle:  mean=-0.594 std=0.441
reward_other:   mean=0.000 std=0.000
reward parts    total=-1360.473 energy=-392.772 drop=-731.917 qos=-235.189 toggle=-0.594 other=0.000 | per_step total=-1.360473 energy=-0.392772 drop=-0.731917 qos=-0.235189 toggle=-0.000594 other=0.000000
reward_toggle_on:  mean=-0.123 std=0.148
reward_toggle_off: mean=-0.462 std=0.302
reward_toggle_harm: mean=0.000 std=0.000
delta_dropped_after_toggle mean=0.0000
delta_qos_after_toggle mean=0.000000
pending_toggle_harm mean=0.000
toggle_harm_max_dd mean=0.000000
toggle_harm_max_dq mean=0.000000
qos_violation:  mean=0.2289 std=0.2566
qos debug       qos_viol_steps_mean=228.92 qos_allow_on_steps_mean=228.66 norm_drop_step_mean=0.029277 qos_sum_mean=-235.189 qos_penalty_per_viol_step_mean=-0.453909
cd mask debug   dbg_cd_block_mask_val_last_mean=-999.00 dbg_cd_block_mask_samples_mean=0.00 cd_block_mask_mismatch_count_mean=0.00
toggles applied mean=1.61 reverted mean=0.00
toggles total   mean=1.61 std=1.22 rate=0.0016
toggles dir     toggled_on mean=0.41 toggled_off mean=1.20
off budget      used mean=1.20 blocked mean=0.00
total budget    used mean=1.61 blocked mean=0.00
on-edge budget  max_on_edges=15 blocked_on_actions_mean=88.75
toggle gates   attempted=1.61 (0.0016/step) allowed=1.61 (0.0016/step) blocked_budget=0.00 (0.0000/step) blocked_util=0.00 (0.0000/step) blocked_cd=0.00 (0.0000/step) blocked_off_stress=0.00 (0.0000/step) emergency_on_applied=0.00 max_util_mean=0.6142 applied=1.61 (0.0016/step)
gate counters  edge_cd=0.00 global_cd=0.00 budget=0.00 util=0.00 off_stress=0.00 qos_off=0.00 qos_on=0.00
mask stats      valid/step mean=1.28 decision_steps mean=100.00 valid@decision mean=3.82 mask_calls_mean=1000.00
mask split      toggles/step=0.28 on/step=0.26 off/step=0.03 noop/step=1.00
mask split@dec  toggles=2.82 on=2.55 off=0.27 noop=1.00
valid_on_actions@decision mean=2.55
on blockers    top=[('on_disabled_by_interval', 0), ('on_disabled_by_missing_edge', 0), ('on_disabled_by_invalid_index', 0), ('on_disabled_by_edge_cooldown', 0), ('on_disabled_by_global_cd', 0)]
on blockers    top_ex_missing=[('on_disabled_by_interval', 0), ('on_disabled_by_invalid_index', 0), ('on_disabled_by_edge_cooldown', 0), ('on_disabled_by_global_cd', 0), ('on_disabled_by_qos_gate', 0)]
on availability early20 mean=2.29 frac_decision_with_any_on=1.000 noop_chosen@decision=0.984
edge state      on_edges_mean=15.45 off_edges_mean=2.55 toggle_budget_remaining_mean=3.06
off saturation  off_edges_first20_dec_mean=2.32 off_edges_all_dec_mean=2.56 decision_step_off_zero_mean=-1.00
demand stats:   mean_demand_per_step=36.369

=== Evaluation: random_masked (stoch, 100 episodes) ===
traffic cfg:    model=stochastic seed=None avg_bursts=2.0 p_elephant=0.05 scenario=burst disable_off_actions=False initial_off_edges=2
edge universe   size_mean=18.00 initial_off_requested_mean=2.00 initial_off_applied_mean=2.00
episode_reward: mean=-1357.641 std=493.617
energy_kwh:     mean=1.634711 std=0.125591
dropped:        mean=2391.401 std=509.504
delivered:      mean=33926.346 std=2089.758
norm_drop:      mean=0.06548 std=0.01082
reward_energy:  mean=-392.331 std=30.142
reward_drop:    mean=-730.679 std=117.432
reward_qos:     mean=-233.942 std=413.271
reward_toggle:  mean=-0.689 std=0.452
reward_other:   mean=0.000 std=0.000
reward parts    total=-1357.641 energy=-392.331 drop=-730.679 qos=-233.942 toggle=-0.689 other=0.000 | per_step total=-1.357641 energy=-0.392331 drop=-0.730679 qos=-0.233942 toggle=-0.000689 other=0.000000
reward_toggle_on:  mean=-0.159 std=0.150
reward_toggle_off: mean=-0.520 std=0.307
reward_toggle_harm: mean=0.000 std=0.000
delta_dropped_after_toggle mean=0.0000
delta_qos_after_toggle mean=0.000000
pending_toggle_harm mean=0.000
toggle_harm_max_dd mean=0.000000
toggle_harm_max_dq mean=0.000000
qos_violation:  mean=0.2213 std=0.2530
qos debug       qos_viol_steps_mean=221.33 qos_allow_on_steps_mean=221.06 norm_drop_step_mean=0.029227 qos_sum_mean=-233.942 qos_penalty_per_viol_step_mean=-0.461094
cd mask debug   dbg_cd_block_mask_val_last_mean=-999.00 dbg_cd_block_mask_samples_mean=0.00 cd_block_mask_mismatch_count_mean=0.00
toggles applied mean=1.87 reverted mean=0.00
toggles total   mean=1.87 std=1.25 rate=0.0019
toggles dir     toggled_on mean=0.53 toggled_off mean=1.34
off budget      used mean=1.34 blocked mean=0.00
total budget    used mean=1.87 blocked mean=0.00
on-edge budget  max_on_edges=15 blocked_on_actions_mean=98.13
toggle gates   attempted=1.87 (0.0019/step) allowed=1.87 (0.0019/step) blocked_budget=0.00 (0.0000/step) blocked_util=0.00 (0.0000/step) blocked_cd=0.00 (0.0000/step) blocked_off_stress=0.00 (0.0000/step) emergency_on_applied=0.00 max_util_mean=0.6137 applied=1.87 (0.0019/step)
gate counters  edge_cd=0.00 global_cd=0.00 budget=0.00 util=0.00 off_stress=0.00 qos_off=0.00 qos_on=0.00
mask stats      valid/step mean=1.28 decision_steps mean=100.00 valid@decision mean=3.82 mask_calls_mean=1000.00
mask split      toggles/step=0.28 on/step=0.26 off/step=0.02 noop/step=1.00
mask split@dec  toggles=2.82 on=2.58 off=0.23 noop=1.00
valid_on_actions@decision mean=2.58
on blockers    top=[('on_disabled_by_interval', 0), ('on_disabled_by_missing_edge', 0), ('on_disabled_by_invalid_index', 0), ('on_disabled_by_edge_cooldown', 0), ('on_disabled_by_global_cd', 0)]
on blockers    top_ex_missing=[('on_disabled_by_interval', 0), ('on_disabled_by_invalid_index', 0), ('on_disabled_by_edge_cooldown', 0), ('on_disabled_by_global_cd', 0), ('on_disabled_by_qos_gate', 0)]
on availability early20 mean=2.31 frac_decision_with_any_on=1.000 noop_chosen@decision=0.981
edge state      on_edges_mean=15.41 off_edges_mean=2.59 toggle_budget_remaining_mean=2.92
off saturation  off_edges_first20_dec_mean=2.34 off_edges_all_dec_mean=2.59 decision_step_off_zero_mean=-1.00
demand stats:   mean_demand_per_step=36.369

=== Evaluation: always_noop (det, 100 episodes) ===
traffic cfg:    model=stochastic seed=None avg_bursts=2.0 p_elephant=0.05 scenario=burst disable_off_actions=False initial_off_edges=2
edge universe   size_mean=18.00 initial_off_requested_mean=2.00 initial_off_applied_mean=2.00
episode_reward: mean=-1313.164 std=482.091
energy_kwh:     mean=1.667222 std=0.124646
dropped:        mean=2327.880 std=520.788
delivered:      mean=33989.827 std=2077.042
norm_drop:      mean=0.06370 std=0.01113
reward_energy:  mean=-400.133 std=29.915
reward_drop:    mean=-713.518 std=120.076
reward_qos:     mean=-199.512 std=401.003
reward_toggle:  mean=0.000 std=0.000
reward_other:   mean=0.000 std=0.000
reward parts    total=-1313.164 energy=-400.133 drop=-713.518 qos=-199.512 toggle=0.000 other=0.000 | per_step total=-1.313164 energy=-0.400133 drop=-0.713518 qos=-0.199512 toggle=0.000000 other=0.000000
reward_toggle_on:  mean=0.000 std=0.000
reward_toggle_off: mean=0.000 std=0.000
reward_toggle_harm: mean=0.000 std=0.000
delta_dropped_after_toggle mean=0.0000
delta_qos_after_toggle mean=0.000000
pending_toggle_harm mean=0.000
toggle_harm_max_dd mean=0.000000
toggle_harm_max_dq mean=0.000000
qos_violation:  mean=0.1878 std=0.2426
qos debug       qos_viol_steps_mean=187.83 qos_allow_on_steps_mean=187.61 norm_drop_step_mean=0.028541 qos_sum_mean=-199.512 qos_penalty_per_viol_step_mean=-0.397511
cd mask debug   dbg_cd_block_mask_val_last_mean=-999.00 dbg_cd_block_mask_samples_mean=0.00 cd_block_mask_mismatch_count_mean=0.00
toggles applied mean=0.00 reverted mean=0.00
toggles total   mean=0.00 std=0.00 rate=0.0000
toggles dir     toggled_on mean=0.00 toggled_off mean=0.00
off budget      used mean=0.00 blocked mean=0.00
total budget    used mean=0.00 blocked mean=0.00
on-edge budget  max_on_edges=15 blocked_on_actions_mean=0.00
toggle gates   attempted=0.00 (0.0000/step) allowed=0.00 (0.0000/step) blocked_budget=0.00 (0.0000/step) blocked_util=0.00 (0.0000/step) blocked_cd=0.00 (0.0000/step) blocked_off_stress=0.00 (0.0000/step) emergency_on_applied=0.00 max_util_mean=0.6118 applied=0.00 (0.0000/step)
gate counters  edge_cd=0.00 global_cd=0.00 budget=0.00 util=0.00 off_stress=0.00 qos_off=0.00 qos_on=0.00
mask stats      valid/step mean=1.24 decision_steps mean=100.00 valid@decision mean=3.37 mask_calls_mean=1000.00
mask split      toggles/step=0.24 on/step=0.20 off/step=0.04 noop/step=1.00
mask split@dec  toggles=2.37 on=2.00 off=0.37 noop=1.00
valid_on_actions@decision mean=2.00
on blockers    top=[('on_disabled_by_interval', 0), ('on_disabled_by_missing_edge', 0), ('on_disabled_by_invalid_index', 0), ('on_disabled_by_edge_cooldown', 0), ('on_disabled_by_global_cd', 0)]
on blockers    top_ex_missing=[('on_disabled_by_interval', 0), ('on_disabled_by_invalid_index', 0), ('on_disabled_by_edge_cooldown', 0), ('on_disabled_by_global_cd', 0), ('on_disabled_by_qos_gate', 0)]
on availability early20 mean=2.00 frac_decision_with_any_on=1.000 noop_chosen@decision=1.000
edge state      on_edges_mean=16.00 off_edges_mean=2.00 toggle_budget_remaining_mean=4.00
off saturation  off_edges_first20_dec_mean=2.00 off_edges_all_dec_mean=2.00 decision_step_off_zero_mean=-1.00
demand stats:   mean_demand_per_step=36.369

[summary:CUSTOM] trained(det) vs noop: better=NO Δreward=-65.983 Δenergy=-0.034051 Δdropped=+82.480 (fail: dropped(+82.480>+1.000))
[summary:CUSTOM] trained(stoch) vs noop: better=NO Δreward=-47.309 Δenergy=-0.030672 Δdropped=+68.209 (fail: dropped(+68.209>+1.000))
[summary:CUSTOM] random_masked(stoch) vs noop: better=NO Δreward=-44.477 Δenergy=-0.032512 Δdropped=+63.521 (fail: dropped(+63.521>+1.000))
