[device] torch.mps_available=True torch.cuda_available=False sb3_device=mps
Evaluating model: artifacts/locked/normal/20260220_111755_100k/model.zip
[model] path=/Users/enionismaili/Desktop/GreenNet/artifacts/locked/20260220_111755_100k/ppo_greennet.zip size_bytes=225626 size_mb=0.215 mtime_utc=2026-02-20T12:02:24.687934+00:00
[env_config] Loaded from artifacts/locked/normal/20260220_111755_100k/env_config.json (keys=['base_capacity', 'base_latency_ms', 'blocked_action_penalty', 'calm_toggle_multiplier_off', 'debug_logs', 'decision_interval_steps', 'demand_max', 'demand_min', 'demand_norm_scale', 'directed', 'disable_off_actions', 'drop_penalty_lambda', 'edge_prob', 'enable_forecasting', 'energy_weight', 'flows_per_step', 'forecast_alpha', 'forecast_horizon_steps', 'global_toggle_cooldown_steps', 'initial_off_edges', 'initial_off_seed', 'max_emergency_on_toggles_per_episode', 'max_off_toggles_per_episode', 'max_steps', 'max_total_toggles_per_episode', 'max_util_off_allow_threshold', 'node_count', 'noop_bonus', 'normalize_drop', 'off_calm_steps_required', 'off_start_guard_decision_steps', 'off_toggle_penalty_scale', 'qos_guard_margin', 'qos_guard_margin_off', 'qos_guard_margin_on', 'qos_guard_penalty_scale', 'qos_min_volume', 'qos_target_norm_drop', 'qos_toggle_discount_on', 'qos_violation_penalty_scale', 'revert_penalty_scale', 'saturation_util_threshold', 'toggle_apply_penalty', 'toggle_attempt_penalty', 'toggle_cooldown_steps', 'toggle_off_penalty_scale', 'toggle_on_penalty_scale', 'toggle_penalty', 'top_k_edge_utils', 'topology_randomize', 'topology_seed', 'topology_seeds', 'traffic_avg_bursts_per_step', 'traffic_duration_range', 'traffic_elephant_size_range', 'traffic_hotspots', 'traffic_mice_size_range', 'traffic_model', 'traffic_p_elephant', 'traffic_scenario', 'traffic_scenario_duration', 'traffic_scenario_frequency', 'traffic_scenario_intensity', 'traffic_scenario_version', 'traffic_seed', 'traffic_spike_duration_range', 'traffic_spike_multiplier_range', 'traffic_spike_prob', 'util_block_threshold', 'util_unblock_threshold'])
[eval] using env_config keys: ['base_capacity', 'base_latency_ms', 'blocked_action_penalty', 'calm_toggle_multiplier_off', 'debug_logs', 'decision_interval_steps', 'demand_max', 'demand_min', 'demand_norm_scale', 'directed', 'disable_off_actions', 'drop_penalty_lambda', 'edge_prob', 'enable_forecasting', 'energy_weight', 'flows_per_step', 'forecast_alpha', 'forecast_horizon_steps', 'global_toggle_cooldown_steps', 'initial_off_edges', 'initial_off_seed', 'max_emergency_on_toggles_per_episode', 'max_off_toggles_per_episode', 'max_steps', 'max_total_toggles_per_episode', 'max_util_off_allow_threshold', 'node_count', 'noop_bonus', 'normalize_drop', 'off_calm_steps_required', 'off_start_guard_decision_steps', 'off_toggle_penalty_scale', 'qos_guard_margin', 'qos_guard_margin_off', 'qos_guard_margin_on', 'qos_guard_penalty_scale', 'qos_min_volume', 'qos_target_norm_drop', 'qos_toggle_discount_on', 'qos_violation_penalty_scale', 'revert_penalty_scale', 'saturation_util_threshold', 'toggle_apply_penalty', 'toggle_attempt_penalty', 'toggle_cooldown_steps', 'toggle_off_penalty_scale', 'toggle_on_penalty_scale', 'toggle_penalty', 'top_k_edge_utils', 'topology_randomize', 'topology_seed', 'topology_seeds', 'traffic_avg_bursts_per_step', 'traffic_duration_range', 'traffic_elephant_size_range', 'traffic_hotspots', 'traffic_mice_size_range', 'traffic_model', 'traffic_p_elephant', 'traffic_scenario', 'traffic_scenario_duration', 'traffic_scenario_frequency', 'traffic_scenario_intensity', 'traffic_scenario_version', 'traffic_seed', 'traffic_spike_duration_range', 'traffic_spike_multiplier_range', 'traffic_spike_prob', 'util_block_threshold', 'util_unblock_threshold']
EVAL MODE: disable_off_actions=False initial_off_edges=2 max_total_toggles=4 traffic_scenario=normal toggle_on_penalty_scale=0.300000 toggle_off_penalty_scale=0.200000 energy_weight=240.000000 eval_max_on_edges=None
SUMMARY TOLERANCES (CUSTOM): reward>=-0.500 dropped<=+1.000 |energy|<=0.020000
EVAL TRACK: CUSTOM (initial_off_edges=2, max_total_toggles=4)
[eval] no train_config found; using defaults for PPO keys.
[device] loaded MaskablePPO on: mps:0
[mask reasons ep1 step=10] {'interval': 0, 'sim_none_or_no_edges': 0, 'invalid_index': 0, 'missing_edge': 0, 'bridge': 0, 'global_cd': 0, 'off_disabled': 0, 'off_start_guard': 0, 'off_cap': 0, 'off_all_on_calm': 0, 'off_calm_streak': 16, 'demand_gate': 0, 'qos_guard': 0, 'off_stress_gate': 0, 'util_gate': 0, 'edge_cooldown': 0, 'total_cap': 0, 'on_disabled_by_interval': 0, 'on_disabled_by_missing_edge': 0, 'on_disabled_by_invalid_index': 0, 'on_disabled_by_edge_cooldown': 0, 'on_disabled_by_global_cd': 0, 'on_disabled_by_qos_gate': 0, 'on_disabled_by_sim_none_or_no_edges': 0}
[mask reasons ep1 step=20] {'interval': 0, 'sim_none_or_no_edges': 0, 'invalid_index': 0, 'missing_edge': 0, 'bridge': 0, 'global_cd': 0, 'off_disabled': 0, 'off_start_guard': 0, 'off_cap': 0, 'off_all_on_calm': 0, 'off_calm_streak': 17, 'demand_gate': 0, 'qos_guard': 0, 'off_stress_gate': 0, 'util_gate': 0, 'edge_cooldown': 0, 'total_cap': 0, 'on_disabled_by_interval': 0, 'on_disabled_by_missing_edge': 0, 'on_disabled_by_invalid_index': 0, 'on_disabled_by_edge_cooldown': 0, 'on_disabled_by_global_cd': 0, 'on_disabled_by_qos_gate': 0, 'on_disabled_by_sim_none_or_no_edges': 0}
[mask reasons ep1 step=30] {'interval': 0, 'sim_none_or_no_edges': 0, 'invalid_index': 0, 'missing_edge': 0, 'bridge': 0, 'global_cd': 0, 'off_disabled': 0, 'off_start_guard': 0, 'off_cap': 0, 'off_all_on_calm': 0, 'off_calm_streak': 0, 'demand_gate': 0, 'qos_guard': 0, 'off_stress_gate': 0, 'util_gate': 0, 'edge_cooldown': 0, 'total_cap': 0, 'on_disabled_by_interval': 0, 'on_disabled_by_missing_edge': 0, 'on_disabled_by_invalid_index': 0, 'on_disabled_by_edge_cooldown': 0, 'on_disabled_by_global_cd': 0, 'on_disabled_by_qos_gate': 0, 'on_disabled_by_sim_none_or_no_edges': 0}
[mask reasons ep1 step=40] {'interval': 0, 'sim_none_or_no_edges': 0, 'invalid_index': 0, 'missing_edge': 0, 'bridge': 0, 'global_cd': 0, 'off_disabled': 0, 'off_start_guard': 0, 'off_cap': 0, 'off_all_on_calm': 0, 'off_calm_streak': 17, 'demand_gate': 0, 'qos_guard': 0, 'off_stress_gate': 0, 'util_gate': 0, 'edge_cooldown': 0, 'total_cap': 0, 'on_disabled_by_interval': 0, 'on_disabled_by_missing_edge': 0, 'on_disabled_by_invalid_index': 0, 'on_disabled_by_edge_cooldown': 0, 'on_disabled_by_global_cd': 0, 'on_disabled_by_qos_gate': 0, 'on_disabled_by_sim_none_or_no_edges': 0}
[mask reasons ep1 step=50] {'interval': 0, 'sim_none_or_no_edges': 0, 'invalid_index': 0, 'missing_edge': 0, 'bridge': 0, 'global_cd': 0, 'off_disabled': 0, 'off_start_guard': 0, 'off_cap': 0, 'off_all_on_calm': 0, 'off_calm_streak': 0, 'demand_gate': 0, 'qos_guard': 0, 'off_stress_gate': 0, 'util_gate': 0, 'edge_cooldown': 0, 'total_cap': 18, 'on_disabled_by_interval': 0, 'on_disabled_by_missing_edge': 0, 'on_disabled_by_invalid_index': 0, 'on_disabled_by_edge_cooldown': 0, 'on_disabled_by_global_cd': 0, 'on_disabled_by_qos_gate': 0, 'on_disabled_by_sim_none_or_no_edges': 0}

=== Evaluation: trained (det, 100 episodes) ===
traffic cfg:    model=stochastic seed=None avg_bursts=2.0 p_elephant=0.05 scenario=normal disable_off_actions=False initial_off_edges=2
edge universe   size_mean=18.00 initial_off_requested_mean=2.00 initial_off_applied_mean=2.00
episode_reward: mean=-672.153 std=50.094
energy_kwh:     mean=1.776222 std=0.124646
dropped:        mean=336.044 std=65.466
delivered:      mean=14995.204 std=460.462
norm_drop:      mean=0.02188 std=0.00402
reward_energy:  mean=-426.293 std=29.915
reward_drop:    mean=-244.553 std=45.794
reward_qos:     mean=0.000 std=0.000
reward_toggle:  mean=-1.306 std=0.048
reward_other:   mean=0.000 std=0.000
reward parts    total=-672.153 energy=-426.293 drop=-244.553 qos=0.000 toggle=-1.306 other=0.000 | per_step total=-0.672153 energy=-0.426293 drop=-0.244553 qos=0.000000 toggle=-0.001306 other=0.000000
reward_toggle_on:  mean=-0.900 std=0.000
reward_toggle_off: mean=-0.388 std=0.047
reward_toggle_harm: mean=0.000 std=0.000
delta_dropped_after_toggle mean=0.0000
delta_qos_after_toggle mean=0.000000
pending_toggle_harm mean=0.000
toggle_harm_max_dd mean=0.000000
toggle_harm_max_dq mean=0.000000
qos_violation:  mean=0.0000 std=0.0000
qos debug       qos_viol_steps_mean=0.00 qos_allow_on_steps_mean=0.00 norm_drop_step_mean=0.009782 qos_sum_mean=0.000 qos_penalty_per_viol_step_mean=0.000000
cd mask debug   dbg_cd_block_mask_val_last_mean=-999.00 dbg_cd_block_mask_samples_mean=0.00 cd_block_mask_mismatch_count_mean=0.00
toggles applied mean=4.00 reverted mean=0.00
toggles total   mean=4.00 std=0.00 rate=0.0040
toggles dir     toggled_on mean=3.00 toggled_off mean=1.00
off budget      used mean=1.00 blocked mean=0.00
total budget    used mean=4.00 blocked mean=0.00
toggle gates   attempted=4.00 (0.0040/step) allowed=4.00 (0.0040/step) blocked_budget=0.00 (0.0000/step) blocked_util=0.00 (0.0000/step) blocked_cd=0.00 (0.0000/step) blocked_off_stress=0.00 (0.0000/step) emergency_on_applied=0.00 max_util_mean=0.4296 applied=4.00 (0.0040/step)
gate counters  edge_cd=0.00 global_cd=0.00 budget=0.00 util=0.00 off_stress=0.00 qos_off=0.00 qos_on=0.00
mask stats      valid/step mean=1.03 decision_steps mean=100.00 valid@decision mean=1.31 mask_calls_mean=1000.00
mask split      toggles/step=0.03 on/step=0.00 off/step=0.03 noop/step=1.00
mask split@dec  toggles=0.31 on=0.04 off=0.27 noop=1.00
valid_on_actions@decision mean=0.04
on blockers    top=[('on_disabled_by_interval', 0), ('on_disabled_by_missing_edge', 0), ('on_disabled_by_invalid_index', 0), ('on_disabled_by_edge_cooldown', 0), ('on_disabled_by_global_cd', 0)]
on blockers    top_ex_missing=[('on_disabled_by_interval', 0), ('on_disabled_by_invalid_index', 0), ('on_disabled_by_edge_cooldown', 0), ('on_disabled_by_global_cd', 0), ('on_disabled_by_qos_gate', 0)]
on availability early20 mean=0.20 frac_decision_with_any_on=0.030 noop_chosen@decision=0.960
edge state      on_edges_mean=17.96 off_edges_mean=0.04 toggle_budget_remaining_mean=0.14
off saturation  off_edges_first20_dec_mean=0.10 off_edges_all_dec_mean=0.02 decision_step_off_zero_mean=2.00
demand stats:   mean_demand_per_step=15.356
[mask reasons ep1 step=10] {'interval': 0, 'sim_none_or_no_edges': 0, 'invalid_index': 0, 'missing_edge': 0, 'bridge': 0, 'global_cd': 0, 'off_disabled': 0, 'off_start_guard': 0, 'off_cap': 0, 'off_all_on_calm': 0, 'off_calm_streak': 16, 'demand_gate': 0, 'qos_guard': 0, 'off_stress_gate': 0, 'util_gate': 0, 'edge_cooldown': 0, 'total_cap': 0, 'on_disabled_by_interval': 0, 'on_disabled_by_missing_edge': 0, 'on_disabled_by_invalid_index': 0, 'on_disabled_by_edge_cooldown': 0, 'on_disabled_by_global_cd': 0, 'on_disabled_by_qos_gate': 0, 'on_disabled_by_sim_none_or_no_edges': 0}
[mask reasons ep1 step=20] {'interval': 0, 'sim_none_or_no_edges': 0, 'invalid_index': 0, 'missing_edge': 0, 'bridge': 0, 'global_cd': 0, 'off_disabled': 0, 'off_start_guard': 0, 'off_cap': 0, 'off_all_on_calm': 0, 'off_calm_streak': 17, 'demand_gate': 0, 'qos_guard': 0, 'off_stress_gate': 0, 'util_gate': 0, 'edge_cooldown': 0, 'total_cap': 0, 'on_disabled_by_interval': 0, 'on_disabled_by_missing_edge': 0, 'on_disabled_by_invalid_index': 0, 'on_disabled_by_edge_cooldown': 0, 'on_disabled_by_global_cd': 0, 'on_disabled_by_qos_gate': 0, 'on_disabled_by_sim_none_or_no_edges': 0}
[mask reasons ep1 step=30] {'interval': 0, 'sim_none_or_no_edges': 0, 'invalid_index': 0, 'missing_edge': 0, 'bridge': 0, 'global_cd': 0, 'off_disabled': 0, 'off_start_guard': 0, 'off_cap': 0, 'off_all_on_calm': 0, 'off_calm_streak': 0, 'demand_gate': 0, 'qos_guard': 0, 'off_stress_gate': 0, 'util_gate': 0, 'edge_cooldown': 0, 'total_cap': 0, 'on_disabled_by_interval': 0, 'on_disabled_by_missing_edge': 0, 'on_disabled_by_invalid_index': 0, 'on_disabled_by_edge_cooldown': 0, 'on_disabled_by_global_cd': 0, 'on_disabled_by_qos_gate': 0, 'on_disabled_by_sim_none_or_no_edges': 0}
[mask reasons ep1 step=40] {'interval': 0, 'sim_none_or_no_edges': 0, 'invalid_index': 0, 'missing_edge': 0, 'bridge': 0, 'global_cd': 0, 'off_disabled': 0, 'off_start_guard': 0, 'off_cap': 0, 'off_all_on_calm': 0, 'off_calm_streak': 16, 'demand_gate': 0, 'qos_guard': 0, 'off_stress_gate': 0, 'util_gate': 0, 'edge_cooldown': 0, 'total_cap': 0, 'on_disabled_by_interval': 0, 'on_disabled_by_missing_edge': 0, 'on_disabled_by_invalid_index': 0, 'on_disabled_by_edge_cooldown': 0, 'on_disabled_by_global_cd': 0, 'on_disabled_by_qos_gate': 0, 'on_disabled_by_sim_none_or_no_edges': 0}
[mask reasons ep1 step=50] {'interval': 0, 'sim_none_or_no_edges': 0, 'invalid_index': 0, 'missing_edge': 0, 'bridge': 0, 'global_cd': 0, 'off_disabled': 0, 'off_start_guard': 0, 'off_cap': 0, 'off_all_on_calm': 0, 'off_calm_streak': 17, 'demand_gate': 0, 'qos_guard': 0, 'off_stress_gate': 0, 'util_gate': 0, 'edge_cooldown': 0, 'total_cap': 0, 'on_disabled_by_interval': 0, 'on_disabled_by_missing_edge': 0, 'on_disabled_by_invalid_index': 0, 'on_disabled_by_edge_cooldown': 0, 'on_disabled_by_global_cd': 0, 'on_disabled_by_qos_gate': 0, 'on_disabled_by_sim_none_or_no_edges': 0}

=== Evaluation: trained (stoch, 100 episodes) ===
traffic cfg:    model=stochastic seed=None avg_bursts=2.0 p_elephant=0.05 scenario=normal disable_off_actions=False initial_off_edges=2
edge universe   size_mean=18.00 initial_off_requested_mean=2.00 initial_off_applied_mean=2.00
episode_reward: mean=-665.696 std=50.584
energy_kwh:     mean=1.725402 std=0.132985
dropped:        mean=344.716 std=65.319
delivered:      mean=14986.212 std=461.704
norm_drop:      mean=0.02245 std=0.00402
reward_energy:  mean=-414.097 std=31.916
reward_drop:    mean=-250.246 std=44.732
reward_qos:     mean=0.000 std=0.000
reward_toggle:  mean=-1.353 std=0.079
reward_other:   mean=0.000 std=0.000
reward parts    total=-665.696 energy=-414.097 drop=-250.246 qos=0.000 toggle=-1.353 other=0.000 | per_step total=-0.665696 energy=-0.414097 drop=-0.250246 qos=0.000000 toggle=-0.001353 other=0.000000
reward_toggle_on:  mean=-0.756 std=0.150
reward_toggle_off: mean=-0.578 std=0.215
reward_toggle_harm: mean=0.000 std=0.000
delta_dropped_after_toggle mean=0.0000
delta_qos_after_toggle mean=0.000000
pending_toggle_harm mean=0.000
toggle_harm_max_dd mean=0.000000
toggle_harm_max_dq mean=0.000000
qos_violation:  mean=0.0000 std=0.0000
qos debug       qos_viol_steps_mean=0.00 qos_allow_on_steps_mean=0.00 norm_drop_step_mean=0.010010 qos_sum_mean=0.000 qos_penalty_per_viol_step_mean=0.000000
cd mask debug   dbg_cd_block_mask_val_last_mean=-999.00 dbg_cd_block_mask_samples_mean=0.00 cd_block_mask_mismatch_count_mean=0.00
toggles applied mean=4.00 reverted mean=0.00
toggles total   mean=4.00 std=0.00 rate=0.0040
toggles dir     toggled_on mean=2.52 toggled_off mean=1.48
off budget      used mean=1.48 blocked mean=0.00
total budget    used mean=4.00 blocked mean=0.00
toggle gates   attempted=4.00 (0.0040/step) allowed=4.00 (0.0040/step) blocked_budget=0.00 (0.0000/step) blocked_util=0.00 (0.0000/step) blocked_cd=0.00 (0.0000/step) blocked_off_stress=0.00 (0.0000/step) emergency_on_applied=0.00 max_util_mean=0.4320 applied=4.00 (0.0040/step)
gate counters  edge_cd=0.00 global_cd=0.00 budget=0.00 util=0.00 off_stress=0.00 qos_off=0.00 qos_on=0.00
mask stats      valid/step mean=1.03 decision_steps mean=100.00 valid@decision mean=1.33 mask_calls_mean=1000.00
mask split      toggles/step=0.03 on/step=0.01 off/step=0.03 noop/step=1.00
mask split@dec  toggles=0.33 on=0.05 off=0.28 noop=1.00
valid_on_actions@decision mean=0.05
on blockers    top=[('on_disabled_by_global_cd', 9020), ('on_disabled_by_interval', 0), ('on_disabled_by_missing_edge', 0), ('on_disabled_by_invalid_index', 0), ('on_disabled_by_edge_cooldown', 0)]
on blockers    top_ex_missing=[('on_disabled_by_global_cd', 9020), ('on_disabled_by_interval', 0), ('on_disabled_by_invalid_index', 0), ('on_disabled_by_edge_cooldown', 0), ('on_disabled_by_qos_gate', 0)]
on availability early20 mean=0.26 frac_decision_with_any_on=0.038 noop_chosen@decision=0.960
edge state      on_edges_mean=17.05 off_edges_mean=0.95 toggle_budget_remaining_mean=0.15
off saturation  off_edges_first20_dec_mean=0.88 off_edges_all_dec_mean=0.94 decision_step_off_zero_mean=2.57
demand stats:   mean_demand_per_step=15.356

=== Evaluation: random_masked (stoch, 100 episodes) ===
traffic cfg:    model=stochastic seed=None avg_bursts=2.0 p_elephant=0.05 scenario=normal disable_off_actions=False initial_off_edges=2
edge universe   size_mean=18.00 initial_off_requested_mean=2.00 initial_off_applied_mean=2.00
episode_reward: mean=-664.466 std=51.666
energy_kwh:     mean=1.718628 std=0.133707
dropped:        mean=345.204 std=65.938
delivered:      mean=14985.504 std=461.280
norm_drop:      mean=0.02248 std=0.00405
reward_energy:  mean=-412.471 std=32.090
reward_drop:    mean=-250.637 std=45.965
reward_qos:     mean=0.000 std=0.000
reward_toggle:  mean=-1.358 std=0.081
reward_other:   mean=0.000 std=0.000
reward parts    total=-664.466 energy=-412.471 drop=-250.637 qos=0.000 toggle=-1.358 other=0.000 | per_step total=-0.664466 energy=-0.412471 drop=-0.250637 qos=0.000000 toggle=-0.001358 other=0.000000
reward_toggle_on:  mean=-0.735 std=0.149
reward_toggle_off: mean=-0.604 std=0.215
reward_toggle_harm: mean=0.000 std=0.000
delta_dropped_after_toggle mean=0.0000
delta_qos_after_toggle mean=0.000000
pending_toggle_harm mean=0.000
toggle_harm_max_dd mean=0.000000
toggle_harm_max_dq mean=0.000000
qos_violation:  mean=0.0000 std=0.0000
qos debug       qos_viol_steps_mean=0.00 qos_allow_on_steps_mean=0.00 norm_drop_step_mean=0.010025 qos_sum_mean=0.000 qos_penalty_per_viol_step_mean=0.000000
cd mask debug   dbg_cd_block_mask_val_last_mean=-999.00 dbg_cd_block_mask_samples_mean=0.00 cd_block_mask_mismatch_count_mean=0.00
toggles applied mean=4.00 reverted mean=0.00
toggles total   mean=4.00 std=0.00 rate=0.0040
toggles dir     toggled_on mean=2.45 toggled_off mean=1.55
off budget      used mean=1.55 blocked mean=0.00
total budget    used mean=4.00 blocked mean=0.00
toggle gates   attempted=4.00 (0.0040/step) allowed=4.00 (0.0040/step) blocked_budget=0.00 (0.0000/step) blocked_util=0.00 (0.0000/step) blocked_cd=0.00 (0.0000/step) blocked_off_stress=0.00 (0.0000/step) emergency_on_applied=0.00 max_util_mean=0.4324 applied=4.00 (0.0040/step)
gate counters  edge_cd=0.00 global_cd=0.00 budget=0.00 util=0.00 off_stress=0.00 qos_off=0.00 qos_on=0.00
mask stats      valid/step mean=1.03 decision_steps mean=100.00 valid@decision mean=1.32 mask_calls_mean=1000.00
mask split      toggles/step=0.03 on/step=0.00 off/step=0.03 noop/step=1.00
mask split@dec  toggles=0.32 on=0.04 off=0.28 noop=1.00
valid_on_actions@decision mean=0.04
on blockers    top=[('on_disabled_by_global_cd', 10356), ('on_disabled_by_interval', 0), ('on_disabled_by_missing_edge', 0), ('on_disabled_by_invalid_index', 0), ('on_disabled_by_edge_cooldown', 0)]
on blockers    top_ex_missing=[('on_disabled_by_global_cd', 10356), ('on_disabled_by_interval', 0), ('on_disabled_by_invalid_index', 0), ('on_disabled_by_edge_cooldown', 0), ('on_disabled_by_qos_gate', 0)]
on availability early20 mean=0.20 frac_decision_with_any_on=0.030 noop_chosen@decision=0.960
edge state      on_edges_mean=16.93 off_edges_mean=1.07 toggle_budget_remaining_mean=0.14
off saturation  off_edges_first20_dec_mean=0.93 off_edges_all_dec_mean=1.07 decision_step_off_zero_mean=2.00
demand stats:   mean_demand_per_step=15.356

=== Evaluation: always_noop (det, 100 episodes) ===
traffic cfg:    model=stochastic seed=None avg_bursts=2.0 p_elephant=0.05 scenario=normal disable_off_actions=False initial_off_edges=2
edge universe   size_mean=18.00 initial_off_requested_mean=2.00 initial_off_applied_mean=2.00
episode_reward: mean=-658.187 std=54.110
energy_kwh:     mean=1.667222 std=0.124646
dropped:        mean=356.912 std=71.061
delivered:      mean=14973.936 std=456.644
norm_drop:      mean=0.02324 std=0.00435
reward_energy:  mean=-400.133 std=29.915
reward_drop:    mean=-258.054 std=48.359
reward_qos:     mean=0.000 std=0.000
reward_toggle:  mean=0.000 std=0.000
reward_other:   mean=0.000 std=0.000
reward parts    total=-658.187 energy=-400.133 drop=-258.054 qos=0.000 toggle=0.000 other=0.000 | per_step total=-0.658187 energy=-0.400133 drop=-0.258054 qos=0.000000 toggle=0.000000 other=0.000000
reward_toggle_on:  mean=0.000 std=0.000
reward_toggle_off: mean=0.000 std=0.000
reward_toggle_harm: mean=0.000 std=0.000
delta_dropped_after_toggle mean=0.0000
delta_qos_after_toggle mean=0.000000
pending_toggle_harm mean=0.000
toggle_harm_max_dd mean=0.000000
toggle_harm_max_dq mean=0.000000
qos_violation:  mean=0.0000 std=0.0000
qos debug       qos_viol_steps_mean=0.00 qos_allow_on_steps_mean=0.00 norm_drop_step_mean=0.010322 qos_sum_mean=0.000 qos_penalty_per_viol_step_mean=0.000000
cd mask debug   dbg_cd_block_mask_val_last_mean=-999.00 dbg_cd_block_mask_samples_mean=0.00 cd_block_mask_mismatch_count_mean=0.00
toggles applied mean=0.00 reverted mean=0.00
toggles total   mean=0.00 std=0.00 rate=0.0000
toggles dir     toggled_on mean=0.00 toggled_off mean=0.00
off budget      used mean=0.00 blocked mean=0.00
total budget    used mean=0.00 blocked mean=0.00
toggle gates   attempted=0.00 (0.0000/step) allowed=0.00 (0.0000/step) blocked_budget=0.00 (0.0000/step) blocked_util=0.00 (0.0000/step) blocked_cd=0.00 (0.0000/step) blocked_off_stress=0.00 (0.0000/step) emergency_on_applied=0.00 max_util_mean=0.4355 applied=0.00 (0.0000/step)
gate counters  edge_cd=0.00 global_cd=0.00 budget=0.00 util=0.00 off_stress=0.00 qos_off=0.00 qos_on=0.00
mask stats      valid/step mean=1.44 decision_steps mean=100.00 valid@decision mean=5.38 mask_calls_mean=1000.00
mask split      toggles/step=0.44 on/step=0.20 off/step=0.24 noop/step=1.00
mask split@dec  toggles=4.38 on=2.00 off=2.38 noop=1.00
valid_on_actions@decision mean=2.00
on blockers    top=[('on_disabled_by_interval', 0), ('on_disabled_by_missing_edge', 0), ('on_disabled_by_invalid_index', 0), ('on_disabled_by_edge_cooldown', 0), ('on_disabled_by_global_cd', 0)]
on blockers    top_ex_missing=[('on_disabled_by_interval', 0), ('on_disabled_by_invalid_index', 0), ('on_disabled_by_edge_cooldown', 0), ('on_disabled_by_global_cd', 0), ('on_disabled_by_qos_gate', 0)]
on availability early20 mean=2.00 frac_decision_with_any_on=1.000 noop_chosen@decision=1.000
edge state      on_edges_mean=16.00 off_edges_mean=2.00 toggle_budget_remaining_mean=4.00
off saturation  off_edges_first20_dec_mean=2.00 off_edges_all_dec_mean=2.00 decision_step_off_zero_mean=-1.00
demand stats:   mean_demand_per_step=15.356

[summary:CUSTOM] trained(det) vs noop: better=YES Δreward=-13.966 Δenergy=+0.109000 Δdropped=-20.869 (pass: offstart(dropped+energy))
[summary:CUSTOM] trained(stoch) vs noop: better=YES Δreward=-7.509 Δenergy=+0.058180 Δdropped=-12.197 (pass: offstart(dropped+energy))
[summary:CUSTOM] random_masked(stoch) vs noop: better=YES Δreward=-6.280 Δenergy=+0.051406 Δdropped=-11.708 (pass: offstart(dropped+energy))
