[device] torch.mps_available=True torch.cuda_available=False sb3_device=mps
Evaluating model: artifacts/locked/normal/20260220_111755_100k/model.zip
[model] path=/Users/oltazagraxha/Desktop/GreenNet/artifacts/locked/20260220_111755_100k/ppo_greennet.zip size_bytes=225626 size_mb=0.215 mtime_utc=2026-02-20T12:02:24.687934+00:00
[env_config] Loaded from artifacts/locked/normal/20260220_111755_100k/env_config.json (keys=['base_capacity', 'base_latency_ms', 'blocked_action_penalty', 'calm_toggle_multiplier_off', 'debug_logs', 'decision_interval_steps', 'demand_max', 'demand_min', 'demand_norm_scale', 'directed', 'disable_off_actions', 'drop_penalty_lambda', 'edge_prob', 'enable_forecasting', 'energy_weight', 'flows_per_step', 'forecast_alpha', 'forecast_horizon_steps', 'global_toggle_cooldown_steps', 'initial_off_edges', 'initial_off_seed', 'max_emergency_on_toggles_per_episode', 'max_off_toggles_per_episode', 'max_steps', 'max_total_toggles_per_episode', 'max_util_off_allow_threshold', 'node_count', 'noop_bonus', 'normalize_drop', 'off_calm_steps_required', 'off_start_guard_decision_steps', 'off_toggle_penalty_scale', 'qos_guard_margin', 'qos_guard_margin_off', 'qos_guard_margin_on', 'qos_guard_penalty_scale', 'qos_min_volume', 'qos_target_norm_drop', 'qos_toggle_discount_on', 'qos_violation_penalty_scale', 'revert_penalty_scale', 'saturation_util_threshold', 'toggle_apply_penalty', 'toggle_attempt_penalty', 'toggle_cooldown_steps', 'toggle_off_penalty_scale', 'toggle_on_penalty_scale', 'toggle_penalty', 'top_k_edge_utils', 'topology_randomize', 'topology_seed', 'topology_seeds', 'traffic_avg_bursts_per_step', 'traffic_duration_range', 'traffic_elephant_size_range', 'traffic_hotspots', 'traffic_mice_size_range', 'traffic_model', 'traffic_p_elephant', 'traffic_scenario', 'traffic_scenario_duration', 'traffic_scenario_frequency', 'traffic_scenario_intensity', 'traffic_scenario_version', 'traffic_seed', 'traffic_spike_duration_range', 'traffic_spike_multiplier_range', 'traffic_spike_prob', 'util_block_threshold', 'util_unblock_threshold'])
[eval] using env_config keys: ['base_capacity', 'base_latency_ms', 'blocked_action_penalty', 'calm_toggle_multiplier_off', 'debug_logs', 'decision_interval_steps', 'demand_max', 'demand_min', 'demand_norm_scale', 'directed', 'disable_off_actions', 'drop_penalty_lambda', 'edge_prob', 'enable_forecasting', 'energy_weight', 'flows_per_step', 'forecast_alpha', 'forecast_horizon_steps', 'global_toggle_cooldown_steps', 'initial_off_edges', 'initial_off_seed', 'max_emergency_on_toggles_per_episode', 'max_off_toggles_per_episode', 'max_steps', 'max_total_toggles_per_episode', 'max_util_off_allow_threshold', 'node_count', 'noop_bonus', 'normalize_drop', 'off_calm_steps_required', 'off_start_guard_decision_steps', 'off_toggle_penalty_scale', 'qos_guard_margin', 'qos_guard_margin_off', 'qos_guard_margin_on', 'qos_guard_penalty_scale', 'qos_min_volume', 'qos_target_norm_drop', 'qos_toggle_discount_on', 'qos_violation_penalty_scale', 'revert_penalty_scale', 'saturation_util_threshold', 'toggle_apply_penalty', 'toggle_attempt_penalty', 'toggle_cooldown_steps', 'toggle_off_penalty_scale', 'toggle_on_penalty_scale', 'toggle_penalty', 'top_k_edge_utils', 'topology_randomize', 'topology_seed', 'topology_seeds', 'traffic_avg_bursts_per_step', 'traffic_duration_range', 'traffic_elephant_size_range', 'traffic_hotspots', 'traffic_mice_size_range', 'traffic_model', 'traffic_p_elephant', 'traffic_scenario', 'traffic_scenario_duration', 'traffic_scenario_frequency', 'traffic_scenario_intensity', 'traffic_scenario_version', 'traffic_seed', 'traffic_spike_duration_range', 'traffic_spike_multiplier_range', 'traffic_spike_prob', 'util_block_threshold', 'util_unblock_threshold']
EVAL MODE: disable_off_actions=False initial_off_edges=2 max_total_toggles=4 traffic_scenario=burst toggle_on_penalty_scale=0.300000 toggle_off_penalty_scale=0.200000 energy_weight=240.000000 eval_max_on_edges=16
SUMMARY TOLERANCES (CUSTOM): reward>=-0.500 dropped<=+1.000 |energy|<=0.020000
EVAL TRACK: CUSTOM (initial_off_edges=2, max_total_toggles=4)
[eval] no train_config found; using defaults for PPO keys.
[device] loaded MaskablePPO on: mps:0
[mask reasons ep1 step=10] {'interval': 0, 'sim_none_or_no_edges': 0, 'invalid_index': 0, 'missing_edge': 0, 'bridge': 0, 'global_cd': 0, 'off_disabled': 0, 'off_start_guard': 0, 'off_cap': 0, 'off_all_on_calm': 0, 'off_calm_streak': 16, 'demand_gate': 0, 'qos_guard': 0, 'off_stress_gate': 0, 'util_gate': 0, 'edge_cooldown': 0, 'total_cap': 0, 'on_disabled_by_interval': 0, 'on_disabled_by_missing_edge': 0, 'on_disabled_by_invalid_index': 0, 'on_disabled_by_edge_cooldown': 0, 'on_disabled_by_global_cd': 0, 'on_disabled_by_qos_gate': 0, 'on_disabled_by_sim_none_or_no_edges': 0}
[mask reasons ep1 step=20] {'interval': 0, 'sim_none_or_no_edges': 0, 'invalid_index': 0, 'missing_edge': 0, 'bridge': 0, 'global_cd': 0, 'off_disabled': 0, 'off_start_guard': 0, 'off_cap': 0, 'off_all_on_calm': 0, 'off_calm_streak': 16, 'demand_gate': 0, 'qos_guard': 0, 'off_stress_gate': 0, 'util_gate': 0, 'edge_cooldown': 0, 'total_cap': 0, 'on_disabled_by_interval': 0, 'on_disabled_by_missing_edge': 0, 'on_disabled_by_invalid_index': 0, 'on_disabled_by_edge_cooldown': 0, 'on_disabled_by_global_cd': 0, 'on_disabled_by_qos_gate': 0, 'on_disabled_by_sim_none_or_no_edges': 0}
[mask reasons ep1 step=30] {'interval': 0, 'sim_none_or_no_edges': 0, 'invalid_index': 0, 'missing_edge': 0, 'bridge': 0, 'global_cd': 0, 'off_disabled': 0, 'off_start_guard': 0, 'off_cap': 0, 'off_all_on_calm': 0, 'off_calm_streak': 16, 'demand_gate': 0, 'qos_guard': 0, 'off_stress_gate': 0, 'util_gate': 0, 'edge_cooldown': 0, 'total_cap': 0, 'on_disabled_by_interval': 0, 'on_disabled_by_missing_edge': 0, 'on_disabled_by_invalid_index': 0, 'on_disabled_by_edge_cooldown': 0, 'on_disabled_by_global_cd': 0, 'on_disabled_by_qos_gate': 0, 'on_disabled_by_sim_none_or_no_edges': 0}
[mask reasons ep1 step=40] {'interval': 0, 'sim_none_or_no_edges': 0, 'invalid_index': 0, 'missing_edge': 0, 'bridge': 0, 'global_cd': 0, 'off_disabled': 0, 'off_start_guard': 0, 'off_cap': 0, 'off_all_on_calm': 0, 'off_calm_streak': 16, 'demand_gate': 0, 'qos_guard': 0, 'off_stress_gate': 0, 'util_gate': 0, 'edge_cooldown': 0, 'total_cap': 0, 'on_disabled_by_interval': 0, 'on_disabled_by_missing_edge': 0, 'on_disabled_by_invalid_index': 0, 'on_disabled_by_edge_cooldown': 0, 'on_disabled_by_global_cd': 0, 'on_disabled_by_qos_gate': 0, 'on_disabled_by_sim_none_or_no_edges': 0}
[mask reasons ep1 step=50] {'interval': 0, 'sim_none_or_no_edges': 0, 'invalid_index': 0, 'missing_edge': 0, 'bridge': 0, 'global_cd': 0, 'off_disabled': 0, 'off_start_guard': 0, 'off_cap': 0, 'off_all_on_calm': 0, 'off_calm_streak': 16, 'demand_gate': 0, 'qos_guard': 0, 'off_stress_gate': 0, 'util_gate': 0, 'edge_cooldown': 0, 'total_cap': 0, 'on_disabled_by_interval': 0, 'on_disabled_by_missing_edge': 0, 'on_disabled_by_invalid_index': 0, 'on_disabled_by_edge_cooldown': 0, 'on_disabled_by_global_cd': 0, 'on_disabled_by_qos_gate': 0, 'on_disabled_by_sim_none_or_no_edges': 0}

=== Evaluation: trained (det, 100 episodes) ===
traffic cfg:    model=stochastic seed=None avg_bursts=2.0 p_elephant=0.05 scenario=burst disable_off_actions=False initial_off_edges=2
edge universe   size_mean=18.00 initial_off_requested_mean=2.00 initial_off_applied_mean=2.00
episode_reward: mean=-1314.404 std=481.959
energy_kwh:     mean=1.666444 std=0.124575
dropped:        mean=2328.234 std=520.730
delivered:      mean=33989.463 std=2077.044
norm_drop:      mean=0.06371 std=0.01113
reward_energy:  mean=-399.947 std=29.898
reward_drop:    mean=-713.620 std=120.049
reward_qos:     mean=-199.867 std=401.053
reward_toggle:  mean=-0.970 std=0.545
reward_other:   mean=0.000 std=0.000
reward parts    total=-1314.404 energy=-399.947 drop=-713.620 qos=-199.867 toggle=-0.970 other=0.000 | per_step total=-1.314404 energy=-0.399947 drop=-0.713620 qos=-0.199867 toggle=-0.000970 other=0.000000
reward_toggle_on:  mean=-0.418 std=0.236
reward_toggle_off: mean=-0.538 std=0.306
reward_toggle_harm: mean=0.000 std=0.000
delta_dropped_after_toggle mean=0.0000
delta_qos_after_toggle mean=0.000000
pending_toggle_harm mean=0.000
toggle_harm_max_dd mean=0.000000
toggle_harm_max_dq mean=0.000000
qos_violation:  mean=0.1883 std=0.2429
qos debug       qos_viol_steps_mean=188.29 qos_allow_on_steps_mean=188.07 norm_drop_step_mean=0.028545 qos_sum_mean=-199.867 qos_penalty_per_viol_step_mean=-0.398901
cd mask debug   dbg_cd_block_mask_val_last_mean=-999.00 dbg_cd_block_mask_samples_mean=0.00 cd_block_mask_mismatch_count_mean=0.00
toggles applied mean=2.81 reverted mean=0.00
toggles total   mean=2.81 std=1.57 rate=0.0028
toggles dir     toggled_on mean=1.40 toggled_off mean=1.41
off budget      used mean=1.41 blocked mean=0.00
total budget    used mean=2.80 blocked mean=0.00
on-edge budget  max_on_edges=16 blocked_on_actions_mean=77.60
toggle gates   attempted=2.81 (0.0028/step) allowed=2.81 (0.0028/step) blocked_budget=0.00 (0.0000/step) blocked_util=0.00 (0.0000/step) blocked_cd=0.00 (0.0000/step) blocked_off_stress=0.00 (0.0000/step) emergency_on_applied=0.01 max_util_mean=0.6118 applied=2.81 (0.0028/step)
gate counters  edge_cd=0.00 global_cd=0.00 budget=0.00 util=0.00 off_stress=0.00 qos_off=0.00 qos_on=0.00
mask stats      valid/step mean=1.19 decision_steps mean=100.00 valid@decision mean=2.87 mask_calls_mean=1000.00
mask split      toggles/step=0.19 on/step=0.16 off/step=0.02 noop/step=1.00
mask split@dec  toggles=1.87 on=1.62 off=0.24 noop=1.00
valid_on_actions@decision mean=1.62
on blockers    top=[('on_disabled_by_global_cd', 3918), ('on_disabled_by_interval', 0), ('on_disabled_by_missing_edge', 0), ('on_disabled_by_invalid_index', 0), ('on_disabled_by_edge_cooldown', 0)]
on blockers    top_ex_missing=[('on_disabled_by_global_cd', 3918), ('on_disabled_by_interval', 0), ('on_disabled_by_invalid_index', 0), ('on_disabled_by_edge_cooldown', 0), ('on_disabled_by_qos_gate', 0)]
on availability early20 mean=1.94 frac_decision_with_any_on=0.804 noop_chosen@decision=0.972
edge state      on_edges_mean=15.99 off_edges_mean=2.01 toggle_budget_remaining_mean=2.30
off saturation  off_edges_first20_dec_mean=2.04 off_edges_all_dec_mean=2.01 decision_step_off_zero_mean=-1.00
demand stats:   mean_demand_per_step=36.369
[mask reasons ep1 step=10] {'interval': 0, 'sim_none_or_no_edges': 0, 'invalid_index': 0, 'missing_edge': 0, 'bridge': 0, 'global_cd': 0, 'off_disabled': 0, 'off_start_guard': 0, 'off_cap': 0, 'off_all_on_calm': 0, 'off_calm_streak': 16, 'demand_gate': 0, 'qos_guard': 0, 'off_stress_gate': 0, 'util_gate': 0, 'edge_cooldown': 0, 'total_cap': 0, 'on_disabled_by_interval': 0, 'on_disabled_by_missing_edge': 0, 'on_disabled_by_invalid_index': 0, 'on_disabled_by_edge_cooldown': 0, 'on_disabled_by_global_cd': 0, 'on_disabled_by_qos_gate': 0, 'on_disabled_by_sim_none_or_no_edges': 0}
[mask reasons ep1 step=20] {'interval': 0, 'sim_none_or_no_edges': 0, 'invalid_index': 0, 'missing_edge': 0, 'bridge': 0, 'global_cd': 0, 'off_disabled': 0, 'off_start_guard': 0, 'off_cap': 0, 'off_all_on_calm': 0, 'off_calm_streak': 16, 'demand_gate': 0, 'qos_guard': 0, 'off_stress_gate': 0, 'util_gate': 0, 'edge_cooldown': 0, 'total_cap': 0, 'on_disabled_by_interval': 0, 'on_disabled_by_missing_edge': 0, 'on_disabled_by_invalid_index': 0, 'on_disabled_by_edge_cooldown': 0, 'on_disabled_by_global_cd': 0, 'on_disabled_by_qos_gate': 0, 'on_disabled_by_sim_none_or_no_edges': 0}
[mask reasons ep1 step=30] {'interval': 0, 'sim_none_or_no_edges': 0, 'invalid_index': 0, 'missing_edge': 0, 'bridge': 0, 'global_cd': 0, 'off_disabled': 0, 'off_start_guard': 0, 'off_cap': 0, 'off_all_on_calm': 0, 'off_calm_streak': 16, 'demand_gate': 0, 'qos_guard': 0, 'off_stress_gate': 0, 'util_gate': 0, 'edge_cooldown': 0, 'total_cap': 0, 'on_disabled_by_interval': 0, 'on_disabled_by_missing_edge': 0, 'on_disabled_by_invalid_index': 0, 'on_disabled_by_edge_cooldown': 0, 'on_disabled_by_global_cd': 0, 'on_disabled_by_qos_gate': 0, 'on_disabled_by_sim_none_or_no_edges': 0}
[mask reasons ep1 step=40] {'interval': 0, 'sim_none_or_no_edges': 0, 'invalid_index': 0, 'missing_edge': 0, 'bridge': 0, 'global_cd': 0, 'off_disabled': 0, 'off_start_guard': 0, 'off_cap': 0, 'off_all_on_calm': 0, 'off_calm_streak': 16, 'demand_gate': 0, 'qos_guard': 0, 'off_stress_gate': 0, 'util_gate': 0, 'edge_cooldown': 0, 'total_cap': 0, 'on_disabled_by_interval': 0, 'on_disabled_by_missing_edge': 0, 'on_disabled_by_invalid_index': 0, 'on_disabled_by_edge_cooldown': 0, 'on_disabled_by_global_cd': 0, 'on_disabled_by_qos_gate': 0, 'on_disabled_by_sim_none_or_no_edges': 0}
[mask reasons ep1 step=50] {'interval': 0, 'sim_none_or_no_edges': 0, 'invalid_index': 0, 'missing_edge': 0, 'bridge': 0, 'global_cd': 0, 'off_disabled': 0, 'off_start_guard': 0, 'off_cap': 0, 'off_all_on_calm': 0, 'off_calm_streak': 16, 'demand_gate': 0, 'qos_guard': 0, 'off_stress_gate': 0, 'util_gate': 0, 'edge_cooldown': 0, 'total_cap': 0, 'on_disabled_by_interval': 0, 'on_disabled_by_missing_edge': 0, 'on_disabled_by_invalid_index': 0, 'on_disabled_by_edge_cooldown': 0, 'on_disabled_by_global_cd': 0, 'on_disabled_by_qos_gate': 0, 'on_disabled_by_sim_none_or_no_edges': 0}

=== Evaluation: trained (stoch, 100 episodes) ===
traffic cfg:    model=stochastic seed=None avg_bursts=2.0 p_elephant=0.05 scenario=burst disable_off_actions=False initial_off_edges=2
edge universe   size_mean=18.00 initial_off_requested_mean=2.00 initial_off_applied_mean=2.00
episode_reward: mean=-1306.267 std=474.980
energy_kwh:     mean=1.666394 std=0.124632
dropped:        mean=2321.389 std=520.220
delivered:      mean=33996.297 std=2077.360
norm_drop:      mean=0.06352 std=0.01113
reward_energy:  mean=-399.935 std=29.912
reward_drop:    mean=-711.892 std=120.011
reward_qos:     mean=-193.534 std=394.674
reward_toggle:  mean=-0.907 std=0.562
reward_other:   mean=0.000 std=0.000
reward parts    total=-1306.267 energy=-399.935 drop=-711.892 qos=-193.534 toggle=-0.907 other=0.000 | per_step total=-1.306267 energy=-0.399935 drop=-0.711892 qos=-0.193534 toggle=-0.000907 other=0.000000
reward_toggle_on:  mean=-0.388 std=0.241
reward_toggle_off: mean=-0.506 std=0.316
reward_toggle_harm: mean=0.000 std=0.000
delta_dropped_after_toggle mean=0.0000
delta_qos_after_toggle mean=0.000000
pending_toggle_harm mean=0.000
toggle_harm_max_dd mean=0.000000
toggle_harm_max_dq mean=0.000000
qos_violation:  mean=0.1897 std=0.2403
qos debug       qos_viol_steps_mean=189.70 qos_allow_on_steps_mean=189.49 norm_drop_step_mean=0.028476 qos_sum_mean=-193.534 qos_penalty_per_viol_step_mean=-0.385851
cd mask debug   dbg_cd_block_mask_val_last_mean=-999.00 dbg_cd_block_mask_samples_mean=0.00 cd_block_mask_mismatch_count_mean=0.00
toggles applied mean=2.61 reverted mean=0.00
toggles total   mean=2.61 std=1.61 rate=0.0026
toggles dir     toggled_on mean=1.30 toggled_off mean=1.31
off budget      used mean=1.31 blocked mean=0.00
total budget    used mean=2.60 blocked mean=0.00
on-edge budget  max_on_edges=16 blocked_on_actions_mean=67.94
toggle gates   attempted=2.61 (0.0026/step) allowed=2.61 (0.0026/step) blocked_budget=0.00 (0.0000/step) blocked_util=0.00 (0.0000/step) blocked_cd=0.00 (0.0000/step) blocked_off_stress=0.00 (0.0000/step) emergency_on_applied=0.01 max_util_mean=0.6117 applied=2.61 (0.0026/step)
gate counters  edge_cd=0.00 global_cd=0.00 budget=0.00 util=0.00 off_stress=0.00 qos_off=0.00 qos_on=0.00
mask stats      valid/step mean=1.19 decision_steps mean=100.00 valid@decision mean=2.90 mask_calls_mean=1000.00
mask split      toggles/step=0.19 on/step=0.16 off/step=0.03 noop/step=1.00
mask split@dec  toggles=1.90 on=1.63 off=0.27 noop=1.00
valid_on_actions@decision mean=1.63
on blockers    top=[('on_disabled_by_global_cd', 3830), ('on_disabled_by_interval', 0), ('on_disabled_by_missing_edge', 0), ('on_disabled_by_invalid_index', 0), ('on_disabled_by_edge_cooldown', 0)]
on blockers    top_ex_missing=[('on_disabled_by_global_cd', 3830), ('on_disabled_by_interval', 0), ('on_disabled_by_invalid_index', 0), ('on_disabled_by_edge_cooldown', 0), ('on_disabled_by_qos_gate', 0)]
on availability early20 mean=1.93 frac_decision_with_any_on=0.808 noop_chosen@decision=0.974
edge state      on_edges_mean=15.99 off_edges_mean=2.01 toggle_budget_remaining_mean=2.45
off saturation  off_edges_first20_dec_mean=2.04 off_edges_all_dec_mean=2.01 decision_step_off_zero_mean=-1.00
demand stats:   mean_demand_per_step=36.369

=== Evaluation: random_masked (stoch, 100 episodes) ===
traffic cfg:    model=stochastic seed=None avg_bursts=2.0 p_elephant=0.05 scenario=burst disable_off_actions=False initial_off_edges=2
edge universe   size_mean=18.00 initial_off_requested_mean=2.00 initial_off_applied_mean=2.00
episode_reward: mean=-1308.386 std=487.665
energy_kwh:     mean=1.666350 std=0.124572
dropped:        mean=2314.293 std=531.355
delivered:      mean=34003.324 std=2069.184
norm_drop:      mean=0.06331 std=0.01137
reward_energy:  mean=-399.924 std=29.897
reward_drop:    mean=-711.137 std=121.436
reward_qos:     mean=-196.378 std=404.738
reward_toggle:  mean=-0.947 std=0.560
reward_other:   mean=0.000 std=0.000
reward parts    total=-1308.386 energy=-399.924 drop=-711.137 qos=-196.378 toggle=-0.947 other=0.000 | per_step total=-1.308386 energy=-0.399924 drop=-0.711137 qos=-0.196378 toggle=-0.000947 other=0.000000
reward_toggle_on:  mean=-0.409 std=0.242
reward_toggle_off: mean=-0.524 std=0.313
reward_toggle_harm: mean=0.000 std=0.000
delta_dropped_after_toggle mean=0.0000
delta_qos_after_toggle mean=0.000000
pending_toggle_harm mean=0.000
toggle_harm_max_dd mean=0.000000
toggle_harm_max_dq mean=0.000000
qos_violation:  mean=0.1832 std=0.2434
qos debug       qos_viol_steps_mean=183.19 qos_allow_on_steps_mean=182.97 norm_drop_step_mean=0.028445 qos_sum_mean=-196.378 qos_penalty_per_viol_step_mean=-0.406091
cd mask debug   dbg_cd_block_mask_val_last_mean=-999.00 dbg_cd_block_mask_samples_mean=0.00 cd_block_mask_mismatch_count_mean=0.00
toggles applied mean=2.74 reverted mean=0.00
toggles total   mean=2.74 std=1.62 rate=0.0027
toggles dir     toggled_on mean=1.37 toggled_off mean=1.37
off budget      used mean=1.37 blocked mean=0.00
total budget    used mean=2.73 blocked mean=0.00
on-edge budget  max_on_edges=16 blocked_on_actions_mean=77.01
toggle gates   attempted=2.74 (0.0027/step) allowed=2.74 (0.0027/step) blocked_budget=0.00 (0.0000/step) blocked_util=0.00 (0.0000/step) blocked_cd=0.00 (0.0000/step) blocked_off_stress=0.00 (0.0000/step) emergency_on_applied=0.01 max_util_mean=0.6114 applied=2.74 (0.0027/step)
gate counters  edge_cd=0.00 global_cd=0.00 budget=0.00 util=0.00 off_stress=0.00 qos_off=0.00 qos_on=0.00
mask stats      valid/step mean=1.19 decision_steps mean=100.00 valid@decision mean=2.85 mask_calls_mean=1000.00
mask split      toggles/step=0.19 on/step=0.16 off/step=0.02 noop/step=1.00
mask split@dec  toggles=1.85 on=1.61 off=0.24 noop=1.00
valid_on_actions@decision mean=1.61
on blockers    top=[('on_disabled_by_global_cd', 4050), ('on_disabled_by_interval', 0), ('on_disabled_by_missing_edge', 0), ('on_disabled_by_invalid_index', 0), ('on_disabled_by_edge_cooldown', 0)]
on blockers    top_ex_missing=[('on_disabled_by_global_cd', 4050), ('on_disabled_by_interval', 0), ('on_disabled_by_invalid_index', 0), ('on_disabled_by_edge_cooldown', 0), ('on_disabled_by_qos_gate', 0)]
on availability early20 mean=1.93 frac_decision_with_any_on=0.797 noop_chosen@decision=0.973
edge state      on_edges_mean=15.98 off_edges_mean=2.02 toggle_budget_remaining_mean=2.34
off saturation  off_edges_first20_dec_mean=2.05 off_edges_all_dec_mean=2.02 decision_step_off_zero_mean=-1.00
demand stats:   mean_demand_per_step=36.369

=== Evaluation: always_noop (det, 100 episodes) ===
traffic cfg:    model=stochastic seed=None avg_bursts=2.0 p_elephant=0.05 scenario=burst disable_off_actions=False initial_off_edges=2
edge universe   size_mean=18.00 initial_off_requested_mean=2.00 initial_off_applied_mean=2.00
episode_reward: mean=-1313.164 std=482.091
energy_kwh:     mean=1.667222 std=0.124646
dropped:        mean=2327.880 std=520.788
delivered:      mean=33989.827 std=2077.042
norm_drop:      mean=0.06370 std=0.01113
reward_energy:  mean=-400.133 std=29.915
reward_drop:    mean=-713.518 std=120.076
reward_qos:     mean=-199.512 std=401.003
reward_toggle:  mean=0.000 std=0.000
reward_other:   mean=0.000 std=0.000
reward parts    total=-1313.164 energy=-400.133 drop=-713.518 qos=-199.512 toggle=0.000 other=0.000 | per_step total=-1.313164 energy=-0.400133 drop=-0.713518 qos=-0.199512 toggle=0.000000 other=0.000000
reward_toggle_on:  mean=0.000 std=0.000
reward_toggle_off: mean=0.000 std=0.000
reward_toggle_harm: mean=0.000 std=0.000
delta_dropped_after_toggle mean=0.0000
delta_qos_after_toggle mean=0.000000
pending_toggle_harm mean=0.000
toggle_harm_max_dd mean=0.000000
toggle_harm_max_dq mean=0.000000
qos_violation:  mean=0.1878 std=0.2426
qos debug       qos_viol_steps_mean=187.83 qos_allow_on_steps_mean=187.61 norm_drop_step_mean=0.028541 qos_sum_mean=-199.512 qos_penalty_per_viol_step_mean=-0.397511
cd mask debug   dbg_cd_block_mask_val_last_mean=-999.00 dbg_cd_block_mask_samples_mean=0.00 cd_block_mask_mismatch_count_mean=0.00
toggles applied mean=0.00 reverted mean=0.00
toggles total   mean=0.00 std=0.00 rate=0.0000
toggles dir     toggled_on mean=0.00 toggled_off mean=0.00
off budget      used mean=0.00 blocked mean=0.00
total budget    used mean=0.00 blocked mean=0.00
on-edge budget  max_on_edges=16 blocked_on_actions_mean=0.00
toggle gates   attempted=0.00 (0.0000/step) allowed=0.00 (0.0000/step) blocked_budget=0.00 (0.0000/step) blocked_util=0.00 (0.0000/step) blocked_cd=0.00 (0.0000/step) blocked_off_stress=0.00 (0.0000/step) emergency_on_applied=0.00 max_util_mean=0.6118 applied=0.00 (0.0000/step)
gate counters  edge_cd=0.00 global_cd=0.00 budget=0.00 util=0.00 off_stress=0.00 qos_off=0.00 qos_on=0.00
mask stats      valid/step mean=1.24 decision_steps mean=100.00 valid@decision mean=3.37 mask_calls_mean=1000.00
mask split      toggles/step=0.24 on/step=0.20 off/step=0.04 noop/step=1.00
mask split@dec  toggles=2.37 on=2.00 off=0.37 noop=1.00
valid_on_actions@decision mean=2.00
on blockers    top=[('on_disabled_by_interval', 0), ('on_disabled_by_missing_edge', 0), ('on_disabled_by_invalid_index', 0), ('on_disabled_by_edge_cooldown', 0), ('on_disabled_by_global_cd', 0)]
on blockers    top_ex_missing=[('on_disabled_by_interval', 0), ('on_disabled_by_invalid_index', 0), ('on_disabled_by_edge_cooldown', 0), ('on_disabled_by_global_cd', 0), ('on_disabled_by_qos_gate', 0)]
on availability early20 mean=2.00 frac_decision_with_any_on=1.000 noop_chosen@decision=1.000
edge state      on_edges_mean=16.00 off_edges_mean=2.00 toggle_budget_remaining_mean=4.00
off saturation  off_edges_first20_dec_mean=2.00 off_edges_all_dec_mean=2.00 decision_step_off_zero_mean=-1.00
demand stats:   mean_demand_per_step=36.369

[summary:CUSTOM] trained(det) vs noop: better=YES Δreward=-1.240 Δenergy=-0.000778 Δdropped=+0.355 (pass: offstart(dropped+energy))
[summary:CUSTOM] trained(stoch) vs noop: better=YES Δreward=+6.897 Δenergy=-0.000828 Δdropped=-6.490 (pass: offstart(dropped+energy))
[summary:CUSTOM] random_masked(stoch) vs noop: better=YES Δreward=+4.778 Δenergy=-0.000872 Δdropped=-13.587 (pass: offstart(dropped+energy))
