[device] torch.mps_available=True torch.cuda_available=False sb3_device=mps
Evaluating model: artifacts/locked/normal/20260220_111755_100k/model.zip
[model] path=/Users/oltazagraxha/Desktop/GreenNet/artifacts/locked/20260220_111755_100k/ppo_greennet.zip size_bytes=225626 size_mb=0.215 mtime_utc=2026-02-20T12:02:24.687934+00:00
[env_config] Loaded from artifacts/locked/normal/20260220_111755_100k/env_config.json (keys=['base_capacity', 'base_latency_ms', 'blocked_action_penalty', 'calm_toggle_multiplier_off', 'debug_logs', 'decision_interval_steps', 'demand_max', 'demand_min', 'demand_norm_scale', 'directed', 'disable_off_actions', 'drop_penalty_lambda', 'edge_prob', 'enable_forecasting', 'energy_weight', 'flows_per_step', 'forecast_alpha', 'forecast_horizon_steps', 'global_toggle_cooldown_steps', 'initial_off_edges', 'initial_off_seed', 'max_emergency_on_toggles_per_episode', 'max_off_toggles_per_episode', 'max_steps', 'max_total_toggles_per_episode', 'max_util_off_allow_threshold', 'node_count', 'noop_bonus', 'normalize_drop', 'off_calm_steps_required', 'off_start_guard_decision_steps', 'off_toggle_penalty_scale', 'qos_guard_margin', 'qos_guard_margin_off', 'qos_guard_margin_on', 'qos_guard_penalty_scale', 'qos_min_volume', 'qos_target_norm_drop', 'qos_toggle_discount_on', 'qos_violation_penalty_scale', 'revert_penalty_scale', 'saturation_util_threshold', 'toggle_apply_penalty', 'toggle_attempt_penalty', 'toggle_cooldown_steps', 'toggle_off_penalty_scale', 'toggle_on_penalty_scale', 'toggle_penalty', 'top_k_edge_utils', 'topology_randomize', 'topology_seed', 'topology_seeds', 'traffic_avg_bursts_per_step', 'traffic_duration_range', 'traffic_elephant_size_range', 'traffic_hotspots', 'traffic_mice_size_range', 'traffic_model', 'traffic_p_elephant', 'traffic_scenario', 'traffic_scenario_duration', 'traffic_scenario_frequency', 'traffic_scenario_intensity', 'traffic_scenario_version', 'traffic_seed', 'traffic_spike_duration_range', 'traffic_spike_multiplier_range', 'traffic_spike_prob', 'util_block_threshold', 'util_unblock_threshold'])
[eval] using env_config keys: ['base_capacity', 'base_latency_ms', 'blocked_action_penalty', 'calm_toggle_multiplier_off', 'debug_logs', 'decision_interval_steps', 'demand_max', 'demand_min', 'demand_norm_scale', 'directed', 'disable_off_actions', 'drop_penalty_lambda', 'edge_prob', 'enable_forecasting', 'energy_weight', 'flows_per_step', 'forecast_alpha', 'forecast_horizon_steps', 'global_toggle_cooldown_steps', 'initial_off_edges', 'initial_off_seed', 'max_emergency_on_toggles_per_episode', 'max_off_toggles_per_episode', 'max_steps', 'max_total_toggles_per_episode', 'max_util_off_allow_threshold', 'node_count', 'noop_bonus', 'normalize_drop', 'off_calm_steps_required', 'off_start_guard_decision_steps', 'off_toggle_penalty_scale', 'qos_guard_margin', 'qos_guard_margin_off', 'qos_guard_margin_on', 'qos_guard_penalty_scale', 'qos_min_volume', 'qos_target_norm_drop', 'qos_toggle_discount_on', 'qos_violation_penalty_scale', 'revert_penalty_scale', 'saturation_util_threshold', 'toggle_apply_penalty', 'toggle_attempt_penalty', 'toggle_cooldown_steps', 'toggle_off_penalty_scale', 'toggle_on_penalty_scale', 'toggle_penalty', 'top_k_edge_utils', 'topology_randomize', 'topology_seed', 'topology_seeds', 'traffic_avg_bursts_per_step', 'traffic_duration_range', 'traffic_elephant_size_range', 'traffic_hotspots', 'traffic_mice_size_range', 'traffic_model', 'traffic_p_elephant', 'traffic_scenario', 'traffic_scenario_duration', 'traffic_scenario_frequency', 'traffic_scenario_intensity', 'traffic_scenario_version', 'traffic_seed', 'traffic_spike_duration_range', 'traffic_spike_multiplier_range', 'traffic_spike_prob', 'util_block_threshold', 'util_unblock_threshold']
EVAL MODE: disable_off_actions=False initial_off_edges=4 max_total_toggles=4 traffic_scenario=burst toggle_on_penalty_scale=0.300000 toggle_off_penalty_scale=0.200000 energy_weight=240.000000 eval_max_on_edges=16
SUMMARY TOLERANCES (CUSTOM): reward>=-0.500 dropped<=+1.000 |energy|<=0.020000
EVAL TRACK: CUSTOM (initial_off_edges=4, max_total_toggles=4)
[eval] no train_config found; using defaults for PPO keys.
[device] loaded MaskablePPO on: mps:0
[mask reasons ep1 step=10] {'interval': 0, 'sim_none_or_no_edges': 0, 'invalid_index': 0, 'missing_edge': 0, 'bridge': 0, 'global_cd': 0, 'off_disabled': 0, 'off_start_guard': 0, 'off_cap': 0, 'off_all_on_calm': 0, 'off_calm_streak': 14, 'demand_gate': 0, 'qos_guard': 0, 'off_stress_gate': 0, 'util_gate': 0, 'edge_cooldown': 0, 'total_cap': 0, 'on_disabled_by_interval': 0, 'on_disabled_by_missing_edge': 0, 'on_disabled_by_invalid_index': 0, 'on_disabled_by_edge_cooldown': 0, 'on_disabled_by_global_cd': 0, 'on_disabled_by_qos_gate': 0, 'on_disabled_by_sim_none_or_no_edges': 0}
[mask reasons ep1 step=20] {'interval': 0, 'sim_none_or_no_edges': 0, 'invalid_index': 0, 'missing_edge': 0, 'bridge': 0, 'global_cd': 0, 'off_disabled': 0, 'off_start_guard': 0, 'off_cap': 0, 'off_all_on_calm': 0, 'off_calm_streak': 15, 'demand_gate': 0, 'qos_guard': 0, 'off_stress_gate': 0, 'util_gate': 0, 'edge_cooldown': 0, 'total_cap': 0, 'on_disabled_by_interval': 0, 'on_disabled_by_missing_edge': 0, 'on_disabled_by_invalid_index': 0, 'on_disabled_by_edge_cooldown': 0, 'on_disabled_by_global_cd': 0, 'on_disabled_by_qos_gate': 0, 'on_disabled_by_sim_none_or_no_edges': 0}
[mask reasons ep1 step=30] {'interval': 0, 'sim_none_or_no_edges': 0, 'invalid_index': 0, 'missing_edge': 0, 'bridge': 0, 'global_cd': 0, 'off_disabled': 0, 'off_start_guard': 0, 'off_cap': 0, 'off_all_on_calm': 0, 'off_calm_streak': 16, 'demand_gate': 0, 'qos_guard': 0, 'off_stress_gate': 0, 'util_gate': 0, 'edge_cooldown': 0, 'total_cap': 0, 'on_disabled_by_interval': 0, 'on_disabled_by_missing_edge': 0, 'on_disabled_by_invalid_index': 0, 'on_disabled_by_edge_cooldown': 0, 'on_disabled_by_global_cd': 0, 'on_disabled_by_qos_gate': 0, 'on_disabled_by_sim_none_or_no_edges': 0}
[mask reasons ep1 step=40] {'interval': 0, 'sim_none_or_no_edges': 0, 'invalid_index': 0, 'missing_edge': 0, 'bridge': 0, 'global_cd': 0, 'off_disabled': 0, 'off_start_guard': 0, 'off_cap': 0, 'off_all_on_calm': 0, 'off_calm_streak': 16, 'demand_gate': 0, 'qos_guard': 0, 'off_stress_gate': 0, 'util_gate': 0, 'edge_cooldown': 0, 'total_cap': 0, 'on_disabled_by_interval': 0, 'on_disabled_by_missing_edge': 0, 'on_disabled_by_invalid_index': 0, 'on_disabled_by_edge_cooldown': 0, 'on_disabled_by_global_cd': 0, 'on_disabled_by_qos_gate': 0, 'on_disabled_by_sim_none_or_no_edges': 0}
[mask reasons ep1 step=50] {'interval': 0, 'sim_none_or_no_edges': 0, 'invalid_index': 0, 'missing_edge': 0, 'bridge': 0, 'global_cd': 0, 'off_disabled': 0, 'off_start_guard': 0, 'off_cap': 0, 'off_all_on_calm': 0, 'off_calm_streak': 16, 'demand_gate': 0, 'qos_guard': 0, 'off_stress_gate': 0, 'util_gate': 0, 'edge_cooldown': 0, 'total_cap': 0, 'on_disabled_by_interval': 0, 'on_disabled_by_missing_edge': 0, 'on_disabled_by_invalid_index': 0, 'on_disabled_by_edge_cooldown': 0, 'on_disabled_by_global_cd': 0, 'on_disabled_by_qos_gate': 0, 'on_disabled_by_sim_none_or_no_edges': 0}

=== Evaluation: trained (det, 10 episodes) ===
traffic cfg:    model=stochastic seed=None avg_bursts=2.0 p_elephant=0.05 scenario=burst disable_off_actions=False initial_off_edges=4
edge universe   size_mean=18.00 initial_off_requested_mean=4.00 initial_off_applied_mean=4.00
episode_reward: mean=-1221.708 std=232.500
energy_kwh:     mean=1.648056 std=0.093641
dropped:        mean=2316.295 std=311.767
delivered:      mean=33965.625 std=2039.847
norm_drop:      mean=0.06383 std=0.00762
reward_energy:  mean=-395.533 std=22.474
reward_drop:    mean=-702.037 std=77.114
reward_qos:     mean=-123.055 std=197.972
reward_toggle:  mean=-1.082 std=0.365
reward_other:   mean=0.000 std=0.000
reward parts    total=-1221.708 energy=-395.533 drop=-702.037 qos=-123.055 toggle=-1.082 other=0.000 | per_step total=-1.221708 energy=-0.395533 drop=-0.702037 qos=-0.123055 toggle=-0.001082 other=0.000000
reward_toggle_on:  mean=-0.787 std=0.181
reward_toggle_off: mean=-0.280 std=0.183
reward_toggle_harm: mean=0.000 std=0.000
delta_dropped_after_toggle mean=0.0000
delta_qos_after_toggle mean=0.000000
pending_toggle_harm mean=0.000
toggle_harm_max_dd mean=0.000000
toggle_harm_max_dq mean=0.000000
qos_violation:  mean=0.1714 std=0.1954
qos debug       qos_viol_steps_mean=171.40 qos_allow_on_steps_mean=171.20 norm_drop_step_mean=0.028081 qos_sum_mean=-123.055 qos_penalty_per_viol_step_mean=-0.292935
cd mask debug   dbg_cd_block_mask_val_last_mean=-999.00 dbg_cd_block_mask_samples_mean=0.00 cd_block_mask_mismatch_count_mean=0.00
toggles applied mean=3.40 reverted mean=0.00
toggles total   mean=3.40 std=0.92 rate=0.0034
toggles dir     toggled_on mean=2.70 toggled_off mean=0.70
off budget      used mean=0.70 blocked mean=0.00
total budget    used mean=3.30 blocked mean=0.00
on-edge budget  max_on_edges=16 blocked_on_actions_mean=49.30
toggle gates   attempted=3.40 (0.0034/step) allowed=3.40 (0.0034/step) blocked_budget=0.00 (0.0000/step) blocked_util=0.00 (0.0000/step) blocked_cd=0.00 (0.0000/step) blocked_off_stress=0.00 (0.0000/step) emergency_on_applied=0.10 max_util_mean=0.6108 applied=3.40 (0.0034/step)
gate counters  edge_cd=0.00 global_cd=0.00 budget=0.00 util=0.00 off_stress=0.00 qos_off=0.00 qos_on=0.00
mask stats      valid/step mean=1.12 decision_steps mean=100.00 valid@decision mean=2.25 mask_calls_mean=1000.00
mask split      toggles/step=0.12 on/step=0.11 off/step=0.02 noop/step=1.00
mask split@dec  toggles=1.25 on=1.09 off=0.16 noop=1.00
valid_on_actions@decision mean=1.09
on blockers    top=[('on_disabled_by_global_cd', 946), ('on_disabled_by_interval', 0), ('on_disabled_by_missing_edge', 0), ('on_disabled_by_invalid_index', 0), ('on_disabled_by_edge_cooldown', 0)]
on blockers    top_ex_missing=[('on_disabled_by_global_cd', 946), ('on_disabled_by_interval', 0), ('on_disabled_by_invalid_index', 0), ('on_disabled_by_edge_cooldown', 0), ('on_disabled_by_qos_gate', 0)]
on availability early20 mean=1.61 frac_decision_with_any_on=0.527 noop_chosen@decision=0.966
edge state      on_edges_mean=15.96 off_edges_mean=2.03 toggle_budget_remaining_mean=1.03
off saturation  off_edges_first20_dec_mean=2.08 off_edges_all_dec_mean=2.02 decision_step_off_zero_mean=-1.00
demand stats:   mean_demand_per_step=36.327
[mask reasons ep1 step=10] {'interval': 0, 'sim_none_or_no_edges': 0, 'invalid_index': 0, 'missing_edge': 0, 'bridge': 0, 'global_cd': 0, 'off_disabled': 0, 'off_start_guard': 0, 'off_cap': 0, 'off_all_on_calm': 0, 'off_calm_streak': 14, 'demand_gate': 0, 'qos_guard': 0, 'off_stress_gate': 0, 'util_gate': 0, 'edge_cooldown': 0, 'total_cap': 0, 'on_disabled_by_interval': 0, 'on_disabled_by_missing_edge': 0, 'on_disabled_by_invalid_index': 0, 'on_disabled_by_edge_cooldown': 0, 'on_disabled_by_global_cd': 0, 'on_disabled_by_qos_gate': 0, 'on_disabled_by_sim_none_or_no_edges': 0}
[mask reasons ep1 step=20] {'interval': 0, 'sim_none_or_no_edges': 0, 'invalid_index': 0, 'missing_edge': 0, 'bridge': 0, 'global_cd': 0, 'off_disabled': 0, 'off_start_guard': 0, 'off_cap': 0, 'off_all_on_calm': 0, 'off_calm_streak': 15, 'demand_gate': 0, 'qos_guard': 0, 'off_stress_gate': 0, 'util_gate': 0, 'edge_cooldown': 0, 'total_cap': 0, 'on_disabled_by_interval': 0, 'on_disabled_by_missing_edge': 0, 'on_disabled_by_invalid_index': 0, 'on_disabled_by_edge_cooldown': 0, 'on_disabled_by_global_cd': 0, 'on_disabled_by_qos_gate': 0, 'on_disabled_by_sim_none_or_no_edges': 0}
[mask reasons ep1 step=30] {'interval': 0, 'sim_none_or_no_edges': 0, 'invalid_index': 0, 'missing_edge': 0, 'bridge': 0, 'global_cd': 0, 'off_disabled': 0, 'off_start_guard': 0, 'off_cap': 0, 'off_all_on_calm': 0, 'off_calm_streak': 16, 'demand_gate': 0, 'qos_guard': 0, 'off_stress_gate': 0, 'util_gate': 0, 'edge_cooldown': 0, 'total_cap': 0, 'on_disabled_by_interval': 0, 'on_disabled_by_missing_edge': 0, 'on_disabled_by_invalid_index': 0, 'on_disabled_by_edge_cooldown': 0, 'on_disabled_by_global_cd': 0, 'on_disabled_by_qos_gate': 0, 'on_disabled_by_sim_none_or_no_edges': 0}
[mask reasons ep1 step=40] {'interval': 0, 'sim_none_or_no_edges': 0, 'invalid_index': 0, 'missing_edge': 0, 'bridge': 0, 'global_cd': 0, 'off_disabled': 0, 'off_start_guard': 0, 'off_cap': 0, 'off_all_on_calm': 0, 'off_calm_streak': 16, 'demand_gate': 0, 'qos_guard': 0, 'off_stress_gate': 0, 'util_gate': 0, 'edge_cooldown': 0, 'total_cap': 0, 'on_disabled_by_interval': 0, 'on_disabled_by_missing_edge': 0, 'on_disabled_by_invalid_index': 0, 'on_disabled_by_edge_cooldown': 0, 'on_disabled_by_global_cd': 0, 'on_disabled_by_qos_gate': 0, 'on_disabled_by_sim_none_or_no_edges': 0}
[mask reasons ep1 step=50] {'interval': 0, 'sim_none_or_no_edges': 0, 'invalid_index': 0, 'missing_edge': 0, 'bridge': 0, 'global_cd': 0, 'off_disabled': 0, 'off_start_guard': 0, 'off_cap': 0, 'off_all_on_calm': 0, 'off_calm_streak': 16, 'demand_gate': 0, 'qos_guard': 0, 'off_stress_gate': 0, 'util_gate': 0, 'edge_cooldown': 0, 'total_cap': 0, 'on_disabled_by_interval': 0, 'on_disabled_by_missing_edge': 0, 'on_disabled_by_invalid_index': 0, 'on_disabled_by_edge_cooldown': 0, 'on_disabled_by_global_cd': 0, 'on_disabled_by_qos_gate': 0, 'on_disabled_by_sim_none_or_no_edges': 0}

=== Evaluation: trained (stoch, 10 episodes) ===
traffic cfg:    model=stochastic seed=None avg_bursts=2.0 p_elephant=0.05 scenario=burst disable_off_actions=False initial_off_edges=4
edge universe   size_mean=18.00 initial_off_requested_mean=4.00 initial_off_applied_mean=4.00
episode_reward: mean=-1265.121 std=332.415
energy_kwh:     mean=1.636978 std=0.089084
dropped:        mean=2331.852 std=367.928
delivered:      mean=33950.681 std=1958.386
norm_drop:      mean=0.06412 std=0.00831
reward_energy:  mean=-392.875 std=21.380
reward_drop:    mean=-704.618 std=79.251
reward_qos:     mean=-166.546 std=282.804
reward_toggle:  mean=-1.083 std=0.374
reward_other:   mean=0.000 std=0.000
reward parts    total=-1265.121 energy=-392.875 drop=-704.618 qos=-166.546 toggle=-1.083 other=0.000 | per_step total=-1.265121 energy=-0.392875 drop=-0.704618 qos=-0.166546 toggle=-0.001083 other=0.000000
reward_toggle_on:  mean=-0.728 std=0.184
reward_toggle_off: mean=-0.340 std=0.284
reward_toggle_harm: mean=0.000 std=0.000
delta_dropped_after_toggle mean=0.0000
delta_qos_after_toggle mean=0.000000
pending_toggle_harm mean=0.000
toggle_harm_max_dd mean=0.000000
toggle_harm_max_dq mean=0.000000
qos_violation:  mean=0.1649 std=0.2343
qos debug       qos_viol_steps_mean=164.90 qos_allow_on_steps_mean=164.60 norm_drop_step_mean=0.028185 qos_sum_mean=-166.546 qos_penalty_per_viol_step_mean=-0.335777
cd mask debug   dbg_cd_block_mask_val_last_mean=-999.00 dbg_cd_block_mask_samples_mean=0.00 cd_block_mask_mismatch_count_mean=0.00
toggles applied mean=3.40 reverted mean=0.00
toggles total   mean=3.40 std=0.92 rate=0.0034
toggles dir     toggled_on mean=2.50 toggled_off mean=0.90
off budget      used mean=0.90 blocked mean=0.00
total budget    used mean=3.30 blocked mean=0.00
on-edge budget  max_on_edges=16 blocked_on_actions_mean=35.60
toggle gates   attempted=3.40 (0.0034/step) allowed=3.40 (0.0034/step) blocked_budget=0.00 (0.0000/step) blocked_util=0.00 (0.0000/step) blocked_cd=0.00 (0.0000/step) blocked_off_stress=0.00 (0.0000/step) emergency_on_applied=0.10 max_util_mean=0.6107 applied=3.40 (0.0034/step)
gate counters  edge_cd=0.00 global_cd=0.00 budget=0.00 util=0.00 off_stress=0.00 qos_off=0.00 qos_on=0.00
mask stats      valid/step mean=1.12 decision_steps mean=100.00 valid@decision mean=2.18 mask_calls_mean=1000.00
mask split      toggles/step=0.12 on/step=0.10 off/step=0.02 noop/step=1.00
mask split@dec  toggles=1.18 on=1.00 off=0.17 noop=1.00
valid_on_actions@decision mean=1.00
on blockers    top=[('on_disabled_by_global_cd', 1232), ('on_disabled_by_interval', 0), ('on_disabled_by_missing_edge', 0), ('on_disabled_by_invalid_index', 0), ('on_disabled_by_edge_cooldown', 0)]
on blockers    top_ex_missing=[('on_disabled_by_global_cd', 1232), ('on_disabled_by_interval', 0), ('on_disabled_by_invalid_index', 0), ('on_disabled_by_edge_cooldown', 0), ('on_disabled_by_qos_gate', 0)]
on availability early20 mean=1.55 frac_decision_with_any_on=0.483 noop_chosen@decision=0.966
edge state      on_edges_mean=15.77 off_edges_mean=2.23 toggle_budget_remaining_mean=1.02
off saturation  off_edges_first20_dec_mean=2.24 off_edges_all_dec_mean=2.22 decision_step_off_zero_mean=-1.00
demand stats:   mean_demand_per_step=36.327

=== Evaluation: random_masked (stoch, 10 episodes) ===
traffic cfg:    model=stochastic seed=None avg_bursts=2.0 p_elephant=0.05 scenario=burst disable_off_actions=False initial_off_edges=4
edge universe   size_mean=18.00 initial_off_requested_mean=4.00 initial_off_applied_mean=4.00
episode_reward: mean=-1228.879 std=253.811
energy_kwh:     mean=1.635989 std=0.095690
dropped:        mean=2311.416 std=376.403
delivered:      mean=33970.405 std=1963.639
norm_drop:      mean=0.06356 std=0.00868
reward_energy:  mean=-392.637 std=22.966
reward_drop:    mean=-698.178 std=82.347
reward_qos:     mean=-136.890 std=208.603
reward_toggle:  mean=-1.174 std=0.374
reward_other:   mean=0.000 std=0.000
reward parts    total=-1228.879 energy=-392.637 drop=-698.178 qos=-136.890 toggle=-1.174 other=0.000 | per_step total=-1.228879 energy=-0.392637 drop=-0.698178 qos=-0.136890 toggle=-0.001174 other=0.000000
reward_toggle_on:  mean=-0.757 std=0.172
reward_toggle_off: mean=-0.400 std=0.297
reward_toggle_harm: mean=0.000 std=0.000
delta_dropped_after_toggle mean=0.0000
delta_qos_after_toggle mean=0.000000
pending_toggle_harm mean=0.000
toggle_harm_max_dd mean=0.000000
toggle_harm_max_dq mean=0.000000
qos_violation:  mean=0.1742 std=0.2297
qos debug       qos_viol_steps_mean=174.20 qos_allow_on_steps_mean=173.90 norm_drop_step_mean=0.027927 qos_sum_mean=-136.890 qos_penalty_per_viol_step_mean=-0.285846
cd mask debug   dbg_cd_block_mask_val_last_mean=-999.00 dbg_cd_block_mask_samples_mean=0.00 cd_block_mask_mismatch_count_mean=0.00
toggles applied mean=4.00 reverted mean=0.00
toggles total   mean=4.00 std=1.26 rate=0.0040
toggles dir     toggled_on mean=2.90 toggled_off mean=1.10
off budget      used mean=1.10 blocked mean=0.00
total budget    used mean=3.50 blocked mean=0.40
on-edge budget  max_on_edges=16 blocked_on_actions_mean=43.30
toggle gates   attempted=4.00 (0.0040/step) allowed=3.60 (0.0036/step) blocked_budget=0.40 (0.0004/step) blocked_util=0.00 (0.0000/step) blocked_cd=0.00 (0.0000/step) blocked_off_stress=0.00 (0.0000/step) emergency_on_applied=0.50 max_util_mean=0.6113 applied=4.00 (0.0040/step)
gate counters  edge_cd=0.00 global_cd=0.00 budget=0.00 util=0.00 off_stress=0.00 qos_off=0.00 qos_on=0.00
mask stats      valid/step mean=1.12 decision_steps mean=100.00 valid@decision mean=2.16 mask_calls_mean=1000.00
mask split      toggles/step=0.12 on/step=0.10 off/step=0.02 noop/step=1.00
mask split@dec  toggles=1.16 on=0.99 off=0.17 noop=1.00
valid_on_actions@decision mean=0.99
on blockers    top=[('on_disabled_by_global_cd', 1264), ('on_disabled_by_interval', 0), ('on_disabled_by_missing_edge', 0), ('on_disabled_by_invalid_index', 0), ('on_disabled_by_edge_cooldown', 0)]
on blockers    top_ex_missing=[('on_disabled_by_global_cd', 1264), ('on_disabled_by_interval', 0), ('on_disabled_by_invalid_index', 0), ('on_disabled_by_edge_cooldown', 0), ('on_disabled_by_qos_gate', 0)]
on availability early20 mean=1.55 frac_decision_with_any_on=0.473 noop_chosen@decision=0.960
edge state      on_edges_mean=15.75 off_edges_mean=2.25 toggle_budget_remaining_mean=0.86
off saturation  off_edges_first20_dec_mean=2.28 off_edges_all_dec_mean=2.24 decision_step_off_zero_mean=-1.00
demand stats:   mean_demand_per_step=36.327

=== Evaluation: always_noop (det, 10 episodes) ===
traffic cfg:    model=stochastic seed=None avg_bursts=2.0 p_elephant=0.05 scenario=burst disable_off_actions=False initial_off_edges=4
edge universe   size_mean=18.00 initial_off_requested_mean=4.00 initial_off_applied_mean=4.00
episode_reward: mean=-1665.334 std=660.226
energy_kwh:     mean=1.538889 std=0.093789
dropped:        mean=2640.830 std=382.575
delivered:      mean=33640.072 std=2051.207
norm_drop:      mean=0.07281 std=0.00991
reward_energy:  mean=-369.333 std=22.509
reward_drop:    mean=-788.578 std=91.770
reward_qos:     mean=-507.423 std=608.247
reward_toggle:  mean=0.000 std=0.000
reward_other:   mean=0.000 std=0.000
reward parts    total=-1665.334 energy=-369.333 drop=-788.578 qos=-507.423 toggle=0.000 other=0.000 | per_step total=-1.665334 energy=-0.369333 drop=-0.788578 qos=-0.507423 toggle=0.000000 other=0.000000
reward_toggle_on:  mean=0.000 std=0.000
reward_toggle_off: mean=0.000 std=0.000
reward_toggle_harm: mean=0.000 std=0.000
delta_dropped_after_toggle mean=0.0000
delta_qos_after_toggle mean=0.000000
pending_toggle_harm mean=0.000
toggle_harm_max_dd mean=0.000000
toggle_harm_max_dq mean=0.000000
qos_violation:  mean=0.3480 std=0.2586
qos debug       qos_viol_steps_mean=348.00 qos_allow_on_steps_mean=347.50 norm_drop_step_mean=0.031543 qos_sum_mean=-507.423 qos_penalty_per_viol_step_mean=-0.855288
cd mask debug   dbg_cd_block_mask_val_last_mean=-999.00 dbg_cd_block_mask_samples_mean=0.00 cd_block_mask_mismatch_count_mean=0.00
toggles applied mean=0.00 reverted mean=0.00
toggles total   mean=0.00 std=0.00 rate=0.0000
toggles dir     toggled_on mean=0.00 toggled_off mean=0.00
off budget      used mean=0.00 blocked mean=0.00
total budget    used mean=0.00 blocked mean=0.00
on-edge budget  max_on_edges=16 blocked_on_actions_mean=0.00
toggle gates   attempted=0.00 (0.0000/step) allowed=0.00 (0.0000/step) blocked_budget=0.00 (0.0000/step) blocked_util=0.00 (0.0000/step) blocked_cd=0.00 (0.0000/step) blocked_off_stress=0.00 (0.0000/step) emergency_on_applied=0.00 max_util_mean=0.6217 applied=0.00 (0.0000/step)
gate counters  edge_cd=0.00 global_cd=0.00 budget=0.00 util=0.00 off_stress=0.00 qos_off=0.00 qos_on=0.00
mask stats      valid/step mean=1.43 decision_steps mean=100.00 valid@decision mean=5.25 mask_calls_mean=1000.00
mask split      toggles/step=0.43 on/step=0.40 off/step=0.03 noop/step=1.00
mask split@dec  toggles=4.25 on=4.00 off=0.25 noop=1.00
valid_on_actions@decision mean=4.00
on blockers    top=[('on_disabled_by_interval', 0), ('on_disabled_by_missing_edge', 0), ('on_disabled_by_invalid_index', 0), ('on_disabled_by_edge_cooldown', 0), ('on_disabled_by_global_cd', 0)]
on blockers    top_ex_missing=[('on_disabled_by_interval', 0), ('on_disabled_by_invalid_index', 0), ('on_disabled_by_edge_cooldown', 0), ('on_disabled_by_global_cd', 0), ('on_disabled_by_qos_gate', 0)]
on availability early20 mean=4.00 frac_decision_with_any_on=1.000 noop_chosen@decision=1.000
edge state      on_edges_mean=14.00 off_edges_mean=4.00 toggle_budget_remaining_mean=4.00
off saturation  off_edges_first20_dec_mean=4.00 off_edges_all_dec_mean=4.00 decision_step_off_zero_mean=-1.00
demand stats:   mean_demand_per_step=36.327

[summary:CUSTOM] trained(det) vs noop: better=YES Δreward=+443.627 Δenergy=+0.109167 Δdropped=-324.535 (pass: offstart(dropped+energy))
[summary:CUSTOM] trained(stoch) vs noop: better=YES Δreward=+400.213 Δenergy=+0.098089 Δdropped=-308.978 (pass: offstart(dropped+energy))
[summary:CUSTOM] random_masked(stoch) vs noop: better=YES Δreward=+436.455 Δenergy=+0.097100 Δdropped=-329.414 (pass: offstart(dropped+energy))
