$ /Users/oltazagraxha/Desktop/GreenNet/.venv/bin/python /Users/oltazagraxha/Desktop/GreenNet/experiments/run_matrix.py --seeds 0,1,2,3,4 --scenarios custom,diurnal,flash_crowd,hotspot,normal --policies all_on,heuristic,ppo --episodes 20 --steps 300 --out-dir /Users/oltazagraxha/Desktop/GreenNet/results --runs-dir /Users/oltazagraxha/Desktop/GreenNet/runs --tag official_acceptance_v1 --matrix-manifest /Users/oltazagraxha/Desktop/GreenNet/configs/acceptance_matrices/official_acceptance_v1.json --deterministic --routing-baseline min_hop_single_path --routing-link-cost-model unit

[stdout]
[matrix] case=small_normal seed=0 scenario=normal policy=all_on -> OK (/Users/oltazagraxha/Desktop/GreenNet/results/20260410_153209__policy-all_on__scenario-normal__seed-0__tag-official_acceptance_v1)
[matrix] case=small_normal seed=0 scenario=normal policy=heuristic -> OK (/Users/oltazagraxha/Desktop/GreenNet/results/20260410_153213__policy-heuristic__scenario-normal__seed-0__tag-official_acceptance_v1)
[matrix] case=small_normal seed=0 scenario=normal policy=ppo -> OK (/Users/oltazagraxha/Desktop/GreenNet/results/20260410_153216__policy-ppo__scenario-normal__seed-0__tag-official_acceptance_v1)
[matrix] case=small_normal seed=1 scenario=normal policy=all_on -> OK (/Users/oltazagraxha/Desktop/GreenNet/results/20260410_153221__policy-all_on__scenario-normal__seed-1__tag-official_acceptance_v1)
[matrix] case=small_normal seed=1 scenario=normal policy=heuristic -> OK (/Users/oltazagraxha/Desktop/GreenNet/results/20260410_153224__policy-heuristic__scenario-normal__seed-1__tag-official_acceptance_v1)
[matrix] case=small_normal seed=1 scenario=normal policy=ppo -> OK (/Users/oltazagraxha/Desktop/GreenNet/results/20260410_153227__policy-ppo__scenario-normal__seed-1__tag-official_acceptance_v1)
[matrix] case=small_normal seed=2 scenario=normal policy=all_on -> OK (/Users/oltazagraxha/Desktop/GreenNet/results/20260410_153232__policy-all_on__scenario-normal__seed-2__tag-official_acceptance_v1)
[matrix] case=small_normal seed=2 scenario=normal policy=heuristic -> OK (/Users/oltazagraxha/Desktop/GreenNet/results/20260410_153235__policy-heuristic__scenario-normal__seed-2__tag-official_acceptance_v1)
[matrix] case=small_normal seed=2 scenario=normal policy=ppo -> OK (/Users/oltazagraxha/Desktop/GreenNet/results/20260410_153238__policy-ppo__scenario-normal__seed-2__tag-official_acceptance_v1)
[matrix] case=small_normal seed=3 scenario=normal policy=all_on -> OK (/Users/oltazagraxha/Desktop/GreenNet/results/20260410_153243__policy-all_on__scenario-normal__seed-3__tag-official_acceptance_v1)
[matrix] case=small_normal seed=3 scenario=normal policy=heuristic -> OK (/Users/oltazagraxha/Desktop/GreenNet/results/20260410_153246__policy-heuristic__scenario-normal__seed-3__tag-official_acceptance_v1)
[matrix] case=small_normal seed=3 scenario=normal policy=ppo -> OK (/Users/oltazagraxha/Desktop/GreenNet/results/20260410_153249__policy-ppo__scenario-normal__seed-3__tag-official_acceptance_v1)
[matrix] case=small_normal seed=4 scenario=normal policy=all_on -> OK (/Users/oltazagraxha/Desktop/GreenNet/results/20260410_153254__policy-all_on__scenario-normal__seed-4__tag-official_acceptance_v1)
[matrix] case=small_normal seed=4 scenario=normal policy=heuristic -> OK (/Users/oltazagraxha/Desktop/GreenNet/results/20260410_153257__policy-heuristic__scenario-normal__seed-4__tag-official_acceptance_v1)
[matrix] case=small_normal seed=4 scenario=normal policy=ppo -> OK (/Users/oltazagraxha/Desktop/GreenNet/results/20260410_153300__policy-ppo__scenario-normal__seed-4__tag-official_acceptance_v1)
[matrix] case=small_commuter_replay seed=0 scenario=custom policy=all_on -> OK (/Users/oltazagraxha/Desktop/GreenNet/results/20260410_153305__policy-all_on__scenario-custom__seed-0__tag-official_acceptance_v1)
[matrix] case=small_commuter_replay seed=0 scenario=custom policy=heuristic -> OK (/Users/oltazagraxha/Desktop/GreenNet/results/20260410_153308__policy-heuristic__scenario-custom__seed-0__tag-official_acceptance_v1)
[matrix] case=small_commuter_replay seed=0 scenario=custom policy=ppo -> OK (/Users/oltazagraxha/Desktop/GreenNet/results/20260410_153312__policy-ppo__scenario-custom__seed-0__tag-official_acceptance_v1)
[matrix] case=small_commuter_replay seed=1 scenario=custom policy=all_on -> OK (/Users/oltazagraxha/Desktop/GreenNet/results/20260410_153318__policy-all_on__scenario-custom__seed-1__tag-official_acceptance_v1)
[matrix] case=small_commuter_replay seed=1 scenario=custom policy=heuristic -> OK (/Users/oltazagraxha/Desktop/GreenNet/results/20260410_153321__policy-heuristic__scenario-custom__seed-1__tag-official_acceptance_v1)
[matrix] case=small_commuter_replay seed=1 scenario=custom policy=ppo -> OK (/Users/oltazagraxha/Desktop/GreenNet/results/20260410_153325__policy-ppo__scenario-custom__seed-1__tag-official_acceptance_v1)
[matrix] case=small_commuter_replay seed=2 scenario=custom policy=all_on -> OK (/Users/oltazagraxha/Desktop/GreenNet/results/20260410_153330__policy-all_on__scenario-custom__seed-2__tag-official_acceptance_v1)
[matrix] case=small_commuter_replay seed=2 scenario=custom policy=heuristic -> OK (/Users/oltazagraxha/Desktop/GreenNet/results/20260410_153334__policy-heuristic__scenario-custom__seed-2__tag-official_acceptance_v1)
[matrix] case=small_commuter_replay seed=2 scenario=custom policy=ppo -> OK (/Users/oltazagraxha/Desktop/GreenNet/results/20260410_153338__policy-ppo__scenario-custom__seed-2__tag-official_acceptance_v1)
[matrix] case=small_commuter_replay seed=3 scenario=custom policy=all_on -> OK (/Users/oltazagraxha/Desktop/GreenNet/results/20260410_153343__policy-all_on__scenario-custom__seed-3__tag-official_acceptance_v1)
[matrix] case=small_commuter_replay seed=3 scenario=custom policy=heuristic -> OK (/Users/oltazagraxha/Desktop/GreenNet/results/20260410_153347__policy-heuristic__scenario-custom__seed-3__tag-official_acceptance_v1)
[matrix] case=small_commuter_replay seed=3 scenario=custom policy=ppo -> OK (/Users/oltazagraxha/Desktop/GreenNet/results/20260410_153351__policy-ppo__scenario-custom__seed-3__tag-official_acceptance_v1)
[matrix] case=small_commuter_replay seed=4 scenario=custom policy=all_on -> OK (/Users/oltazagraxha/Desktop/GreenNet/results/20260410_153356__policy-all_on__scenario-custom__seed-4__tag-official_acceptance_v1)
[matrix] case=small_commuter_replay seed=4 scenario=custom policy=heuristic -> OK (/Users/oltazagraxha/Desktop/GreenNet/results/20260410_153400__policy-heuristic__scenario-custom__seed-4__tag-official_acceptance_v1)
[matrix] case=small_commuter_replay seed=4 scenario=custom policy=ppo -> OK (/Users/oltazagraxha/Desktop/GreenNet/results/20260410_153404__policy-ppo__scenario-custom__seed-4__tag-official_acceptance_v1)
[matrix] case=medium_diurnal seed=0 scenario=diurnal policy=all_on -> OK (/Users/oltazagraxha/Desktop/GreenNet/results/20260410_153409__policy-all_on__scenario-diurnal__seed-0__tag-official_acceptance_v1)
[matrix] case=medium_diurnal seed=0 scenario=diurnal policy=heuristic -> OK (/Users/oltazagraxha/Desktop/GreenNet/results/20260410_153412__policy-heuristic__scenario-diurnal__seed-0__tag-official_acceptance_v1)
[matrix] case=medium_diurnal seed=0 scenario=diurnal policy=ppo -> OK (/Users/oltazagraxha/Desktop/GreenNet/results/20260410_153415__policy-ppo__scenario-diurnal__seed-0__tag-official_acceptance_v1)
[matrix] case=medium_diurnal seed=1 scenario=diurnal policy=all_on -> OK (/Users/oltazagraxha/Desktop/GreenNet/results/20260410_153420__policy-all_on__scenario-diurnal__seed-1__tag-official_acceptance_v1)
[matrix] case=medium_diurnal seed=1 scenario=diurnal policy=heuristic -> OK (/Users/oltazagraxha/Desktop/GreenNet/results/20260410_153422__policy-heuristic__scenario-diurnal__seed-1__tag-official_acceptance_v1)
[matrix] case=medium_diurnal seed=1 scenario=diurnal policy=ppo -> OK (/Users/oltazagraxha/Desktop/GreenNet/results/20260410_153426__policy-ppo__scenario-diurnal__seed-1__tag-official_acceptance_v1)
[matrix] case=medium_diurnal seed=2 scenario=diurnal policy=all_on -> OK (/Users/oltazagraxha/Desktop/GreenNet/results/20260410_153430__policy-all_on__scenario-diurnal__seed-2__tag-official_acceptance_v1)
[matrix] case=medium_diurnal seed=2 scenario=diurnal policy=heuristic -> OK (/Users/oltazagraxha/Desktop/GreenNet/results/20260410_153433__policy-heuristic__scenario-diurnal__seed-2__tag-official_acceptance_v1)
[matrix] case=medium_diurnal seed=2 scenario=diurnal policy=ppo -> OK (/Users/oltazagraxha/Desktop/GreenNet/results/20260410_153436__policy-ppo__scenario-diurnal__seed-2__tag-official_acceptance_v1)
[matrix] case=medium_diurnal seed=3 scenario=diurnal policy=all_on -> OK (/Users/oltazagraxha/Desktop/GreenNet/results/20260410_153441__policy-all_on__scenario-diurnal__seed-3__tag-official_acceptance_v1)
[matrix] case=medium_diurnal seed=3 scenario=diurnal policy=heuristic -> OK (/Users/oltazagraxha/Desktop/GreenNet/results/20260410_153444__policy-heuristic__scenario-diurnal__seed-3__tag-official_acceptance_v1)
[matrix] case=medium_diurnal seed=3 scenario=diurnal policy=ppo -> OK (/Users/oltazagraxha/Desktop/GreenNet/results/20260410_153448__policy-ppo__scenario-diurnal__seed-3__tag-official_acceptance_v1)
[matrix] case=medium_diurnal seed=4 scenario=diurnal policy=all_on -> OK (/Users/oltazagraxha/Desktop/GreenNet/results/20260410_153452__policy-all_on__scenario-diurnal__seed-4__tag-official_acceptance_v1)
[matrix] case=medium_diurnal seed=4 scenario=diurnal policy=heuristic -> OK (/Users/oltazagraxha/Desktop/GreenNet/results/20260410_153455__policy-heuristic__scenario-diurnal__seed-4__tag-official_acceptance_v1)
[matrix] case=medium_diurnal seed=4 scenario=diurnal policy=ppo -> OK (/Users/oltazagraxha/Desktop/GreenNet/results/20260410_153458__policy-ppo__scenario-diurnal__seed-4__tag-official_acceptance_v1)
[matrix] case=medium_hotspot seed=0 scenario=hotspot policy=all_on -> OK (/Users/oltazagraxha/Desktop/GreenNet/results/20260410_153503__policy-all_on__scenario-hotspot__seed-0__tag-official_acceptance_v1)
[matrix] case=medium_hotspot seed=0 scenario=hotspot policy=heuristic -> OK (/Users/oltazagraxha/Desktop/GreenNet/results/20260410_153506__policy-heuristic__scenario-hotspot__seed-0__tag-official_acceptance_v1)
[matrix] case=medium_hotspot seed=0 scenario=hotspot policy=ppo -> OK (/Users/oltazagraxha/Desktop/GreenNet/results/20260410_153510__policy-ppo__scenario-hotspot__seed-0__tag-official_acceptance_v1)
[matrix] case=medium_hotspot seed=1 scenario=hotspot policy=all_on -> OK (/Users/oltazagraxha/Desktop/GreenNet/results/20260410_153514__policy-all_on__scenario-hotspot__seed-1__tag-official_acceptance_v1)
[matrix] case=medium_hotspot seed=1 scenario=hotspot policy=heuristic -> OK (/Users/oltazagraxha/Desktop/GreenNet/results/20260410_153517__policy-heuristic__scenario-hotspot__seed-1__tag-official_acceptance_v1)
[matrix] case=medium_hotspot seed=1 scenario=hotspot policy=ppo -> OK (/Users/oltazagraxha/Desktop/GreenNet/results/20260410_153520__policy-ppo__scenario-hotspot__seed-1__tag-official_acceptance_v1)
[matrix] case=medium_hotspot seed=2 scenario=hotspot policy=all_on -> OK (/Users/oltazagraxha/Desktop/GreenNet/results/20260410_153525__policy-all_on__scenario-hotspot__seed-2__tag-official_acceptance_v1)
[matrix] case=medium_hotspot seed=2 scenario=hotspot policy=heuristic -> OK (/Users/oltazagraxha/Desktop/GreenNet/results/20260410_153528__policy-heuristic__scenario-hotspot__seed-2__tag-official_acceptance_v1)
[matrix] case=medium_hotspot seed=2 scenario=hotspot policy=ppo -> OK (/Users/oltazagraxha/Desktop/GreenNet/results/20260410_153531__policy-ppo__scenario-hotspot__seed-2__tag-official_acceptance_v1)
[matrix] case=medium_hotspot seed=3 scenario=hotspot policy=all_on -> OK (/Users/oltazagraxha/Desktop/GreenNet/results/20260410_153536__policy-all_on__scenario-hotspot__seed-3__tag-official_acceptance_v1)
[matrix] case=medium_hotspot seed=3 scenario=hotspot policy=heuristic -> OK (/Users/oltazagraxha/Desktop/GreenNet/results/20260410_153539__policy-heuristic__scenario-hotspot__seed-3__tag-official_acceptance_v1)
[matrix] case=medium_hotspot seed=3 scenario=hotspot policy=ppo -> OK (/Users/oltazagraxha/Desktop/GreenNet/results/20260410_153542__policy-ppo__scenario-hotspot__seed-3__tag-official_acceptance_v1)
[matrix] case=medium_hotspot seed=4 scenario=hotspot policy=all_on -> OK (/Users/oltazagraxha/Desktop/GreenNet/results/20260410_153547__policy-all_on__scenario-hotspot__seed-4__tag-official_acceptance_v1)
[matrix] case=medium_hotspot seed=4 scenario=hotspot policy=heuristic -> OK (/Users/oltazagraxha/Desktop/GreenNet/results/20260410_153550__policy-heuristic__scenario-hotspot__seed-4__tag-official_acceptance_v1)
[matrix] case=medium_hotspot seed=4 scenario=hotspot policy=ppo -> OK (/Users/oltazagraxha/Desktop/GreenNet/results/20260410_153553__policy-ppo__scenario-hotspot__seed-4__tag-official_acceptance_v1)
[matrix] case=large_flash_crowd seed=0 scenario=flash_crowd policy=all_on -> OK (/Users/oltazagraxha/Desktop/GreenNet/results/20260410_153558__policy-all_on__scenario-flash_crowd__seed-0__tag-official_acceptance_v1)
[matrix] case=large_flash_crowd seed=0 scenario=flash_crowd policy=heuristic -> OK (/Users/oltazagraxha/Desktop/GreenNet/results/20260410_153603__policy-heuristic__scenario-flash_crowd__seed-0__tag-official_acceptance_v1)
[matrix] case=large_flash_crowd seed=0 scenario=flash_crowd policy=ppo -> OK (/Users/oltazagraxha/Desktop/GreenNet/results/20260410_153610__policy-ppo__scenario-flash_crowd__seed-0__tag-official_acceptance_v1)
[matrix] case=large_flash_crowd seed=1 scenario=flash_crowd policy=all_on -> OK (/Users/oltazagraxha/Desktop/GreenNet/results/20260410_153617__policy-all_on__scenario-flash_crowd__seed-1__tag-official_acceptance_v1)
[matrix] case=large_flash_crowd seed=1 scenario=flash_crowd policy=heuristic -> OK (/Users/oltazagraxha/Desktop/GreenNet/results/20260410_153623__policy-heuristic__scenario-flash_crowd__seed-1__tag-official_acceptance_v1)
[matrix] case=large_flash_crowd seed=1 scenario=flash_crowd policy=ppo -> OK (/Users/oltazagraxha/Desktop/GreenNet/results/20260410_153629__policy-ppo__scenario-flash_crowd__seed-1__tag-official_acceptance_v1)
[matrix] case=large_flash_crowd seed=2 scenario=flash_crowd policy=all_on -> OK (/Users/oltazagraxha/Desktop/GreenNet/results/20260410_153637__policy-all_on__scenario-flash_crowd__seed-2__tag-official_acceptance_v1)
[matrix] case=large_flash_crowd seed=2 scenario=flash_crowd policy=heuristic -> OK (/Users/oltazagraxha/Desktop/GreenNet/results/20260410_153643__policy-heuristic__scenario-flash_crowd__seed-2__tag-official_acceptance_v1)
[matrix] case=large_flash_crowd seed=2 scenario=flash_crowd policy=ppo -> OK (/Users/oltazagraxha/Desktop/GreenNet/results/20260410_153649__policy-ppo__scenario-flash_crowd__seed-2__tag-official_acceptance_v1)
[matrix] case=large_flash_crowd seed=3 scenario=flash_crowd policy=all_on -> OK (/Users/oltazagraxha/Desktop/GreenNet/results/20260410_153657__policy-all_on__scenario-flash_crowd__seed-3__tag-official_acceptance_v1)
[matrix] case=large_flash_crowd seed=3 scenario=flash_crowd policy=heuristic -> OK (/Users/oltazagraxha/Desktop/GreenNet/results/20260410_153703__policy-heuristic__scenario-flash_crowd__seed-3__tag-official_acceptance_v1)
[matrix] case=large_flash_crowd seed=3 scenario=flash_crowd policy=ppo -> OK (/Users/oltazagraxha/Desktop/GreenNet/results/20260410_153709__policy-ppo__scenario-flash_crowd__seed-3__tag-official_acceptance_v1)
[matrix] case=large_flash_crowd seed=4 scenario=flash_crowd policy=all_on -> OK (/Users/oltazagraxha/Desktop/GreenNet/results/20260410_153717__policy-all_on__scenario-flash_crowd__seed-4__tag-official_acceptance_v1)
[matrix] case=large_flash_crowd seed=4 scenario=flash_crowd policy=heuristic -> OK (/Users/oltazagraxha/Desktop/GreenNet/results/20260410_153723__policy-heuristic__scenario-flash_crowd__seed-4__tag-official_acceptance_v1)
[matrix] case=large_flash_crowd seed=4 scenario=flash_crowd policy=ppo -> OK (/Users/oltazagraxha/Desktop/GreenNet/results/20260410_153729__policy-ppo__scenario-flash_crowd__seed-4__tag-official_acceptance_v1)
[matrix] case=large_flash_replay seed=0 scenario=custom policy=all_on -> OK (/Users/oltazagraxha/Desktop/GreenNet/results/20260410_153736__policy-all_on__scenario-custom__seed-0__tag-official_acceptance_v1)
[matrix] case=large_flash_replay seed=0 scenario=custom policy=heuristic -> OK (/Users/oltazagraxha/Desktop/GreenNet/results/20260410_153739__policy-heuristic__scenario-custom__seed-0__tag-official_acceptance_v1)
[matrix] case=large_flash_replay seed=0 scenario=custom policy=ppo -> OK (/Users/oltazagraxha/Desktop/GreenNet/results/20260410_153742__policy-ppo__scenario-custom__seed-0__tag-official_acceptance_v1)
[matrix] case=large_flash_replay seed=1 scenario=custom policy=all_on -> OK (/Users/oltazagraxha/Desktop/GreenNet/results/20260410_153747__policy-all_on__scenario-custom__seed-1__tag-official_acceptance_v1)
[matrix] case=large_flash_replay seed=1 scenario=custom policy=heuristic -> OK (/Users/oltazagraxha/Desktop/GreenNet/results/20260410_153749__policy-heuristic__scenario-custom__seed-1__tag-official_acceptance_v1)
[matrix] case=large_flash_replay seed=1 scenario=custom policy=ppo -> OK (/Users/oltazagraxha/Desktop/GreenNet/results/20260410_153752__policy-ppo__scenario-custom__seed-1__tag-official_acceptance_v1)
[matrix] case=large_flash_replay seed=2 scenario=custom policy=all_on -> OK (/Users/oltazagraxha/Desktop/GreenNet/results/20260410_153757__policy-all_on__scenario-custom__seed-2__tag-official_acceptance_v1)
[matrix] case=large_flash_replay seed=2 scenario=custom policy=heuristic -> OK (/Users/oltazagraxha/Desktop/GreenNet/results/20260410_153800__policy-heuristic__scenario-custom__seed-2__tag-official_acceptance_v1)
[matrix] case=large_flash_replay seed=2 scenario=custom policy=ppo -> OK (/Users/oltazagraxha/Desktop/GreenNet/results/20260410_153803__policy-ppo__scenario-custom__seed-2__tag-official_acceptance_v1)
[matrix] case=large_flash_replay seed=3 scenario=custom policy=all_on -> OK (/Users/oltazagraxha/Desktop/GreenNet/results/20260410_153807__policy-all_on__scenario-custom__seed-3__tag-official_acceptance_v1)
[matrix] case=large_flash_replay seed=3 scenario=custom policy=heuristic -> OK (/Users/oltazagraxha/Desktop/GreenNet/results/20260410_153810__policy-heuristic__scenario-custom__seed-3__tag-official_acceptance_v1)
[matrix] case=large_flash_replay seed=3 scenario=custom policy=ppo -> OK (/Users/oltazagraxha/Desktop/GreenNet/results/20260410_153813__policy-ppo__scenario-custom__seed-3__tag-official_acceptance_v1)
[matrix] case=large_flash_replay seed=4 scenario=custom policy=all_on -> OK (/Users/oltazagraxha/Desktop/GreenNet/results/20260410_153817__policy-all_on__scenario-custom__seed-4__tag-official_acceptance_v1)
[matrix] case=large_flash_replay seed=4 scenario=custom policy=heuristic -> OK (/Users/oltazagraxha/Desktop/GreenNet/results/20260410_153820__policy-heuristic__scenario-custom__seed-4__tag-official_acceptance_v1)
[matrix] case=large_flash_replay seed=4 scenario=custom policy=ppo -> OK (/Users/oltazagraxha/Desktop/GreenNet/results/20260410_153823__policy-ppo__scenario-custom__seed-4__tag-official_acceptance_v1)
[matrix] results_summary.csv saved to /Users/oltazagraxha/Desktop/GreenNet/results/results_summary_official_acceptance_v1.csv

[stderr]


[returncode] 0
